<?xml version="1.0" encoding="ascii"?>
<!DOCTYPE html PUBLIC "-//W3C//DTD XHTML 1.0 Transitional//EN"
          "DTD/xhtml1-transitional.dtd">
<html xmlns="http://www.w3.org/1999/xhtml" xml:lang="en" lang="en">
<head>
  <title>test_suite.unit_tests.base_classes.UnitTestCase</title>
  <link rel="stylesheet" href="epydoc.css" type="text/css" />
  <script type="text/javascript" src="epydoc.js"></script>
  <!--Google analytics JS-->
  <script type="text/javascript">

    var _gaq = _gaq || [];
    _gaq.push(['_setAccount', 'UA-30096326-1']);
    _gaq.push(['_setDomainName', 'nmr-relax.com']);
    _gaq.push(['_trackPageview']);

    (function() {
      var ga = document.createElement('script'); ga.type = 'text/javascript'; ga.async = true;
      ga.src = ('https:' == document.location.protocol ? 'https://ssl' : 'http://www') + '.google-analytics.com/ga.js';
      var s = document.getElementsByTagName('script')[0]; s.parentNode.insertBefore(ga, s);
    })();

  </script>
</head>

<body bgcolor="white" text="black" link="blue" vlink="#204080"
      alink="#204080">
<!-- ==================== NAVIGATION BAR ==================== -->
<table class="navbar" border="0" width="100%" cellpadding="0"
       bgcolor="#a0c0ff" cellspacing="0">
  <tr valign="middle">

  <!-- Tree link -->
      <th>&nbsp;&nbsp;&nbsp;<a
        href="module-tree.html">Trees</a>&nbsp;&nbsp;&nbsp;</th>

  <!-- Index link -->
      <th>&nbsp;&nbsp;&nbsp;<a
        href="identifier-index.html">Indices</a>&nbsp;&nbsp;&nbsp;</th>

  <!-- Help link -->
      <th>&nbsp;&nbsp;&nbsp;<a
        href="help.html">Help</a>&nbsp;&nbsp;&nbsp;</th>

  <!-- Project homepage -->
      <th class="navbar" align="right" width="100%">
        <table border="0" cellpadding="0" cellspacing="0">
          <tr><th class="navbar" align="center"
            ><a class="navbar" target="_top" href="http://www.nmr-relax.com">relax</a></th>
          </tr></table></th>
  </tr>
</table>
<table width="100%" cellpadding="0" cellspacing="0">
  <tr valign="top">
    <td width="100%">
      <span class="breadcrumbs">
        <a href="test_suite-module.html">Package&nbsp;test_suite</a> ::
        <a href="test_suite.unit_tests-module.html">Package&nbsp;unit_tests</a> ::
        <a href="test_suite.unit_tests.base_classes-module.html">Module&nbsp;base_classes</a> ::
        Class&nbsp;UnitTestCase
      </span>
    </td>
    <td>
      <table cellpadding="0" cellspacing="0">
        <!-- hide/show private -->
        <tr><td align="right"><span class="options">[<a href="javascript:void(0);" class="privatelink"
    onclick="toggle_private();">hide&nbsp;private</a>]</span></td></tr>
        <tr><td align="right"><span class="options"
            >[<a href="frames.html" target="_top">frames</a
            >]&nbsp;|&nbsp;<a href="test_suite.unit_tests.base_classes.UnitTestCase-class.html"
            target="_top">no&nbsp;frames</a>]</span></td></tr>
      </table>
    </td>
  </tr>
</table>
<!-- ==================== CLASS DESCRIPTION ==================== -->
<h1 class="epydoc">Class UnitTestCase</h1><p class="nomargin-top"><span class="codelink"><a href="test_suite.unit_tests.base_classes-pysrc.html#UnitTestCase">source&nbsp;code</a></span></p>
<center>
<center>  <map id="uml_class_diagram_for_test_suite_unit_tests_base_classes_unittestcase" name="uml_class_diagram_for_test_suite_unit_tests_base_classes_unittestcase">
<area shape="rect" id="node1" href="test_suite.unit_tests._lib._linear_algebra.test___init__.Test___init__-class.html" title="Unit tests for the lib.linear_algebra package." alt="" coords="12118,552,12422,591"/>
<area shape="rect" id="node2" href="test_suite.unit_tests._specific_analyses.test___init__.Test___init__-class.html" title="Unit tests for the specific_analyses package." alt="" coords="12451,552,12755,591"/>
<area shape="rect" id="node3" href="test_suite.unit_tests._pipe_control.test_mol_res_spin.Test_mol_res_spin-class.html" title="Unit tests for the functions of the &#39;pipe_control.mol_res_spin&#39; module." alt="" coords="11031,495,11365,533"/>
<area shape="rect" id="node4" href="test_suite.unit_tests._lib._geometry.test___init__.Test___init__-class.html" title="Unit tests for the lib.geometry package." alt="" coords="12785,552,13062,591"/>
<area shape="rect" id="node5" href="test_suite.unit_tests._lib._dispersion.test___init__.Test___init__-class.html" title="Unit tests for the lib.dispersion package." alt="" coords="13092,552,13376,591"/>
<area shape="rect" id="node6" href="test_suite.unit_tests._prompt.test___init__.Test___init__-class.html" title="Unit tests for the prompt package." alt="" coords="13406,552,13646,591"/>
<area shape="rect" id="node7" href="test_suite.unit_tests._prompt.test_n_state_model.Test_n_state_model-class.html" title="Unit tests for the functions of the &#39;prompt.n_state_model&#39; module." alt="" coords="3093,552,3413,591"/>
<area shape="rect" id="node8" href="test_suite.unit_tests._specific_analyses._noe.test___init__.Test___init__-class.html" title="Unit tests for the specific_analyses.noe package." alt="" coords="13675,552,14011,591"/>
<area shape="rect" id="node9" href="test_suite.unit_tests.diffusion_tensor_testing_base.Diffusion_tensor_base_class-class.html" title="Base class for the tests of the diffusion tensor modules." alt="" coords="1349,495,1725,533"/>
<area shape="rect" id="node47" href="test_suite.unit_tests._prompt.test_diffusion_tensor.Test_diffusion_tensor-class.html" title="Unit tests for the functions of the &#39;prompt.diffusion_tensor&#39; module." alt="" coords="997,552,1327,591"/>
<area shape="rect" id="node65" href="test_suite.unit_tests._pipe_control.test_diffusion_tensor.Test_diffusion_tensor-class.html" title="Unit tests for the functions of the &#39;pipe_control.diffusion_tensor&#39; module." alt="" coords="1357,552,1717,591"/>
<area shape="rect" id="node10" href="test_suite.unit_tests._pipe_control.test_spin.Test_spin-class.html" title="Unit tests for the functions of the &#39;pipe_control.spin&#39; module." alt="" coords="5,552,233,591"/>
<area shape="rect" id="node11" href="test_suite.unit_tests._specific_analyses._relax_fit.test___init__.Test___init__-class.html" title="Unit tests for the specific_analyses.relax_fit package." alt="" coords="14041,552,14401,591"/>
<area shape="rect" id="node12" href="test_suite.unit_tests._pipe_control.test_value.Test_value-class.html" title="Unit tests for the functions of the &#39;pipe_control.value&#39; module." alt="" coords="491,552,729,591"/>
<area shape="rect" id="node13" href="test_suite.unit_tests._pipe_control.test___init__.Test___init__-class.html" title="Unit tests for the pipe_control package." alt="" coords="14843,552,15113,591"/>
<area shape="rect" id="node14" href="test_suite.unit_tests._specific_analyses._model_free.test___init__.Test___init__-class.html" title="Unit tests for the specific_analyses.model_free package." alt="" coords="15143,552,15520,591"/>
<area shape="rect" id="node15" href="test_suite.unit_tests.package_checking.PackageTestCase-class.html" title="Base class for the unit tests of the relax packages." alt="" coords="9933,495,10185,533"/>
<area shape="rect" id="node17" href="test_suite.unit_tests._lib._spectral_densities.test___init__.Test___init__-class.html" title="Unit tests for the lib.spectral_densities package." alt="" coords="10563,552,10892,591"/>
<area shape="rect" id="node19" href="test_suite.unit_tests._lib._structure._represent.test___init__.Test___init__-class.html" title="Unit tests for the lib.structure.represent package." alt="" coords="15549,552,15889,591"/>
<area shape="rect" id="node22" href="test_suite.unit_tests._specific_analyses._n_state_model.test___init__.Test___init__-class.html" title="Unit tests for the specific_analyses.n_state_model package." alt="" coords="15919,552,16319,591"/>
<area shape="rect" id="node24" href="test_suite.unit_tests._lib._structure.test___init__.Test___init__-class.html" title="Unit tests for the lib.structure package." alt="" coords="16349,552,16625,591"/>
<area shape="rect" id="node26" href="test_suite.unit_tests._lib.test___init__.Test___init__-class.html" title="Unit tests for the lib package." alt="" coords="16655,552,16869,591"/>
<area shape="rect" id="node27" href="test_suite.unit_tests._specific_analyses._consistency_tests.test___init__.Test___init__-class.html" title="Unit tests for the specific_analyses.consistency_tests package." alt="" coords="5092,552,5512,591"/>
<area shape="rect" id="node28" href="test_suite.unit_tests._user_functions.test___init__.Test___init__-class.html" title="Unit tests for the multi package." alt="" coords="5541,552,5825,591"/>
<area shape="rect" id="node30" href="test_suite.unit_tests._specific_analyses._relax_disp.test___init__.Test___init__-class.html" title="Unit tests for the specific_analyses.relax_disp package." alt="" coords="5855,552,6229,591"/>
<area shape="rect" id="node34" href="test_suite.unit_tests._lib._auto_relaxation.test___init__.Test___init__-class.html" title="Unit tests for the lib.auto_relaxation package." alt="" coords="6258,552,6570,591"/>
<area shape="rect" id="node48" href="test_suite.unit_tests._lib._sequence_alignment.test___init__.Test___init__-class.html" title="Unit tests for the lib.sequence_alignment package." alt="" coords="6599,552,6943,591"/>
<area shape="rect" id="node50" href="test_suite.unit_tests._lib._diffusion.test___init__.Test___init__-class.html" title="Unit tests for the lib.diffusion package." alt="" coords="6973,552,7245,591"/>
<area shape="rect" id="node53" href="test_suite.unit_tests._target_functions.test___init__.Test___init__-class.html" title="Unit tests for the target_functions package." alt="" coords="7275,552,7567,591"/>
<area shape="rect" id="node55" href="test_suite.unit_tests._lib._frame_order.test___init__.Test___init__-class.html" title="Unit tests for the lib.frame_order package." alt="" coords="7596,552,7888,591"/>
<area shape="rect" id="node58" href="test_suite.unit_tests._lib._software.test___init__.Test___init__-class.html" title="Unit tests for the lib.software package." alt="" coords="7918,552,8190,591"/>
<area shape="rect" id="node59" href="test_suite.unit_tests._specific_analyses._jw_mapping.test___init__.Test___init__-class.html" title="Unit tests for the specific_analyses.jw_mapping package." alt="" coords="14431,552,14813,591"/>
<area shape="rect" id="node61" href="test_suite.unit_tests._lib._order.test___init__.Test___init__-class.html" title="Unit tests for the lib.order package." alt="" coords="8220,552,8472,591"/>
<area shape="rect" id="node62" href="test_suite.unit_tests._lib._chemical_shift.test___init__.Test___init__-class.html" title="Unit tests for the lib.chemical_shift package." alt="" coords="8501,552,8809,591"/>
<area shape="rect" id="node64" href="test_suite.unit_tests._specific_analyses._frame_order.test___init__.Test___init__-class.html" title="Unit tests for the specific_analyses.frame_order package." alt="" coords="8839,552,9221,591"/>
<area shape="rect" id="node67" href="test_suite.unit_tests._lib._software._opendx.test___init__.Test___init__-class.html" title="Unit tests for the lib.software.opendx package." alt="" coords="9250,552,9575,591"/>
<area shape="rect" id="node69" href="test_suite.unit_tests._data_store.test___init__.Test___init__-class.html" title="Unit tests for the data_store package." alt="" coords="9605,552,9866,591"/>
<area shape="rect" id="node72" href="test_suite.unit_tests._lib._structure._internal.test___init__.Test___init__-class.html" title="Unit tests for the lib.structure.internal package." alt="" coords="9895,552,10223,591"/>
<area shape="rect" id="node73" href="test_suite.unit_tests._lib._alignment.test___init__.Test___init__-class.html" title="Unit tests for the lib.alignment package." alt="" coords="10253,552,10533,591"/>
<area shape="rect" id="node79" href="test_suite.unit_tests._pipe_control._structure.test___init__.Test___init__-class.html" title="Unit tests for the pipe_control.structure package." alt="" coords="10921,552,11253,591"/>
<area shape="rect" id="node82" href="test_suite.unit_tests._auto_analyses.test___init__.Test___init__-class.html" title="Unit tests for the auto_analyses package." alt="" coords="4779,552,5063,591"/>
<area shape="rect" id="node83" href="test_suite.unit_tests._lib._text.test___init__.Test___init__-class.html" title="Unit tests for the lib package." alt="" coords="11283,552,11529,591"/>
<area shape="rect" id="node84" href="test_suite.unit_tests._lib._curve_fit.test___init__.Test___init__-class.html" title="Unit tests for the lib.curve_fit package." alt="" coords="11558,552,11830,591"/>
<area shape="rect" id="node86" href="test_suite.unit_tests._multi.test___init__.Test___init__-class.html" title="Unit tests for the multi package." alt="" coords="11860,552,12088,591"/>
<area shape="rect" id="node16" href="test_suite.unit_tests._pipe_control.test_align_tensor.Test_align_tensor-class.html" title="Unit tests for the functions of the &#39;pipe_control.align_tensor&#39; module." alt="" coords="16898,552,17218,591"/>
<area shape="rect" id="node18" href="test_suite.unit_tests.model_free_testing_base.Model_free_base_class-class.html" title="Base class for tests of both the &#39;prompt.model_free&#39; and &#39;specific_analyses.model_free&#39; modules." alt="" coords="11761,495,12081,533"/>
<area shape="rect" id="node81" href="test_suite.unit_tests._prompt.test_model_free.Test_model_free-class.html" title="Unit tests for the functions of the &#39;prompt.model_free&#39; module." alt="" coords="17567,552,17843,591"/>
<area shape="rect" id="node20" href="test_suite.unit_tests._prompt.test_state.Test_state-class.html" title="Unit tests for the functions of the &#39;prompt.state&#39; module." alt="" coords="1746,552,1954,591"/>
<area shape="rect" id="node21" href="test_suite.unit_tests._prompt.test_residue.Test_residue-class.html" title="Unit tests for the functions of the &#39;prompt.residue&#39; module." alt="" coords="2253,552,2487,591"/>
<area shape="rect" id="node23" href="test_suite.unit_tests.state_testing_base.State_base_class-class.html" title="Base class for the tests of both the &#39;prompt.state&#39; and &#39;pipe_control.state&#39; modules." alt="" coords="1977,495,2230,533"/>
<area shape="rect" id="node45" href="test_suite.unit_tests._pipe_control.test_state.Test_state-class.html" title="Unit tests for the functions of the &#39;pipe_control.state&#39; module." alt="" coords="1984,552,2223,591"/>
<area shape="rect" id="node25" href="test_suite.unit_tests._lib._structure.test_pdb_write.Test_pdb_write-class.html" title="Unit tests for the functions of the &#39;lib.structure.pdb_write&#39; module." alt="" coords="12110,495,12406,533"/>
<area shape="rect" id="node29" href="test_suite.unit_tests._prompt.test_align_tensor.Test_align_tensor-class.html" title="Unit tests for the functions of the &#39;prompt.align_tensor&#39; module." alt="" coords="17248,552,17537,591"/>
<area shape="rect" id="node31" href="test_suite.unit_tests._prompt.test_structure.Test_structure-class.html" title="Unit tests for the functions of the &#39;prompt.structure&#39; module." alt="" coords="2811,552,3063,591"/>
<area shape="rect" id="node32_18" href="exceptions.AssertionError-class.html" title="Assertion failed." alt="" coords="2845,30,3303,50"/>
<area shape="rect" id="node32_19" href="javascript:void(0);" title="unittest.case.TestCase.longMessage" alt="" coords="2845,50,3303,70"/>
<area shape="rect" id="node32_20" href="javascript:void(0);" title="unittest.case.TestCase.maxDiff" alt="" coords="2845,70,3303,90"/>
<area shape="rect" id="node32_21" href="javascript:void(0);" title="unittest.case.TestCase.__call__" alt="" coords="2845,93,3303,113"/>
<area shape="rect" id="node32_22" href="javascript:void(0);" title="unittest.case.TestCase.__eq__" alt="" coords="2845,113,3303,133"/>
<area shape="rect" id="node32_23" href="javascript:void(0);" title="hash(x)" alt="" coords="2845,133,3303,153"/>
<area shape="rect" id="node32_24" href="javascript:void(0);" title="Create an instance of the class that will use the named test method when &#160;executed." alt="" coords="2845,153,3303,173"/>
<area shape="rect" id="node32_25" href="javascript:void(0);" title="unittest.case.TestCase.__ne__" alt="" coords="2845,173,3303,193"/>
<area shape="rect" id="node32_26" href="javascript:void(0);" title="repr(x)" alt="" coords="2845,193,3303,213"/>
<area shape="rect" id="node32_27" href="javascript:void(0);" title="str(x)" alt="" coords="2845,213,3303,233"/>
<area shape="rect" id="node32_28" href="javascript:void(0);" title="Add a function, with arguments, to be called when the test is completed." alt="" coords="2845,233,3303,253"/>
<area shape="rect" id="node32_29" href="javascript:void(0);" title="Add a type specific assertEqual style function to compare a type." alt="" coords="2845,253,3303,273"/>
<area shape="rect" id="node32_30" href="javascript:void(0);" title="Fail if the two objects are unequal as determined by their difference &#160;rounded to the given number of decimal places (default 7) and comparing to &#160;zero, or by comparing that the between the two objects is more than the &#160;given delta." alt="" coords="2845,273,3303,293"/>
<area shape="rect" id="node32_31" href="javascript:void(0);" title="Fail if the two objects are unequal as determined by their difference &#160;rounded to the given number of decimal places (default 7) and comparing to &#160;zero, or by comparing that the between the two objects is more than the &#160;given delta." alt="" coords="2845,293,3303,313"/>
<area shape="rect" id="node32_32" href="javascript:void(0);" title="Checks whether actual is a superset of expected." alt="" coords="2845,313,3303,333"/>
<area shape="rect" id="node32_33" href="javascript:void(0);" title="unittest.case.TestCase.assertDictEqual" alt="" coords="2845,333,3303,353"/>
<area shape="rect" id="node32_34" href="javascript:void(0);" title="Hook method for deconstructing the class fixture after running all tests in the class." alt="" coords="2845,373,3303,393"/>
<area shape="rect" id="node32" href="javascript:void(0);" title="A class whose instances are single test cases." alt="" coords="2833,5,3315,399"/>
<area shape="rect" id="node38" href="test_suite.unit_tests._pipe_control.test_molecule.Test_molecule-class.html" title="Unit tests for the functions of the &#39;pipe_control.molecule&#39; module." alt="" coords="3856,552,4140,591"/>
<area shape="rect" id="node39" href="test_suite.unit_tests._pipe_control.test_sequence.Test_sequence-class.html" title="Unit tests for the functions of the &#39;pipe_control.sequence&#39; module." alt="" coords="17872,552,18164,591"/>
<area shape="rect" id="node40" href="test_suite.unit_tests._prompt.test_value.Test_value-class.html" title="Unit tests for the functions of the &#39;prompt.value&#39; module." alt="" coords="759,552,967,591"/>
<area shape="rect" id="node49" href="test_suite.unit_tests._pipe_control.test_residue.Test_residue-class.html" title="Unit tests for the functions of the &#39;pipe_control.residue&#39; module." alt="" coords="2517,552,2781,591"/>
<area shape="rect" id="node56" href="test_suite.unit_tests._pipe_control.test_relax_data.Test_relax_data-class.html" title="Unit tests for the functions of the &#39;pipe_control.relax_data&#39; module." alt="" coords="18485,552,18785,591"/>
<area shape="rect" id="node68" href="test_suite.unit_tests._prompt.test_relax_data.Test_relax_data-class.html" title="Unit tests for the functions of the &#39;prompt.relax_data&#39; module." alt="" coords="18815,552,19085,591"/>
<area shape="rect" id="node75" href="test_suite.unit_tests._prompt.test_minimisation.Test_minimisation-class.html" title="Unit tests for the functions of the &#39;prompt.minimisation&#39; module." alt="" coords="4454,552,4750,591"/>
<area shape="rect" id="node76" href="test_suite.unit_tests._specific_analyses.test_n_state_model.Test_n_state_model-class.html" title="Unit tests for the functions of the &#39;specific_analyses.n_state_model&#39; module." alt="" coords="3442,552,3826,591"/>
<area shape="rect" id="node78" href="test_suite.unit_tests._prompt.test_molecule.Test_molecule-class.html" title="Unit tests for the functions of the &#39;prompt.molecule&#39; module." alt="" coords="4169,552,4424,591"/>
<area shape="rect" id="node85_35" href="test_suite.unit_tests.base_classes.UnitTestCase-class.html#tearDown" title="Default tearDown operation &#45; delete temp directories and files and reset &#160;relax." alt="" coords="9853,449,9941,469"/>
<area shape="rect" id="node85" href="test_suite.unit_tests.base_classes.UnitTestCase-class.html" title="relax test case class specific for the unit tests." alt="" coords="9841,417,9953,476"/>
<area shape="rect" id="node87" href="test_suite.unit_tests._prompt.test_sequence.Test_sequence-class.html" title="Unit tests for the functions of the &#39;prompt.sequence&#39; module." alt="" coords="18193,552,18456,591"/>
<area shape="rect" id="node90" href="test_suite.unit_tests._prompt.test_spin.Test_spin-class.html" title="Unit tests for the functions of the &#39;prompt.spin&#39; module." alt="" coords="263,552,461,591"/>
<area shape="rect" id="node33" href="test_suite.unit_tests.spin_testing_base.Spin_base_class-class.html" title="Testing base class for &#39;prompt.spin&#39; and corresponding &#39;pipe_control.mol_res_spin&#39; fns." alt="" coords="240,495,484,533"/>
<area shape="rect" id="node35" href="test_suite.unit_tests._lib.test_selection.Test_selection-class.html" title="Unit tests for the functions of the &#39;lib.selection&#39; module." alt="" coords="12436,495,12664,533"/>
<area shape="rect" id="node36" href="test_suite.unit_tests._pipe_control._structure.test_internal.Test_internal-class.html" title="Unit tests for the functions of the &#39;pipe_control.structure.internal&#39; module." alt="" coords="12693,495,13020,533"/>
<area shape="rect" id="node37" href="test_suite.unit_tests._specific_analyses._model_free.test_api.Test_api-class.html" title="Unit tests for the class methods of specific_analyses.model_free.api.Model_free." alt="" coords="13049,495,13371,533"/>
<area shape="rect" id="node41" href="test_suite.unit_tests._lib._structure.test_pdb_read.Test_pdb_read-class.html" title="Unit tests for the functions of the &#39;lib.structure.pdb_read&#39; module." alt="" coords="13400,495,13692,533"/>
<area shape="rect" id="node42" href="test_suite.unit_tests.align_tensor_testing_base.Align_tensor_base_class-class.html" title="Base class for the tests of the alignment tensor modules." alt="" coords="11395,495,11731,533"/>
<area shape="rect" id="node43" href="test_suite.unit_tests.sequence_testing_base.Sequence_base_class-class.html" title="Base class for the tests of both the &#39;prompt.sequence&#39; and &#39;pipe_control.sequence&#39; modules." alt="" coords="17864,495,18172,533"/>
<area shape="rect" id="node44" href="test_suite.unit_tests._lib.test_statistics.Test_statistics-class.html" title="Unit tests for the functions of the &#39;lib.statistics&#39; module." alt="" coords="13722,495,13951,533"/>
<area shape="rect" id="node46" href="test_suite.unit_tests.molecule_testing_base.Molecule_base_class-class.html" title="Testing base class for &#39;prompt.molecule&#39; and corresponding &#39;pipe_control.mol_spin_res&#39; fns." alt="" coords="4148,495,4445,533"/>
<area shape="rect" id="node51" href="test_suite.unit_tests._pipe_control.test_selection.Test_selection-class.html" title="Unit tests for the functions of the &#39;pipe_control.selection&#39; module." alt="" coords="13981,495,14265,533"/>
<area shape="rect" id="node52" href="test_suite.unit_tests.structure_testing_base.Structure_base_class-class.html" title="Base class for the tests of both the &#39;prompt.structure&#39; and &#39;pipe_control.structure&#39; modules." alt="" coords="2925,495,3223,533"/>
<area shape="rect" id="node54" href="test_suite.unit_tests.value_testing_base.Value_base_class-class.html" title="Base class for the tests of both the &#39;prompt.value&#39; and &#39;pipe_control.value&#39; modules." alt="" coords="736,495,991,533"/>
<area shape="rect" id="node57" href="test_suite.unit_tests.residue_testing_base.Residue_base_class-class.html" title="Testing base class for &#39;prompt.residue&#39; and corresponding &#39;pipe_control.mol_res_spin&#39; fns." alt="" coords="2490,495,2773,533"/>
<area shape="rect" id="node60" href="test_suite.unit_tests._pipe_control.test_pipes.Test_pipes-class.html" title="Unit tests for the functions of the &#39;pipe_control.pipes&#39; module." alt="" coords="7809,495,8051,533"/>
<area shape="rect" id="node63" href="test_suite.unit_tests.n_state_model_testing_base.N_state_model_base_class-class.html" title="Base class for the tests of the N&#45;state model modules." alt="" coords="3314,495,3679,533"/>
<area shape="rect" id="node66" href="test_suite.unit_tests._specific_analyses._relax_disp.test_model.Test_model-class.html" title="Unit tests for the functions of the lib.dispersion.variables module." alt="" coords="8081,495,8435,533"/>
<area shape="rect" id="node70" href="test_suite.unit_tests.relax_data_testing_base.Relax_data_base_class-class.html" title="Base class for the tests of the relaxation data tensor modules." alt="" coords="18476,495,18795,533"/>
<area shape="rect" id="node71" href="test_suite.unit_tests._specific_analyses._relax_disp.test_checks.Test_checks-class.html" title="Unit tests for the functions of the specific_analyses.relax_disp.checks module." alt="" coords="8465,495,8833,533"/>
<area shape="rect" id="node74" href="test_suite.unit_tests._lib._structure._internal.test_object.Test_object-class.html" title="Unit tests for the lib.structure.internal.object internal structural object module." alt="" coords="8863,495,9171,533"/>
<area shape="rect" id="node77" href="test_suite.unit_tests._specific_analyses._relax_disp.test_data.Test_data-class.html" title="Unit tests for the functions of the specific_analyses.relax_disp.data module." alt="" coords="9201,495,9534,533"/>
<area shape="rect" id="node80" href="test_suite.unit_tests._specific_analyses._relax_disp.test_variables.Test_variables-class.html" title="Unit tests for the functions of the lib.dispersion.variables module." alt="" coords="10215,495,10599,533"/>
<area shape="rect" id="node88" href="test_suite.unit_tests.minimisation_testing_base.Minimisation_base_class-class.html" title="Base class for the tests of the minimisation modules." alt="" coords="9564,495,9904,533"/>
<area shape="rect" id="node89" href="test_suite.unit_tests._lib._structure._internal.test_coordinates.Test_coordinates-class.html" title="Unit tests for the functions of the &#39;lib.structure.internal.coordinates&#39; module." alt="" coords="10629,495,11001,533"/>
</map>
  <img src="uml_class_diagram_for_test_suite_unit_tests_base_classes_unittestcase.gif" alt='' usemap="#uml_class_diagram_for_test_suite_unit_tests_base_classes_unittestcase" ismap="ismap" class="graph-without-title" />
</center>
</center>
<hr />
<p>relax test case class specific for the unit tests.</p>

<!-- ==================== NESTED CLASSES ==================== -->
<a name="section-NestedClasses"></a>
<table class="summary" border="1" cellpadding="3"
       cellspacing="0" width="100%" bgcolor="white">
<tr bgcolor="#70b0f0" class="table-header">
  <td colspan="2" class="table-header">
    <table border="0" cellpadding="0" cellspacing="0" width="100%">
      <tr valign="top">
        <td align="left"><span class="table-header">Nested Classes</span></td>
        <td align="right" valign="top"
         ><span class="options">[<a href="#section-NestedClasses"
         class="privatelink" onclick="toggle_private();"
         >hide private</a>]</span></td>
      </tr>
    </table>
  </td>
</tr>
  <tr>
    <td colspan="2" class="summary">
    <p class="indent-wrapped-lines"><b>Inherited from <code>unittest.case.TestCase</code></b>:
      <code><a href="exceptions.AssertionError-class.html">failureException</a></code>
      </p>
    </td>
  </tr>
</table>
<!-- ==================== INSTANCE METHODS ==================== -->
<a name="section-InstanceMethods"></a>
<table class="summary" border="1" cellpadding="3"
       cellspacing="0" width="100%" bgcolor="white">
<tr bgcolor="#70b0f0" class="table-header">
  <td colspan="2" class="table-header">
    <table border="0" cellpadding="0" cellspacing="0" width="100%">
      <tr valign="top">
        <td align="left"><span class="table-header">Instance Methods</span></td>
        <td align="right" valign="top"
         ><span class="options">[<a href="#section-InstanceMethods"
         class="privatelink" onclick="toggle_private();"
         >hide private</a>]</span></td>
      </tr>
    </table>
  </td>
</tr>
<tr>
    <td width="15%" align="right" valign="top" class="summary">
      <span class="summary-type">&nbsp;</span>
    </td><td class="summary">
      <table width="100%" cellpadding="0" cellspacing="0" border="0">
        <tr>
          <td><span class="summary-sig"><a href="test_suite.unit_tests.base_classes.UnitTestCase-class.html#tearDown" class="summary-sig-name">tearDown</a>(<span class="summary-sig-arg">self</span>)</span><br />
      Default tearDown operation - delete temp directories and files and 
      reset relax.</td>
          <td align="right" valign="top">
            <span class="codelink"><a href="test_suite.unit_tests.base_classes-pysrc.html#UnitTestCase.tearDown">source&nbsp;code</a></span>
            
          </td>
        </tr>
      </table>
      
    </td>
  </tr>
  <tr>
    <td colspan="2" class="summary">
    <p class="indent-wrapped-lines"><b>Inherited from <code>unittest.case.TestCase</code></b>:
      <code>__call__</code>,
      <code>__eq__</code>,
      <code>__hash__</code>,
      <code>__init__</code>,
      <code>__ne__</code>,
      <code>__repr__</code>,
      <code>__str__</code>,
      <code>addCleanup</code>,
      <code>addTypeEqualityFunc</code>,
      <code>assertAlmostEqual</code>,
      <code>assertAlmostEquals</code>,
      <code>assertDictContainsSubset</code>,
      <code>assertDictEqual</code>,
      <code>assertEqual</code>,
      <code>assertEquals</code>,
      <code>assertFalse</code>,
      <code>assertGreater</code>,
      <code>assertGreaterEqual</code>,
      <code>assertIn</code>,
      <code>assertIs</code>,
      <code>assertIsInstance</code>,
      <code>assertIsNone</code>,
      <code>assertIsNot</code>,
      <code>assertIsNotNone</code>,
      <code>assertItemsEqual</code>,
      <code>assertLess</code>,
      <code>assertLessEqual</code>,
      <code>assertListEqual</code>,
      <code>assertMultiLineEqual</code>,
      <code>assertNotAlmostEqual</code>,
      <code>assertNotAlmostEquals</code>,
      <code>assertNotEqual</code>,
      <code>assertNotEquals</code>,
      <code>assertNotIn</code>,
      <code>assertNotIsInstance</code>,
      <code>assertNotRegexpMatches</code>,
      <code>assertRaises</code>,
      <code>assertRaisesRegexp</code>,
      <code>assertRegexpMatches</code>,
      <code>assertSequenceEqual</code>,
      <code>assertSetEqual</code>,
      <code>assertTrue</code>,
      <code>assertTupleEqual</code>,
      <code>assert_</code>,
      <code>countTestCases</code>,
      <code>debug</code>,
      <code>defaultTestResult</code>,
      <code>doCleanups</code>,
      <code>fail</code>,
      <code>failIf</code>,
      <code>failIfAlmostEqual</code>,
      <code>failIfEqual</code>,
      <code>failUnless</code>,
      <code>failUnlessAlmostEqual</code>,
      <code>failUnlessEqual</code>,
      <code>failUnlessRaises</code>,
      <code>id</code>,
      <code>run</code>,
      <code>setUp</code>,
      <code>shortDescription</code>,
      <code>skipTest</code>
      </p>
    <div class="private">    <p class="indent-wrapped-lines"><b>Inherited from <code>unittest.case.TestCase</code></b> (private):
      <code>_addSkip</code>,
      <code>_baseAssertEqual</code>,
      <code>_deprecate</code>,
      <code>_formatMessage</code>,
      <code>_getAssertEqualityFunc</code>,
      <code>_truncateMessage</code>
      </p></div>
    <p class="indent-wrapped-lines"><b>Inherited from <code>object</code></b>:
      <code>__delattr__</code>,
      <code>__format__</code>,
      <code>__getattribute__</code>,
      <code>__new__</code>,
      <code>__reduce__</code>,
      <code>__reduce_ex__</code>,
      <code>__setattr__</code>,
      <code>__sizeof__</code>,
      <code>__subclasshook__</code>
      </p>
    </td>
  </tr>
</table>
<!-- ==================== CLASS METHODS ==================== -->
<a name="section-ClassMethods"></a>
<table class="summary" border="1" cellpadding="3"
       cellspacing="0" width="100%" bgcolor="white">
<tr bgcolor="#70b0f0" class="table-header">
  <td colspan="2" class="table-header">
    <table border="0" cellpadding="0" cellspacing="0" width="100%">
      <tr valign="top">
        <td align="left"><span class="table-header">Class Methods</span></td>
        <td align="right" valign="top"
         ><span class="options">[<a href="#section-ClassMethods"
         class="privatelink" onclick="toggle_private();"
         >hide private</a>]</span></td>
      </tr>
    </table>
  </td>
</tr>
  <tr>
    <td colspan="2" class="summary">
    <p class="indent-wrapped-lines"><b>Inherited from <code>unittest.case.TestCase</code></b>:
      <code>setUpClass</code>,
      <code>tearDownClass</code>
      </p>
    </td>
  </tr>
</table>
<!-- ==================== CLASS VARIABLES ==================== -->
<a name="section-ClassVariables"></a>
<table class="summary" border="1" cellpadding="3"
       cellspacing="0" width="100%" bgcolor="white">
<tr bgcolor="#70b0f0" class="table-header">
  <td colspan="2" class="table-header">
    <table border="0" cellpadding="0" cellspacing="0" width="100%">
      <tr valign="top">
        <td align="left"><span class="table-header">Class Variables</span></td>
        <td align="right" valign="top"
         ><span class="options">[<a href="#section-ClassVariables"
         class="privatelink" onclick="toggle_private();"
         >hide private</a>]</span></td>
      </tr>
    </table>
  </td>
</tr>
  <tr>
    <td colspan="2" class="summary">
    <p class="indent-wrapped-lines"><b>Inherited from <code>unittest.case.TestCase</code></b>:
      <code>longMessage</code>,
      <code>maxDiff</code>
      </p>
    <div class="private">    <p class="indent-wrapped-lines"><b>Inherited from <code>unittest.case.TestCase</code></b> (private):
      <code>_classSetupFailed</code>,
      <code>_diffThreshold</code>
      </p></div>
    </td>
  </tr>
</table>
<!-- ==================== PROPERTIES ==================== -->
<a name="section-Properties"></a>
<table class="summary" border="1" cellpadding="3"
       cellspacing="0" width="100%" bgcolor="white">
<tr bgcolor="#70b0f0" class="table-header">
  <td colspan="2" class="table-header">
    <table border="0" cellpadding="0" cellspacing="0" width="100%">
      <tr valign="top">
        <td align="left"><span class="table-header">Properties</span></td>
        <td align="right" valign="top"
         ><span class="options">[<a href="#section-Properties"
         class="privatelink" onclick="toggle_private();"
         >hide private</a>]</span></td>
      </tr>
    </table>
  </td>
</tr>
  <tr>
    <td colspan="2" class="summary">
    <p class="indent-wrapped-lines"><b>Inherited from <code>object</code></b>:
      <code>__class__</code>
      </p>
    </td>
  </tr>
</table>
<!-- ==================== METHOD DETAILS ==================== -->
<a name="section-MethodDetails"></a>
<table class="details" border="1" cellpadding="3"
       cellspacing="0" width="100%" bgcolor="white">
<tr bgcolor="#70b0f0" class="table-header">
  <td colspan="2" class="table-header">
    <table border="0" cellpadding="0" cellspacing="0" width="100%">
      <tr valign="top">
        <td align="left"><span class="table-header">Method Details</span></td>
        <td align="right" valign="top"
         ><span class="options">[<a href="#section-MethodDetails"
         class="privatelink" onclick="toggle_private();"
         >hide private</a>]</span></td>
      </tr>
    </table>
  </td>
</tr>
</table>
<a name="tearDown"></a>
<div>
<table class="details" border="1" cellpadding="3"
       cellspacing="0" width="100%" bgcolor="white">
<tr><td>
  <table width="100%" cellpadding="0" cellspacing="0" border="0">
  <tr valign="top"><td>
  <h3 class="epydoc"><span class="sig"><span class="sig-name">tearDown</span>(<span class="sig-arg">self</span>)</span>
  </h3>
  </td><td align="right" valign="top"
    ><span class="codelink"><a href="test_suite.unit_tests.base_classes-pysrc.html#UnitTestCase.tearDown">source&nbsp;code</a></span>&nbsp;
    </td>
  </tr></table>
  
  <p>Default tearDown operation - delete temp directories and files and 
  reset relax.</p>
  <dl class="fields">
    <dt>Overrides:
        unittest.case.TestCase.tearDown
    </dt>
  </dl>
</td></tr></table>
</div>
<br />
<!-- ==================== NAVIGATION BAR ==================== -->
<table class="navbar" border="0" width="100%" cellpadding="0"
       bgcolor="#a0c0ff" cellspacing="0">
  <tr valign="middle">

  <!-- Tree link -->
      <th>&nbsp;&nbsp;&nbsp;<a
        href="module-tree.html">Trees</a>&nbsp;&nbsp;&nbsp;</th>

  <!-- Index link -->
      <th>&nbsp;&nbsp;&nbsp;<a
        href="identifier-index.html">Indices</a>&nbsp;&nbsp;&nbsp;</th>

  <!-- Help link -->
      <th>&nbsp;&nbsp;&nbsp;<a
        href="help.html">Help</a>&nbsp;&nbsp;&nbsp;</th>

  <!-- Project homepage -->
      <th class="navbar" align="right" width="100%">
        <table border="0" cellpadding="0" cellspacing="0">
          <tr><th class="navbar" align="center"
            ><a class="navbar" target="_top" href="http://www.nmr-relax.com">relax</a></th>
          </tr></table></th>
  </tr>
</table>
<table border="0" cellpadding="0" cellspacing="0" width="100%%">
  <tr>
    <td align="left" class="footer">
    Generated by Epydoc 3.0.1 on Fri Oct 28 15:38:12 2016
    </td>
    <td align="right" class="footer">
      <a target="mainFrame" href="http://epydoc.sourceforge.net"
        >http://epydoc.sourceforge.net</a>
    </td>
  </tr>
</table>

<script type="text/javascript">
  <!--
  // Private objects are initially displayed (because if
  // javascript is turned off then we want them to be
  // visible); but by default, we want to hide them.  So hide
  // them unless we have a cookie that says to show them.
  checkCookie();
  // -->
</script>
</body>
</html>
