<!-- MHonArc v2.6.16 -->
<!--X-Subject: Re: [bug #21695] Full test suite -->
<!--X-From-R13: Febryf Szgrxæe Zvaarg <gyvaargNaze&#45;erynk.pbz> -->
<!--X-Date: Thu, 20 Feb 2014 10:41:26 +0100 -->
<!--X-Message-Id: CA+CBx2Oc_J&#45;nW7Fcc642Gk=DeaGSFL+8NZUrXK_AeDs4+K4rDA@mail.gmail.com -->
<!--X-Content-Type: text/plain -->
<!--X-Reference: 20140219&#45;225822.sv0.27984@gna.org -->
<!--X-Head-End-->
<!DOCTYPE html PUBLIC "-//W3C//DTD HTML 4.01 Transitional//EN"
   "http://www.w3.org/TR/html4/loose.dtd">
<html>
<head>
<title>Re: [bug #21695] Full test suite -- February 20, 2014 - 10:41</title>
<link rel="stylesheet" type="text/css" href="/mail.gna.org/archives-color-gna.css"> 
<meta http-equiv="Content-Type" content="text/html; charset=utf-8">
</head>
<body>
<!--X-Body-Begin-->
<!--X-User-Header-->
<!--X-User-Header-End-->
<!--X-TopPNI-->
<h2><img src="/mail.gna.org/images/mail.orig.png" width="48" height="48"
alt="mail" class="pageicon" />Re: [bug #21695] Full test suite</h2>
<br />
<div class="topmenu">
<a href="../" class="tabs">Others Months</a> | <a href="index.html#00117" class="tabs">Index by Date</a> | <a href="threads.html#00117" class="tabs">Thread Index</a><br />
<span class="smaller">&gt;&gt;&nbsp;&nbsp;
[<a href="msg00116.html">Date Prev</a>] [<a href="msg00118.html">Date Next</a>] [<a href="msg00115.html">Thread Prev</a>] [<a href="msg00119.html">Thread Next</a>]
</div>

<!--X-TopPNI-End-->
<!--X-MsgBody-->
<!--X-Subject-Header-Begin-->
<h3><a name="header" href="#header">Header</a></h3>
<!--X-Subject-Header-End-->
<!--X-Head-of-Message-->
<ul class="headdata">
<li class="menuitem">
<em>To</em>: anonymous &lt;NO-REPLY.INVALID-ADDRESS@xxxxxxx&gt;</li>
<li class="menuitem">
<em>Date</em>: Thu, 20 Feb 2014 10:40:33 +0100</li>
<li class="menuitem">
<em>Cc</em>: &quot;mengjun.xue@xxxxxxxxxxxxxxxxxxxx&quot; &lt;mengjun.xue@xxxxxxxxxxxxxxxxxxxx&gt;,	&quot;relax-devel@xxxxxxx&quot; &lt;relax-devel@xxxxxxx&gt;</li>
<li class="menuitem">
<em>Dkim-signature</em>: v=1; a=rsa-sha256; c=relaxed/relaxed; d=gmail.com; s=20120113;	h=mime-version:sender:in-reply-to:references:from:date:message-id	:subject:to:cc:content-type;	bh=msA008f6jEnNGJFQhpBgoP/G6qWHyUyOvrTN7yiG0Co=;	b=0PD6SDReAv1a1rvr8gQY06K4fcyVKeDPvszcaALBqm+R2w5tvFMUXyGpd23+B/xuhP	1fV6eMZ3UzIFBByWjiLb4+yCNhEUtPWpvCkFiBSKOK+WH51hl9iHbfKSFZVgd9KRJf6Q	FUxLgv/Ic05BKsZuUs/h2TSI1qeioOT8VqFHKJQWABIWJ35qL6ZW8VQ3IBoYs5fMsz38	S3sib014ghXzUdgNQIXGpePojqKWYEMdVMyUxGjYdKj0qBFxP7A1GXDogoj244OGE7PE	Nl7+3AEIzI8tZX7NdmGf4Fr1Q4dDkzE52VE6kj/CAd8A/JP7SAuI5uW+xKBZGeFCqwrR	92Vg==</li>
<li class="menuitem">
<em>Message-id</em>: &lt;<a href="msg00117.html">CA+CBx2Oc_J-nW7Fcc642Gk=DeaGSFL+8NZUrXK_AeDs4+K4rDA@mail.gmail.com</a>&gt;</li>
<li class="menuitem">
<em>References</em>: &lt;20140219-225822.sv0.27984@xxxxxxx&gt;</li>
</ul>
<!--X-Head-of-Message-End-->
<!--X-Head-Body-Sep-Begin-->
</div><!-- end headdata -->
<br />
<h3><a name="content" href="#content">Content</a></h3>
<div class="postedby">Posted by <strong>Troels Emtekær Linnet</strong> on February 20, 2014 - 10:41:</div>
<div class="msgdata">
<!--X-Head-Body-Sep-End-->
<!--X-Body-of-Message-->
<pre style="margin: 0em;">Dear Mengjun.

Thank you for the bug report.

I would not worry &quot;to much&quot; about these errors.

These errors reflects system tests, which recently have been added for
the dispersion analysis module.

-----
[tlinnet@tomat ~/Downloads]$ grep -B 3 'AssertionError:' full.txt

Traceback (most recent call last):
  File &quot;C:\Program
Files\relax-3.1.5\test_suite\system_tests\relax_disp.py&quot;, line 1602,
in test_korzhnev_2005_15n_dq_data
    self.assertAlmostEqual(spin.r2[r20_key2], 11.7135951595536, 3)
AssertionError: 11.712311111501457 != 11.7135951595536 within 3 places
--
Traceback (most recent call last):
  File &quot;C:\Program
Files\relax-3.1.5\test_suite\system_tests\relax_disp.py&quot;, line 1742,
in test_korzhnev_2005_15n_sq_data
    self.assertAlmostEqual(spin.r2[r20_key1], 8.334232330326190, 4)
AssertionError: 8.3351005364860793 != 8.33423233032619 within 4 places
--
Traceback (most recent call last):
  File &quot;C:\Program
Files\relax-3.1.5\test_suite\system_tests\relax_disp.py&quot;, line 1818,
in test_korzhnev_2005_15n_zq_data
    self.assertAlmostEqual(spin.dwH, 0.0881272284455416, 3)
AssertionError: 0.088930126058307427 != 0.0881272284455416 within 3 places
----------

I have to ask which version of python you have installed?
Is it python 64 or 32 bit?

The compiled version for windows, was done for 32 bit.
<a  rel="nofollow" href="http://www.nmr-relax.com/download.html#MS_Windows">http://www.nmr-relax.com/download.html#MS_Windows</a>

I had similar problems when I tried 64 bit versions of python.
See:

<a  rel="nofollow" href="http://wiki.nmr-relax.com/Installation_windows_Python_x86-64_Visual_Studio_Express_Professional">http://wiki.nmr-relax.com/Installation_windows_Python_x86-64_Visual_Studio_Express_Professional</a>
<a  rel="nofollow" href="https://web.archive.org/web/https://gna.org/bugs/?20821">https://gna.org/bugs/?20821</a>

If you do not want to remove all your python installations, and
install 32 bit, I recommend you to follow this guide:
<a  rel="nofollow" href="http://wiki.nmr-relax.com/Installation_windows_Python_x86-32_Visual_Studio_Express_for_Windows_Desktop">http://wiki.nmr-relax.com/Installation_windows_Python_x86-32_Visual_Studio_Express_for_Windows_Desktop</a>

Best
Troels



2014-02-19 23:58 GMT+01:00 anonymous &lt;NO-REPLY.INVALID-ADDRESS@xxxxxxx&gt;:
</pre><blockquote class="blockquote"><pre style="margin: 0em;">URL:
  &lt;<a  rel="nofollow" href="http://gna.org/bugs/?21695">http://gna.org/bugs/?21695</a>&gt;

                 Summary: Full test suite
                 Project: relax
            Submitted by: None
            Submitted on: Wed 19 Feb 2014 10:58:22 PM UTC
                Category: Test suite
Specific analysis category: None
                Priority: 5 - Normal
                Severity: 3 - Normal
                  Status: None
             Assigned to: None
         Originator Name:
        Originator Email: mengjun.xue@xxxxxxxxxxxxxxxxxxxx
             Open/Closed: Open
                 Release: 3.1.5
         Discussion Lock: Any
        Operating System: 64-bit MS Windows

    _______________________________________________________

Details:

Hi Edward,

I have tried to install Relax-3.1.5 under windows system, when I run full 
test
suite, following information come up:

System/functional tests
................................................................. [ Failed ]
Unit tests
..................................................................................
[ OK ]
GUI tests
...................................................................................
[ OK ]
Synopsis
................................................................................
[ Failed ].

Please find attached file in detail.

Thank you so much.

Regards,

Mengjun



    _______________________________________________________

File Attachments:


-------------------------------------------------------
Date: Wed 19 Feb 2014 10:58:22 PM UTC  Name: full test suite.txt  Size: 
301kB
 By: None

&lt;<a  rel="nofollow" href="http://gna.org/bugs/download.php?file_id=20123">http://gna.org/bugs/download.php?file_id=20123</a>&gt;

    _______________________________________________________

Reply to this item at:

  &lt;<a  rel="nofollow" href="http://gna.org/bugs/?21695">http://gna.org/bugs/?21695</a>&gt;

_______________________________________________
  Message sent via/by Gna!
  <a  rel="nofollow" href="http://gna.org/">http://gna.org/</a>


_______________________________________________
relax (<a  rel="nofollow" href="http://www.nmr-relax.com">http://www.nmr-relax.com</a>)

This is the relax-devel mailing list
relax-devel@xxxxxxx

To unsubscribe from this list, get a password
reminder, or change your subscription options,
visit the list information page at
<a  rel="nofollow" href="http://www.nmr-relax.com/mail.gna.org/listinfo/relax-devel">https://mail.gna.org/listinfo/relax-devel</a>
</pre></blockquote><pre style="margin: 0em;">


</pre>
<!--X-Body-of-Message-End-->
<!--X-MsgBody-End-->
<!--X-Follow-Ups-->
</div><!-- end msgdata -->
<br />
<h3><a name="related" href="#related">Related Messages</a></h3>
<div class="relateddata">
<ul><li><strong>Follow-Ups</strong>:
<ul>
<li><strong><a name="00126" href="msg00126.html">Re: [bug #21695] Full test suite</a></strong>
<ul><li><em>From:</em> mengjun . xue</li></ul></li>
<li><strong><a name="00119" href="msg00119.html">Re: [bug #21695] Full test suite</a></strong>
<ul><li><em>From:</em> Edward d'Auvergne</li></ul></li>
</ul></li></ul>
<!--X-Follow-Ups-End-->
<!--X-References-->
<ul><li><strong>References</strong>:
<ul>
<li><strong><a name="00115" href="msg00115.html">[bug #21695] Full test suite</a></strong>
<ul><li><em>From:</em> anonymous</li></ul></li>
</ul></li></ul>
<!--X-References-End-->
<!--X-BotPNI-->
</div><!-- end relateddata -->
<!-- NoBotLinksApartFromRelatedMessages -->

<!--X-BotPNI-End-->
<!--X-User-Footer-->
<!--X-User-Footer-End-->
<div class="footer"></div><br />
<div class="right">Powered by <a href="http://www.mhonarc.org">MHonArc</a>, Updated Thu Feb 20 23:40:12 2014</div>  
</body>
</html>
