<!-- MHonArc v2.6.16 -->
<!--X-Subject: [bug #21605] Small system test fail in 3.1.5 related to python numpy	import of float16 -->
<!--X-From-R13: "Febryf S. Zvaarg" <@A&#45;DSBZK.W@HOZWR&#45;ORRDSEENtan.bet> -->
<!--X-Date: Thu, 06 Feb 2014 11:51:56 +0100 -->
<!--X-Message-Id: 20140206&#45;105156.sv20529.21424@gna.org -->
<!--X-Content-Type: text/plain -->
<!--X-Head-End-->
<!DOCTYPE html PUBLIC "-//W3C//DTD HTML 4.01 Transitional//EN"
   "http://www.w3.org/TR/html4/loose.dtd">
<html>
<head>
<title>[bug #21605] Small system test fail in 3.1.5 related to python numpy	import of float16 -- February 06, 2014 - 11:51</title>
<link rel="stylesheet" type="text/css" href="/archives-color-gna.css"> 
<meta http-equiv="Content-Type" content="text/html; charset=utf-8">
</head>
<body>
<!--X-Body-Begin-->
<!--X-User-Header-->
<!--X-User-Header-End-->
<!--X-TopPNI-->
<h2><img src="https://gna.org/images/gna.theme/mail.orig.png" width="48" height="48"
alt="mail" class="pageicon" />[bug #21605] Small system test fail in 3.1.5 related to python numpy	import of float16</h2>
<br />
<div class="topmenu">
<a href="../" class="tabs">Others Months</a> | <a href="index.html#00020" class="tabs">Index by Date</a> | <a href="threads.html#00020" class="tabs">Thread Index</a><br />
<span class="smaller">&gt;&gt;&nbsp;&nbsp;
[<a href="msg00019.html">Date Prev</a>] [<a href="msg00022.html">Date Next</a>] [<a href="msg00017.html">Thread Prev</a>] [<a href="msg00046.html">Thread Next</a>]
</div>

<!--X-TopPNI-End-->
<!--X-MsgBody-->
<!--X-Subject-Header-Begin-->
<h3><a name="header" href="#header">Header</a></h3>
<!--X-Subject-Header-End-->
<!--X-Head-of-Message-->
<ul class="headdata">
<li class="menuitem">
<em>To</em>: &quot;Troels E. Linnet&quot; &lt;tlinnet@xxxxxxxxxxxxx&gt;, relax-devel@xxxxxxx</li>
<li class="menuitem">
<em>Date</em>: Thu, 06 Feb 2014 10:51:56 +0000</li>
<li class="menuitem">
<em>Message-id</em>: &lt;<a href="msg00020.html">20140206-105156.sv20529.21424@gna.org</a>&gt;</li>
<li class="menuitem">
<em>References</em>: </li>
<li class="menuitem">
<em>User-agent</em>: Mozilla/5.0 (X11; Linux x86_64;	rv:24.0) Gecko/20100101 Firefox/24.0</li>
</ul>
<!--X-Head-of-Message-End-->
<!--X-Head-Body-Sep-Begin-->
</div><!-- end headdata -->
<br />
<h3><a name="content" href="#content">Content</a></h3>
<div class="postedby">Posted by <strong>Troels E. Linnet</strong> on February 06, 2014 - 11:51:</div>
<div class="msgdata">
<!--X-Head-Body-Sep-End-->
<!--X-Body-of-Message-->
<pre style="margin: 0em;">URL:
  &lt;<a  rel="nofollow" href="http://gna.org/bugs/?21605">http://gna.org/bugs/?21605</a>&gt;

                 Summary: Small system test fail in 3.1.5 related to python
numpy import of float16
                 Project: relax
            Submitted by: tlinnet
            Submitted on: Thu 06 Feb 2014 10:51:55 AM UTC
                Category: Test suite
Specific analysis category: Frame order
                Priority: 3 - Low
                Severity: 3 - Normal
                  Status: None
             Assigned to: None
         Originator Name: 
        Originator Email: 
             Open/Closed: Open
                 Release: 3.1.5
         Discussion Lock: Any
        Operating System: 64-bit GNU/Linux

    _______________________________________________________

Details:

This bug has been reported here:
<a  rel="nofollow" href="http://thread.gmane.org/gmane.science.nmr.relax.devel/4958">http://thread.gmane.org/gmane.science.nmr.relax.devel/4958</a>

Small system test fail in 3.1.5

I think it is related to numpy float16 on 64 bit machines.

We have numpy 1.4.1 from our Red-hat distribution.
----
from numpy import float16
ImportError: cannot import name float16
----

---------------- System test -----------

[software@haddock relax-3.1.5]$ ./relax -x
Echoing of user function calls has been enabled.


=============================
= System / functional tests =
=============================

....................................................................E...............................................................................................................................................................................................................................................................................................
======================================================================
ERROR: Generate the rotor2 distribution of CaM.
----------------------------------------------------------------------



                                            relax 3.1.5

                              Molecular dynamics by NMR data analysis

                             Copyright (C) 2001-2006 Edward d'Auvergne
                         Copyright (C) 2006-2014 the relax development team

This is free software which you are welcome to modify and redistribute under
the conditions of the
GNU General Public License (GPL).  This program, including all modules, is
licensed under the GPL
and comes with absolutely no warranty.  For details type 'GPL' within the
relax prompt.

Assistance in using the relax prompt and scripting interface can be accessed
by typing 'help' within
the prompt.

Processor fabric:  Uni-processor.

Traceback (most recent call last):
  File
&quot;/sbinlab2/software/NMR-relax/relax-3.1.5/test_suite/system_tests/frame_order.py&quot;,
line 645, in test_generate_rotor2_distribution
   
self.interpreter.run(script_file=self.cam_path+'generate_rotor2_distribution.py')
  File &quot;/sbinlab2/software/NMR-relax/relax-3.1.5/prompt/interpreter.py&quot;, line
278, in run
    return run_script(intro=self.__intro_string, local=locals(),
script_file=script_file, quit=self.__quit_flag,
show_script=self.__show_script, raise_relax_error=self.__raise_relax_error)
  File &quot;/sbinlab2/software/NMR-relax/relax-3.1.5/prompt/interpreter.py&quot;, line
576, in run_script
    return console.interact(intro, local, script_file, quit,
show_script=show_script, raise_relax_error=raise_relax_error)
  File &quot;/sbinlab2/software/NMR-relax/relax-3.1.5/prompt/interpreter.py&quot;, line
468, in interact_script
    exec_script(script_file, local)
  File &quot;/sbinlab2/software/NMR-relax/relax-3.1.5/prompt/interpreter.py&quot;, line
341, in exec_script
    runpy.run_module(module, globals)
  File &quot;/usr/lib64/python2.6/runpy.py&quot;, line 140, in run_module
    fname, loader, pkg_name)
  File &quot;/usr/lib64/python2.6/runpy.py&quot;, line 34, in _run_code
    exec code in run_globals
  File
&quot;/sbinlab2/software/NMR-relax/relax-3.1.5/test_suite/system_tests/scripts/frame_order/cam/generate_rotor2_distribution.py&quot;,
line 15, in &lt;module&gt;
    from test_suite.shared_data.frame_order.cam.generate_base import Main
  File
&quot;/sbinlab2/software/NMR-relax/relax-3.1.5/test_suite/shared_data/frame_order/cam/generate_base.py&quot;,
line 27, in &lt;module&gt;
    from numpy import array, cross, dot, float16, float64, transpose, zeros
ImportError: cannot import name float16

----------------------------------------------------------------------
Ran 356 tests in 922.788s

FAILED (errors=1)


==============
= Unit tests =
==============

........................................................................................................................................................................................................................................................................................................................................................................................................................................................................................................................................................................................................................................................................................................................................................................................................................................................................................................................................................................................................................................................................................................................................................................................................................................................................................................................
----------------------------------------------------------------------
Ran 1272 tests in 18.364s

OK


=============
= GUI tests =
=============

....................................................................
----------------------------------------------------------------------
Ran 68 tests in 200.113s

OK


===================================
= Summary of the relax test suite =
===================================



Optional packages/modules
=========================

No tests skipped due to missing modules.



Synopsis
========

System/functional tests
................................................................. [ Failed ]
Unit tests
..................................................................................
[ OK ]
GUI tests
...................................................................................
[ OK ]
Synopsis
................................................................................
[ Failed ]
-------------------------

---------------- System info -----------

[software@haddock relax-3.1.5]$ ./relax -i



                                            relax 3.1.5

                              Molecular dynamics by NMR data analysis

                             Copyright (C) 2001-2006 Edward d'Auvergne
                         Copyright (C) 2006-2014 the relax development team

This is free software which you are welcome to modify and redistribute under
the conditions of the
GNU General Public License (GPL).  This program, including all modules, is
licensed under the GPL
and comes with absolutely no warranty.  For details type 'GPL' within the
relax prompt.

Assistance in using the relax prompt and scripting interface can be accessed
by typing 'help' within
the prompt.

Processor fabric:  Uni-processor.


Hardware information:
    Machine:                 x86_64
    Processor:               x86_64
    Endianness:              little
    Total RAM size:          24013 Mb
    Total swap size:         26191 Mb

Operating system information:
    System:                  Linux
    Release:                 2.6.32-431.el6.x86_64
    Version:                 #1 SMP Sun Nov 10 22:19:54 EST 2013
    GNU/Linux version:       Red Hat Enterprise Linux Server 6.5 Santiago
    Distribution:            redhat 6.5 Santiago
    Full platform string:   
Linux-2.6.32-431.el6.x86_64-x86_64-with-redhat-6.5-Santiago

Python information:
    Architecture:            64bit ELF
    Python version:          2.6.6
    Python branch:           tags/r266
    Python build:            r266:84292, Sep  4 2013 07:46:00
    Python compiler:         GCC 4.4.7 20120313 (Red Hat 4.4.7-3)
    Libc version:            glibc 2.2.5
    Python implementation:   CPython
    Python revision:         84292
    Python executable:       /usr/bin/python
    Python flags:            sys.flags(debug=0, py3k_warning=0,
division_warning=0, division_new=0, inspect=0, interactive=0, optimize=0,
dont_write_bytecode=0, no_user_site=0, no_site=0, ignore_environment=0,
tabcheck=0, verbose=0, unicode=0, bytes_warning=0, hash_randomization=0)
    Python float info:       sys.floatinfo(max=1.7976931348623157e+308,
max_exp=1024, max_10_exp=308, min=2.2250738585072014e-308, min_exp=-1021,
min_10_exp=-307, dig=15, mant_dig=53, epsilon=2.2204460492503131e-16, radix=2,
rounds=1)
    Python module path:      ['/sbinlab2/software/NMR-relax/relax-3.1.5',
'/sbinlab2/software/CCP4-Linux_6.3.0/ccp4-6.3.0/share/python',
'/sbinlab2/software/NMR-relax/relax-3.1.5',
'/sbinlab2/software/x64/haddock2.1',
'/sbinlab2/software/x64/lib64/python2.6/site-packages',
'/sbinlab2/software/x64/ccpnmr/ccpnmr2.3/python', '/usr/lib64/python26.zip',
'/usr/lib64/python2.6', '/usr/lib64/python2.6/plat-linux2',
'/usr/lib64/python2.6/lib-tk', '/usr/lib64/python2.6/lib-old',
'/usr/lib64/python2.6/lib-dynload', '/usr/lib64/python2.6/site-packages',
'/usr/lib64/python2.6/site-packages/gst-0.10',
'/usr/lib64/python2.6/site-packages/gtk-2.0',
'/usr/lib64/python2.6/site-packages/webkit-1.0',
'/usr/lib64/python2.6/site-packages/wx-2.8-gtk2-unicode',
'/usr/lib/python2.6/site-packages',
'/usr/lib/python2.6/site-packages/setuptools-0.6c11-py2.6.egg-info']

Python packages and modules (most are optional):

Name               Installed    Version                    Path               
                                          
minfx              True         1.0.5                     
/sbinlab2/software/NMR-relax/relax-3.1.5/minfx                
bmrblib            True         1.0.3                     
/sbinlab2/software/NMR-relax/relax-3.1.5/bmrblib              
numpy              True         1.4.1                     
/usr/lib64/python2.6/site-packages/numpy                      
scipy              True         0.7.2                     
/usr/lib64/python2.6/site-packages/scipy                      
wxPython           True         2.8.12.0 (gtk2-unicode)   
/usr/lib64/python2.6/site-packages/wx-2.8-gtk2-unicode/wx     
mpi4py             True         1.3.1                     
/usr/lib64/python2.6/site-packages/mpi4py                     
epydoc             False                                                      
                                          
optparse           True         1.5.3                     
/usr/lib64/python2.6/optparse.pyc                             
readline           True                                   
/usr/lib64/python2.6/lib-dynload/readline.so                  
profile            True                                   
/usr/lib64/python2.6/profile.pyc                              
bz2                True                                   
/usr/lib64/python2.6/lib-dynload/bz2.so                       
gzip               True                                   
/usr/lib64/python2.6/gzip.pyc                                 
io                 True                                   
/usr/lib64/python2.6/io.pyc                                   
xml                True         0.8.4 (PyXML)             
/usr/lib64/python2.6/site-packages/_xmlplus/__init__.pyc      
xml.dom.minidom    True                                   
/usr/lib64/python2.6/site-packages/_xmlplus/dom/minidom.pyc   

relax information:
    Version:                 3.1.5
    Processor fabric:        Uni-processor.

relax C modules:

Module                        Compiled    File type                           
                                                       Path                   
                                                 
target_functions.relax_fit    True        ELF 64-bit LSB shared object,
x86-64, version 1 (SYSV), dynamically linked, not stripped   
/sbinlab2/software/NMR-relax/relax-3.1.5/target_functions/relax_fit.so    




    _______________________________________________________

Reply to this item at:

  &lt;<a  rel="nofollow" href="http://gna.org/bugs/?21605">http://gna.org/bugs/?21605</a>&gt;

_______________________________________________
  Message sent via/by Gna!
  <a  rel="nofollow" href="http://gna.org/">http://gna.org/</a>



</pre>
<!--X-Body-of-Message-End-->
<!--X-MsgBody-End-->
<!--X-Follow-Ups-->
</div><!-- end msgdata -->
<br />
<h3><a name="related" href="#related">Related Messages</a></h3>
<div class="relateddata">
<ul><li><strong>Follow-Ups</strong>:
<ul>
<li><strong><a name="00046" href="msg00046.html">[bug #21605] Small system test fail in 3.1.5 related to python numpy	import of float16</a></strong>
<ul><li><em>From:</em> Edward d Auvergne</li></ul></li>
</ul></li></ul>
<!--X-Follow-Ups-End-->
<!--X-References-->
<!--X-References-End-->
<!--X-BotPNI-->
</div><!-- end relateddata -->
<!-- NoBotLinksApartFromRelatedMessages -->

<!--X-BotPNI-End-->
<!--X-User-Footer-->
<!--X-User-Footer-End-->
<div class="footer">You are on the <a href="http://gna.org">Gna!</a> mail server.</div><br />
<div class="right">Powered by <a href="http://www.mhonarc.org">MHonArc</a>, Updated Tue Feb 11 09:20:08 2014</div>  
</body>
</html>
