<!-- MHonArc v2.6.18 -->
<!--X-Subject: [bug #22091] ERROR: test_opendx_s2_te_rex (test_suite.gui_tests.model_free.Mf) -->
<!--X-From-R13: Xnpx Vbjnegu &#60;@A&#45;DSBZK.W@HOZWR&#45;ORRDSEENtan.bet> -->
<!--X-Date: Mon, 26 May 2014 15:45:51 +0200 -->
<!--X-Message-Id: 20140526&#45;134550.sv21353.14142@gna.org -->
<!--X-Content-Type: text/plain -->
<!--X-Head-End-->
<!DOCTYPE html PUBLIC "-//W3C//DTD HTML 4.01 Transitional//EN"
   "http://www.w3.org/TR/html4/loose.dtd">
<html>
<head>
<title>[bug #22091] ERROR: test_opendx_s2_te_rex (test_suite.gui_tests.model_free.Mf) -- May 26, 2014 - 15:45</title>
<link rel="stylesheet" type="text/css" href="/archives-color-gna.css"> 
<meta http-equiv="Content-Type" content="text/html; charset=utf-8">
</head>
<body>
<!--X-Body-Begin-->
<!--X-User-Header-->
<!--X-User-Header-End-->
<!--X-TopPNI-->
<h2><img src="https://gna.org/images/gna.theme/mail.orig.png" width="48" height="48"
alt="mail" class="pageicon" />[bug #22091] ERROR: test_opendx_s2_te_rex (test_suite.gui_tests.model_free.Mf)</h2>
<br />
<div class="topmenu">
<a href="../" class="tabs">Others Months</a> | <a href="index.html#00488" class="tabs">Index by Date</a> | <a href="threads.html#00488" class="tabs">Thread Index</a><br />
<span class="smaller">&gt;&gt;&nbsp;&nbsp;
[<a href="msg00487.html">Date Prev</a>] [<a href="msg00489.html">Date Next</a>] [<a href="msg00487.html">Thread Prev</a>] [<a href="msg00502.html">Thread Next</a>]
</div>

<!--X-TopPNI-End-->
<!--X-MsgBody-->
<!--X-Subject-Header-Begin-->
<h3><a name="header" href="#header">Header</a></h3>
<!--X-Subject-Header-End-->
<!--X-Head-of-Message-->
<ul class="headdata">
<li class="menuitem">
<em>To</em>: Jack Howarth &lt;howarth.mailing.lists@xxxxxxxxx&gt;, relax-devel@xxxxxxx</li>
<li class="menuitem">
<em>Date</em>: Mon, 26 May 2014 15:45:51 +0200</li>
<li class="menuitem">
<em>Message-id</em>: &lt;<a href="msg00488.html">20140526-134550.sv21353.14142@gna.org</a>&gt;</li>
<li class="menuitem">
<em>References</em>: </li>
<li class="menuitem">
<em>User-agent</em>: Mozilla/5.0 (Macintosh; Intel Mac OS X 10_7_5) AppleWebKit/537.76.4 (KHTML, like Gecko) Version/6.1.4 Safari/537.76.4</li>
</ul>
<!--X-Head-of-Message-End-->
<!--X-Head-Body-Sep-Begin-->
</div><!-- end headdata -->
<br />
<h3><a name="content" href="#content">Content</a></h3>
<div class="postedby">Posted by <strong>Jack Howarth</strong> on May 26, 2014 - 15:45:</div>
<div class="msgdata">
<!--X-Head-Body-Sep-End-->
<!--X-Body-of-Message-->
<pre style="margin: 0em;">URL:
  &lt;<a  rel="nofollow" href="http://gna.org/bugs/?22091">http://gna.org/bugs/?22091</a>&gt;

                 Summary: ERROR: test_opendx_s2_te_rex
(test_suite.gui_tests.model_free.Mf)
                 Project: relax
            Submitted by: jwhowarth
            Submitted on: Mon 26 May 2014 01:45:50 PM UTC
                Category: Test suite
Specific analysis category: None
                Priority: 5 - Normal
                Severity: 3 - Normal
                  Status: None
             Assigned to: None
         Originator Name: 
        Originator Email: 
             Open/Closed: Open
                 Release: 3.2.1
         Discussion Lock: Any
        Operating System: Mac OS X (Intel)

    _______________________________________________________

Details:

On x86_64-apple-darwin, the relax 3.2.1, built as a fink package against
python 2.7.6, scipy 0.14.0 and bumpy 1.18.1, produces the following failures
in the GUI testsâ€¦

% relax --test-suite
Echoing of user function calls has been enabled.


=============================
= System / functional tests =
=============================

............................................................................................................................................................................................................................................................................................................................................................................................
----------------------------------------------------------------------
Ran 380 tests in 1992.216s

OK


==============
= Unit tests =
==============

..............................................................................................................................................................................................................................................................................................................................................................................................................................................................................................................................................................................................................................................................................................................................................................................................................................................................................................................................................................................................................................................................................................................................................................................................................................................................................................................................................................
----------------------------------------------------------------------
Ran 1310 tests in 39.506s

OK


=============
= GUI tests =
=============

.
(python2.7:54684): Gtk-WARNING **: Unable to find default local directory
monitor type

(python2.7:54684): Gtk-WARNING **: Unable to find default local directory
monitor type

(python2.7:54684): Gtk-WARNING **: Unable to find default local directory
monitor type

(python2.7:54684): Gtk-WARNING **: Unable to find default local directory
monitor type

(python2.7:54684): Gtk-WARNING **: Unable to find default local directory
monitor type

(python2.7:54684): Gtk-WARNING **: Unable to find default local directory
monitor type
....
(python2.7:54684): Gtk-WARNING **: Unable to find default local directory
monitor type

(python2.7:54684): Gtk-WARNING **: Unable to find default local directory
monitor type

(python2.7:54684): Gtk-WARNING **: Unable to find default local directory
monitor type

(python2.7:54684): Gtk-WARNING **: Unable to find default local directory
monitor type

(python2.7:54684): Gtk-WARNING **: Unable to find default local directory
monitor type
.
(python2.7:54684): Gtk-WARNING **: Unable to find default local directory
monitor type

(python2.7:54684): Gtk-WARNING **: Unable to find default local directory
monitor type

(python2.7:54684): Gtk-WARNING **: Unable to find default local directory
monitor type

(python2.7:54684): Gtk-WARNING **: Unable to find default local directory
monitor type
.
(python2.7:54684): Gtk-WARNING **: Unable to find default local directory
monitor type

(python2.7:54684): Gtk-WARNING **: Unable to find default local directory
monitor type
.
(python2.7:54684): Gtk-WARNING **: Unable to find default local directory
monitor type
...........
(python2.7:54684): Gtk-WARNING **: Unable to find default local directory
monitor type

(python2.7:54684): Gtk-WARNING **: Unable to find default local directory
monitor type

(python2.7:54684): Gtk-WARNING **: Unable to find default local directory
monitor type

(python2.7:54684): Gtk-WARNING **: Unable to find default local directory
monitor type

(python2.7:54684): Gtk-WARNING **: Unable to find default local directory
monitor type
.
(python2.7:54684): Gtk-WARNING **: Unable to find default local directory
monitor type

(python2.7:54684): Gtk-WARNING **: Unable to find default local directory
monitor type

(python2.7:54684): Gtk-WARNING **: Unable to find default local directory
monitor type

(python2.7:54684): Gtk-WARNING **: Unable to find default local directory
monitor type
.
(python2.7:54684): Gtk-WARNING **: Unable to find default local directory
monitor type

(python2.7:54684): Gtk-WARNING **: Unable to find default local directory
monitor type

(python2.7:54684): Gtk-WARNING **: Unable to find default local directory
monitor type

(python2.7:54684): Gtk-WARNING **: Unable to find default local directory
monitor type
.E
(python2.7:54684): Gtk-WARNING **: Unable to find default local directory
monitor type

(python2.7:54684): Gtk-WARNING **: Unable to find default local directory
monitor type
..
(python2.7:54684): Gtk-WARNING **: Unable to find default local directory
monitor type

(python2.7:54684): Gtk-WARNING **: Unable to find default local directory
monitor type

(python2.7:54684): Gtk-WARNING **: Unable to find default local directory
monitor type

(python2.7:54684): Gtk-WARNING **: Unable to find default local directory
monitor type

(python2.7:54684): Gtk-WARNING **: Unable to find default local directory
monitor type
...
(python2.7:54684): Gtk-WARNING **: Unable to find default local directory
monitor type
............................
(python2.7:54684): Gtk-WARNING **: Unable to find default local directory
monitor type

(python2.7:54684): Gtk-WARNING **: Unable to find default local directory
monitor type
....
(python2.7:54684): Gtk-WARNING **: Unable to find default local directory
monitor type
.
(python2.7:54684): Gtk-WARNING **: Unable to find default local directory
monitor type

(python2.7:54684): Gtk-WARNING **: Unable to find default local directory
monitor type
.
(python2.7:54684): Gtk-WARNING **: Unable to find default local directory
monitor type
.
(python2.7:54684): Gtk-WARNING **: Unable to find default local directory
monitor type

(python2.7:54684): Gtk-WARNING **: Unable to find default local directory
monitor type

(python2.7:54684): Gtk-WARNING **: Unable to find default local directory
monitor type

(python2.7:54684): Gtk-WARNING **: Unable to find default local directory
monitor type
.
(python2.7:54684): Gtk-WARNING **: Unable to find default local directory
monitor type

(python2.7:54684): Gtk-WARNING **: Unable to find default local directory
monitor type
.
(python2.7:54684): Gtk-WARNING **: Unable to find default local directory
monitor type

(python2.7:54684): Gtk-WARNING **: Unable to find default local directory
monitor type

(python2.7:54684): Gtk-WARNING **: Unable to find default local directory
monitor type

(python2.7:54684): Gtk-WARNING **: Unable to find default local directory
monitor type

(python2.7:54684): Gtk-WARNING **: Unable to find default local directory
monitor type

(python2.7:54684): Gtk-WARNING **: Unable to find default local directory
monitor type

(python2.7:54684): Gtk-WARNING **: Unable to find default local directory
monitor type

(python2.7:54684): Gtk-WARNING **: Unable to find default local directory
monitor type

(python2.7:54684): Gtk-WARNING **: Unable to find default local directory
monitor type

(python2.7:54684): Gtk-WARNING **: Unable to find default local directory
monitor type

(python2.7:54684): Gtk-WARNING **: Unable to find default local directory
monitor type
....
(python2.7:54684): Gtk-WARNING **: Unable to find default local directory
monitor type
..
======================================================================
ERROR: test_opendx_s2_te_rex (test_suite.gui_tests.model_free.Mf)
Mapping the {S2, te, Rex} chi2 space through the OpenDX user function
dx.map().
----------------------------------------------------------------------

relax&gt;
sequence.read(file='/sw/lib/relax-py27/test_suite/shared_data/model_free/S2_0.970_te_2048_Rex_0.149/noe.500.out',
dir=None, spin_id_col=None, mol_name_col=None, res_num_col=1, res_name_col=2,
spin_num_col=None, spin_name_col=None, sep=None, spin_id=None)
RelaxError: No data pipes currently exist.  Please use the pipe.create user
function first.


relax&gt; spin.name(name='N', spin_id=None, force=False)
RelaxError: No data pipes currently exist.  Please use the pipe.create user
function first.


relax&gt; spin.element(element='N', spin_id=None, force=False)
RelaxError: No data pipes currently exist.  Please use the pipe.create user
function first.


relax&gt; spin.isotope(isotope='15N', spin_id='@N', force=False)
RelaxError: No data pipes currently exist.  Please use the pipe.create user
function first.


relax&gt; relax_data.read(ri_id='R1_600', ri_type='R1', frq=600000000.0,
file='/sw/lib/relax-py27/test_suite/shared_data/model_free/S2_0.970_te_2048_Rex_0.149/r1.600.out',
dir=None, spin_id_col=None, mol_name_col=None, res_num_col=1, res_name_col=2,
spin_num_col=None, spin_name_col=None, data_col=3, error_col=4, sep=None,
spin_id=None)
RelaxError: No data pipes currently exist.  Please use the pipe.create user
function first.


relax&gt; relax_data.read(ri_id='R2_600', ri_type='R2', frq=600000000.0,
file='/sw/lib/relax-py27/test_suite/shared_data/model_free/S2_0.970_te_2048_Rex_0.149/r2.600.out',
dir=None, spin_id_col=None, mol_name_col=None, res_num_col=1, res_name_col=2,
spin_num_col=None, spin_name_col=None, data_col=3, error_col=4, sep=None,
spin_id=None)
RelaxError: No data pipes currently exist.  Please use the pipe.create user
function first.


relax&gt; relax_data.read(ri_id='NOE_600', ri_type='NOE', frq=600000000.0,
file='/sw/lib/relax-py27/test_suite/shared_data/model_free/S2_0.970_te_2048_Rex_0.149/noe.600.out',
dir=None, spin_id_col=None, mol_name_col=None, res_num_col=1, res_name_col=2,
spin_num_col=None, spin_name_col=None, data_col=3, error_col=4, sep=None,
spin_id=None)
RelaxError: No data pipes currently exist.  Please use the pipe.create user
function first.


relax&gt; relax_data.read(ri_id='R1_500', ri_type='R1', frq=500000000.0,
file='/sw/lib/relax-py27/test_suite/shared_data/model_free/S2_0.970_te_2048_Rex_0.149/r1.500.out',
dir=None, spin_id_col=None, mol_name_col=None, res_num_col=1, res_name_col=2,
spin_num_col=None, spin_name_col=None, data_col=3, error_col=4, sep=None,
spin_id=None)
RelaxError: No data pipes currently exist.  Please use the pipe.create user
function first.


relax&gt; relax_data.read(ri_id='R2_500', ri_type='R2', frq=500000000.0,
file='/sw/lib/relax-py27/test_suite/shared_data/model_free/S2_0.970_te_2048_Rex_0.149/r2.500.out',
dir=None, spin_id_col=None, mol_name_col=None, res_num_col=1, res_name_col=2,
spin_num_col=None, spin_name_col=None, data_col=3, error_col=4, sep=None,
spin_id=None)
RelaxError: No data pipes currently exist.  Please use the pipe.create user
function first.


relax&gt; relax_data.read(ri_id='NOE_500', ri_type='NOE', frq=500000000.0,
file='/sw/lib/relax-py27/test_suite/shared_data/model_free/S2_0.970_te_2048_Rex_0.149/noe.500.out',
dir=None, spin_id_col=None, mol_name_col=None, res_num_col=1, res_name_col=2,
spin_num_col=None, spin_name_col=None, data_col=3, error_col=4, sep=None,
spin_id=None)
RelaxError: No data pipes currently exist.  Please use the pipe.create user
function first.


relax&gt; diffusion_tensor.init(params=1e-08, time_scale=1.0, d_scale=1.0,
angle_units='deg', param_types=0, spheroid_type=None, fixed=True)
RelaxError: No data pipes currently exist.  Please use the pipe.create user
function first.


relax&gt; sequence.attach_protons()
RelaxError: No data pipes currently exist.  Please use the pipe.create user
function first.


relax&gt; interatom.define(spin_id1='@N', spin_id2='@H', direct_bond=True,
pipe=None)
RelaxError: No data pipes currently exist.  Please use the pipe.create user
function first.


relax&gt; interatom.set_dist(spin_id1='@N', spin_id2='@H', ave_dist=1.02e-10,
unit='meter')
RelaxError: No data pipes currently exist.  Please use the pipe.create user
function first.


relax&gt; value.set(val=-0.000172, param='csa', index=0, spin_id=None,
error=False)
RelaxError: No data pipes currently exist.  Please use the pipe.create user
function first.


relax&gt; model_free.select_model(model='m4', spin_id=None)
RelaxError: No data pipes currently exist.  Please use the pipe.create user
function first.

Traceback (most recent call last):
  File &quot;/sw/lib/relax-py27/test_suite/gui_tests/model_free.py&quot;, line 528, in
test_opendx_s2_te_rex
    self.script_exec(status.install_path +
sep+'test_suite'+sep+'system_tests'+sep+'scripts'+sep+'model_free'+sep+'opendx_s2_te_rex.py')
  File &quot;/sw/lib/relax-py27/test_suite/gui_tests/base_classes.py&quot;, line 167, in
script_exec
    exec_script(script, space)
  File &quot;/sw/lib/relax-py27/prompt/interpreter.py&quot;, line 347, in exec_script
    runpy.run_module(module, globals)
  File &quot;/sw/lib/python2.7/runpy.py&quot;, line 180, in run_module
    fname, loader, pkg_name)
  File &quot;/sw/lib/python2.7/runpy.py&quot;, line 72, in _run_code
    exec code in run_globals
  File
&quot;/sw/lib/relax-py27/test_suite/system_tests/scripts/model_free/opendx_s2_te_rex.py&quot;,
line 45, in &lt;module&gt;
    self._execute_uf(uf_name='dx.map', params=['s2', 'te', 'rex'],
spin_id=':2@N', inc=2, lower=[0.0, 0, 0], upper=[1.0, 10000e-12, 3.0 / (2.0 *
pi * 600000000.0)**2], point=[0.970, 2048.0e-12, 0.149 / (2.0 * pi *
600000000.0)**2], file_prefix='devnull', point_file='devnull')
  File &quot;/sw/lib/relax-py27/test_suite/gui_tests/base_classes.py&quot;, line 125, in
_execute_uf
    uf(wx_wizard_run=False, **kargs)
  File &quot;/sw/lib/relax-py27/gui/uf_objects.py&quot;, line 201, in __call__
    status = self.create_wizard(wx_parent)
  File &quot;/sw/lib/relax-py27/gui/uf_objects.py&quot;, line 293, in create_wizard
    self.page = self.create_page(self.wizard, sync=self._sync)
  File &quot;/sw/lib/relax-py27/gui/uf_objects.py&quot;, line 272, in create_page
    return Uf_page(self._name, parent=wizard, height_desc=self._height_desc,
sync=self._sync, execute=execute)
  File &quot;/sw/lib/relax-py27/gui/uf_objects.py&quot;, line 352, in __init__
    super(Uf_page, self).__init__(parent, height_desc=height_desc)
  File &quot;/sw/lib/relax-py27/gui/wizards/wiz_objects.py&quot;, line 127, in __init__
    self.add_contents(main_sizer)
  File &quot;/sw/lib/relax-py27/gui/uf_objects.py&quot;, line 617, in add_contents
    raise RelaxError(&quot;The Python object type '%s' cannot be handled.&quot; %
arg['py_type'])
RelaxError: RelaxError: The Python object type 'list_val_or_list_of_list_val'
cannot be handled.


----------------------------------------------------------------------
Ran 71 tests in 384.680s

FAILED (errors=1)


===============================
= Software verification tests =
===============================

..
----------------------------------------------------------------------
Ran 2 tests in 3.701s

OK


===================================
= Summary of the relax test suite =
===================================



Optional packages/modules
=========================

No tests skipped due to missing modules.



Synopsis
========

System/functional tests
..................................................................... [ OK ]
Unit tests
..................................................................................
[ OK ]
GUI tests
...............................................................................
[ Failed ]
Software verification tests
................................................................. [ OK ]
Synopsis
................................................................................
[ Failed ]





    _______________________________________________________

Reply to this item at:

  &lt;<a  rel="nofollow" href="http://gna.org/bugs/?22091">http://gna.org/bugs/?22091</a>&gt;

_______________________________________________
  Message sent via/by Gna!
  <a  rel="nofollow" href="http://gna.org/">http://gna.org/</a>



</pre>
<!--X-Body-of-Message-End-->
<!--X-MsgBody-End-->
<!--X-Follow-Ups-->
</div><!-- end msgdata -->
<br />
<h3><a name="related" href="#related">Related Messages</a></h3>
<div class="relateddata">
<ul><li><strong>Follow-Ups</strong>:
<ul>
<li><strong><a name="00502" href="msg00502.html">[bug #22091] ERROR: test_opendx_s2_te_rex (test_suite.gui_tests.model_free.Mf)</a></strong>
<ul><li><em>From:</em> Edward d Auvergne</li></ul></li>
</ul></li></ul>
<!--X-Follow-Ups-End-->
<!--X-References-->
<!--X-References-End-->
<!--X-BotPNI-->
</div><!-- end relateddata -->
<!-- NoBotLinksApartFromRelatedMessages -->

<!--X-BotPNI-End-->
<!--X-User-Footer-->
<!--X-User-Footer-End-->
<div class="footer">You are on the <a href="http://gna.org">Gna!</a> mail server.</div><br />
<div class="right">Powered by <a href="http://www.mhonarc.org">MHonArc</a>, Updated Tue May 27 11:00:16 2014</div>  
</body>
</html>
