<!-- MHonArc v2.6.16 -->
<!--X-Subject: Re: curve fit error has dispappeared! -->
<!--X-From-R13: "Sqjneq q'Ohiretar" <rqjneqNaze&#45;erynk.pbz> -->
<!--X-Date: Mon, 23 Apr 2012 09:14:42 +0200 -->
<!--X-Message-Id: CAED9pY9wT1QGUyLJcYe&#45;Cyjhsqdrpe85MVHp6WWxXVZ&#45;xWLZ3Q@mail.gmail.com -->
<!--X-Content-Type: text/plain -->
<!--X-Reference: 1334735464.52681.YahooMailNeo@web31811.mail.mud.yahoo.com -->
<!--X-Head-End-->
<!DOCTYPE html PUBLIC "-//W3C//DTD HTML 4.01 Transitional//EN"
   "http://www.w3.org/TR/html4/loose.dtd">
<html>
<head>
<title>Re: curve fit error has dispappeared! -- April 23, 2012 - 09:14</title>
<link rel="stylesheet" type="text/css" href="/mail.gna.org/archives-color-gna.css"> 
<meta http-equiv="Content-Type" content="text/html; charset=utf-8">
</head>
<body>
<!--X-Body-Begin-->
<!--X-User-Header-->
<!--X-User-Header-End-->
<!--X-TopPNI-->
<h2><img src="/mail.gna.org/images/mail.orig.png" width="48" height="48"
alt="mail" class="pageicon" />Re: curve fit error has dispappeared!</h2>
<br />
<div class="topmenu">
<a href="../" class="tabs">Others Months</a> | <a href="index.html#00067" class="tabs">Index by Date</a> | <a href="threads.html#00067" class="tabs">Thread Index</a><br />
<span class="smaller">&gt;&gt;&nbsp;&nbsp;
[<a href="msg00066.html">Date Prev</a>] [<a href="msg00068.html">Date Next</a>] [<a href="msg00060.html">Thread Prev</a>] [<a href="msg00061.html">Thread Next</a>]
</div>

<!--X-TopPNI-End-->
<!--X-MsgBody-->
<!--X-Subject-Header-Begin-->
<h3><a name="header" href="#header">Header</a></h3>
<!--X-Subject-Header-End-->
<!--X-Head-of-Message-->
<ul class="headdata">
<li class="menuitem">
<em>To</em>: James Nyirenda &lt;jamesn7414@xxxxxxxxx&gt;</li>
<li class="menuitem">
<em>Date</em>: Mon, 23 Apr 2012 09:14:11 +0200</li>
<li class="menuitem">
<em>Cc</em>: &quot;relax-users@xxxxxxx&quot; &lt;relax-users@xxxxxxx&gt;</li>
<li class="menuitem">
<em>Dkim-signature</em>: v=1; a=rsa-sha256; c=relaxed/relaxed; d=gmail.com; s=20120113;	h=mime-version:sender:in-reply-to:references:date	:x-google-sender-auth:message-id:subject:from:to:cc:content-type	:content-transfer-encoding;	bh=yyOcF/+o0sx/DapF3woNWl5KtHN4DEQyttQqCbVtbcs=;	b=oqvSGltBEt4Yu/PsOCU8yVZWGaXib3tFLdrdS9hLuLFw/FMsJ3xNbJimeF8eB5nGvw	oKSr23OJ2rNapf2B04oC7cd/hsCJv4hetmBrGSXnmdM1A2INWr0+IQi/HYyUZSffzsNB	9ZxB7bTP1bx9zwiGMeoD1W7rSjmufg+ulp4QVv9Vlu3kiXnVDMM2fdZxZkDBO4+yolAR	GXQMUKb+3gWCipFH+aE5AO4XuMYXIUVyeb7BwMNO3ertPWVLnjN35n7T+OXamEl305T+	QViyfHeMfiDa3ttgRk9+NebyKT3kfVmXVjrIrb8R1fK8gtreK+iWbedXyeWX9qhaNN1M	Vh+Q==</li>
<li class="menuitem">
<em>Message-id</em>: &lt;<a href="msg00067.html">CAED9pY9wT1QGUyLJcYe-Cyjhsqdrpe85MVHp6WWxXVZ-xWLZ3Q@mail.gmail.com</a>&gt;</li>
<li class="menuitem">
<em>References</em>: &lt;1334735464.52681.YahooMailNeo@xxxxxxxxxxxxxxxxxxxxxxxxxxx&gt;</li>
</ul>
<!--X-Head-of-Message-End-->
<!--X-Head-Body-Sep-Begin-->
</div><!-- end headdata -->
<br />
<h3><a name="content" href="#content">Content</a></h3>
<div class="postedby">Posted by <strong>Edward d'Auvergne</strong> on April 23, 2012 - 09:14:</div>
<div class="msgdata">
<!--X-Head-Body-Sep-End-->
<!--X-Body-of-Message-->
<pre style="margin: 0em;">Hi Jimmy,

I have just realised that you have run the test-suite within the GUI!
As I mentioned to Seb
(<a  rel="nofollow" href="http://www.nmr-relax.com/mail.gna.org/public/relax-users/2012-04/msg00066.html">https://mail.gna.org/public/relax-users/2012-04/msg00066.html</a>), the
GUI tests were never meant to be run within the GUI as these tests are
extremely damaging to the GUI state.  I will try to either come up
with some black magic to allow these tests to run without destroying
the GUI, or turn them off completely.  Note that if you run the test
suite on the command line:

$ relax --test-suite

you will probably see that all the tests, including the GUI tests,
will pass.  Next time it would be appreciated if you could report a
little bit more information as to what you have done so that you don't
leave me guessing.

Regards,

Edward



On 18 April 2012 09:51, James Nyirenda &lt;jamesn7414@xxxxxxxxx&gt; wrote:
</pre><blockquote class="blockquote"><pre style="margin: 0em;">Hi Edward,
I bet after uninstalling python2.6 and installing 2.7 with the current relax
program, iam a step forward except when i run the test-suite, i get the
following



#############################
# System / functional tests #
#############################


.........................................................................................................................................................................................................................................
----------------------------------------------------------------------
Ran 233 tests in 255.704s

OK




##############
# Unit tests #
##############


.......................................................................................................................................................................................................................................................................................................................................................................................................................................................................................................................................................................................................................................................................................................................................................................................................................................................................................................................................................................
.........................................................................................................................................................................................................................................................................................................
----------------------------------------------------------------------
Ran 1232 tests in 14.613s

OK




#############
# GUI tests #
#############


EEEFRelaxError: The data pipe name argument 'None' must be a string.

RelaxError: The data pipe name argument 'None' must be a string.

RelaxError: The data pipe name argument 'None' must be a string.

RelaxError: The data pipe name argument 'None' must be a string.


======================================================================
ERROR: test_mf_auto_analysis (test_suite.gui_tests.model_free.Mf)
Test the model-free auto-analysis.
----------------------------------------------------------------------

relax&gt; pipe.create(pipe_name='mf (Wed Apr 18 16:46:10 2012)',
pipe_type='mf')
Traceback (most recent call last):
  File &quot;C:\Program Files\relax-1.3.14\test_suite\gui_tests\model_free.py&quot;,
line 61, in test_mf_auto_analysis
    self.app.gui.analysis.new_analysis(analysis_type=analysis_type,
analysis_name=analysis_name, pipe_name=pipe_name)
  File &quot;C:\Program Files\relax-1.3.14\gui\analyses\__init__.py&quot;, line 408,
in new_analysis
    analysis = classes[analysis_type](parent=self.notebook, id=-1,
gui=self.gui, analysis_name=analysis_name, pipe_name=pipe_name,
data_index=index)
  File &quot;C:\Program Files\relax-1.3.14\gui\analyses\auto_model_free.py&quot;, line
177, in __init__
    data_index = ds.relax_gui.analyses.add('model-free')
AttributeError: 'Relax_data_store' object has no attribute 'relax_gui'

======================================================================
ERROR: test_noe_analysis (test_suite.gui_tests.noe.Noe)
Test the NOE analysis.
----------------------------------------------------------------------
Traceback (most recent call last):
  File &quot;C:\Program Files\relax-1.3.14\test_suite\gui_tests\noe.py&quot;, line 64,
in test_noe_analysis
    self.app.gui.analysis.new_analysis(analysis_type=analysis_type,
analysis_name=analysis_name, pipe_name=pipe_name)
  File &quot;C:\Program Files\relax-1.3.14\gui\analyses\__init__.py&quot;, line 408,
in new_analysis
    analysis = classes[analysis_type](parent=self.notebook, id=-1,
gui=self.gui, analysis_name=analysis_name, pipe_name=pipe_name,
data_index=index)
  File &quot;C:\Program Files\relax-1.3.14\gui\analyses\auto_noe.py&quot;, line 104,
in __init__
    data_index = ds.relax_gui.analyses.add('NOE')
AttributeError: 'Relax_data_store' object has no attribute 'relax_gui'

======================================================================
ERROR: test_r1_analysis (test_suite.gui_tests.rx.Rx)
Test the r1 analysis.
----------------------------------------------------------------------
Traceback (most recent call last):
  File &quot;C:\Program Files\relax-1.3.14\test_suite\gui_tests\rx.py&quot;, line 103,
in test_r1_analysis
    self.app.gui.analysis.new_analysis(analysis_type=analysis_type,
analysis_name=analysis_name, pipe_name=pipe_name)
  File &quot;C:\Program Files\relax-1.3.14\gui\analyses\__init__.py&quot;, line 408,
in new_analysis
    analysis = classes[analysis_type](parent=self.notebook, id=-1,
gui=self.gui, analysis_name=analysis_name, pipe_name=pipe_name,
data_index=index)
  File &quot;C:\Program Files\relax-1.3.14\gui\analyses\auto_rx_base.py&quot;, line
103, in __init__
    data_index = ds.relax_gui.analyses.add(self.label)
AttributeError: 'Relax_data_store' object has no attribute 'relax_gui'

======================================================================
FAIL: test_load_state_no_gui (test_suite.gui_tests.state.State)
Test the loading of a relax save state with no GUI data.
----------------------------------------------------------------------
RelaxError: The data pipe name argument 'None' must be a string.

Traceback (most recent call last):
  File &quot;C:\Program Files\relax-1.3.14\test_suite\gui_tests\state.py&quot;, line
72, in test_load_state_no_gui
    self.assertEqual(ds.relax_gui.analyses[index].pipe_name, 'a')
AssertionError: None != 'a'

----------------------------------------------------------------------
Ran 4 tests in 4.233s

FAILED (failures=1, errors=3)




###################################
# Summary of the relax test suite #
###################################


# Optional packages/modules
###########################

No tests skipped due to missing modules.

# Synopsis
##########

System/functional tests ......................................... [ OK ]
Unit tests ...................................................... [ OK ]
GUI tests ....................................................... [ Failed ]
Synopsis ........................................................ [ Failed ]


Regards
Jimmy

_______________________________________________
relax (<a  rel="nofollow" href="http://www.nmr-relax.com">http://www.nmr-relax.com</a>)

This is the relax-users mailing list
relax-users@xxxxxxx

To unsubscribe from this list, get a password
reminder, or change your subscription options,
visit the list information page at
<a  rel="nofollow" href="http://www.nmr-relax.com/mail.gna.org/listinfo/relax-users">https://mail.gna.org/listinfo/relax-users</a>

</pre></blockquote><pre style="margin: 0em;">


</pre>
<!--X-Body-of-Message-End-->
<!--X-MsgBody-End-->
<!--X-Follow-Ups-->
</div><!-- end msgdata -->
<br />
<h3><a name="related" href="#related">Related Messages</a></h3>
<div class="relateddata">
<!--X-Follow-Ups-End-->
<!--X-References-->
<ul><li><strong>References</strong>:
<ul>
<li><strong><a name="00058" href="msg00058.html">curve fit error has dispappeared!</a></strong>
<ul><li><em>From:</em> James Nyirenda</li></ul></li>
</ul></li></ul>
<!--X-References-End-->
<!--X-BotPNI-->
</div><!-- end relateddata -->
<!-- NoBotLinksApartFromRelatedMessages -->

<!--X-BotPNI-End-->
<!--X-User-Footer-->
<!--X-User-Footer-End-->
<div class="footer"></div><br />
<div class="right">Powered by <a href="http://www.mhonarc.org">MHonArc</a>, Updated Tue Apr 24 10:00:09 2012</div>  
</body>
</html>
