<!-- MHonArc v2.6.16 -->
<!--X-Subject: Re: repository line 1.3 -->
<!--X-From-R13: Eronfgvra [beva <fronfgvra.zbeva.1Nhyniny.pn> -->
<!--X-Date: Wed, 27 Jun 2007 18:02:11 +0200 -->
<!--X-Message-Id: 468289DF.20706@ulaval.ca -->
<!--X-Content-Type: text/plain -->
<!--X-Reference: 4682782D.9020409@ulaval.ca -->
<!--X-Reference: 7f080ed10706270843r61049951mcc62a376a515f6ac@mail.gmail.com -->
<!--X-Head-End-->
<!DOCTYPE html PUBLIC "-//W3C//DTD HTML 4.01 Transitional//EN"
   "http://www.w3.org/TR/html4/loose.dtd">
<html>
<head>
<title>Re: repository line 1.3 -- June 27, 2007 - 18:02</title>
<link rel="stylesheet" type="text/css" href="/mail.gna.org/archives-color-gna.css"> 
<meta http-equiv="Content-Type" content="text/html; charset=utf-8">
</head>
<body>
<!--X-Body-Begin-->
<!--X-User-Header-->
<!--X-User-Header-End-->
<!--X-TopPNI-->
<h2><img src="/mail.gna.org/images/mail.orig.png" width="48" height="48"
alt="mail" class="pageicon" />Re: repository line 1.3</h2>
<br />
<div class="topmenu">
<a href="../" class="tabs">Others Months</a> | <a href="index.html#00030" class="tabs">Index by Date</a> | <a href="threads.html#00030" class="tabs">Thread Index</a><br />
<span class="smaller">&gt;&gt;&nbsp;&nbsp;
[<a href="msg00029.html">Date Prev</a>] [<a href="msg00031.html">Date Next</a>] [<a href="msg00029.html">Thread Prev</a>] [Thread Next]
</div>

<!--X-TopPNI-End-->
<!--X-MsgBody-->
<!--X-Subject-Header-Begin-->
<h3><a name="header" href="#header">Header</a></h3>
<!--X-Subject-Header-End-->
<!--X-Head-of-Message-->
<ul class="headdata">
<li class="menuitem">
<em>To</em>: Edward d'Auvergne &lt;edward.dauvergne@xxxxxxxxx&gt;</li>
<li class="menuitem">
<em>Date</em>: Wed, 27 Jun 2007 12:01:35 -0400</li>
<li class="menuitem">
<em>Cc</em>: relax-devel@xxxxxxx</li>
<li class="menuitem">
<em>Message-id</em>: &lt;<a href="msg00030.html">468289DF.20706@ulaval.ca</a>&gt;</li>
<li class="menuitem">
<em>References</em>: &lt;4682782D.9020409@xxxxxxxxx&gt;	&lt;7f080ed10706270843r61049951mcc62a376a515f6ac@xxxxxxxxxxxxxx&gt;</li>
<li class="menuitem">
<em>User-agent</em>: Thunderbird 2.0.0.4 (X11/20070615)</li>
</ul>
<!--X-Head-of-Message-End-->
<!--X-Head-Body-Sep-Begin-->
</div><!-- end headdata -->
<br />
<h3><a name="content" href="#content">Content</a></h3>
<div class="postedby">Posted by <strong>Sebastien Morin</strong> on June 27, 2007 - 18:02:</div>
<div class="msgdata">
<!--X-Head-Body-Sep-End-->
<!--X-Body-of-Message-->
<pre style="margin: 0em;">Hi Ed,

That's fine. I perfectly understand how one can miss time..!

If there is anything I can do (simple things for a beginner, maybe
fixing format problems as those found with the 'code validator', or
maybe adding some tests in the test suite, anything), let me know. It
would be a pleasure for me to participate.

Cheers


Sébastien  :)


Edward d'Auvergne wrote:
</pre><blockquote class="blockquote"><pre style="margin: 0em;">Hi,

The 1.3 development line is currently experiencing a massive work
over.  See the thread starting at
<a  rel="nofollow" href="http://www.nmr-relax.com/mail.gna.org/public/relax-devel/2006-10/msg00053.html">https://mail.gna.org/public/relax-devel/2006-10/msg00053.html</a> for a
full description.  The last few months the development of this branch
has considerably slowed down mainly due to me moving from a PhD in
Melbourne, Australia to a postdoc in Germany (as well as Chris
MacRaild moving from Leeds, England to Australia).  But I will be
getting back to completing this redesign of relax soon.

At the moment almost everything is broken.  The reason is because a
lot of new core infrastructure has been put into place, replacing many
old methods, but that the old code does not yet use this
infrastructure and is hence broken.  There is also the writing of unit
tests which will significantly help to decrease the bug count in relax
and also allow much more flexibility for code redesign in the future.
And there are general improvements as well including a better
organisation of the code in classes vs. modules, breaking of large
files, etc. and the updating of function and method docstrings into
the Epydoc format (for the relax API documentation).  All of this
however takes time.

Even though everything is broken a new type of analysis can be added
to this line, utilising the new infrastructure (there is no choice
there anyway), but which will function perfectly independent of the
rest of the program.

Regards,

Edward



On 6/27/07, Sebastien Morin &lt;sebastien.morin.1@xxxxxxxxx&gt; wrote:
</pre><blockquote class="blockquote"><pre style="margin: 0em;">Hi,

I just checked out the repository line 1.3 and tried the test suite
without success.

Should the 1.3 line work or is it supposed to crash on almost every
single test..?

Please find below the error output (first 120 lines) from the test
suite. You'll see that the error is always something like :

         self.relax.generic.runs.create(self.run, 'mf')
     AttributeError: Generic instance has no attribute 'runs'

Thanks !


Sébastien


relax --test-suite &gt;&amp; error_output.log

=========================

Traceback (most recent call last):
  File &quot;/home/semor/packages/relax-1.3/test_suite/system_tests/main.py&quot;,
line 265, in exec_tests
    test_array[i].passed = test_array[i].test(self.run)
  File
&quot;/home/semor/packages/relax-1.3/test_suite/system_tests/sequence.py&quot;,
line 66, in read
    self.relax.generic.runs.create(run, 'mf')
AttributeError: Generic instance has no attribute 'runs'
Traceback (most recent call last):
  File &quot;/home/semor/packages/relax-1.3/test_suite/system_tests/main.py&quot;,
line 265, in exec_tests
    test_array[i].passed = test_array[i].test(self.run)
  File
&quot;/home/semor/packages/relax-1.3/test_suite/system_tests/sequence.py&quot;,
line 53, in pdb
    self.relax.generic.runs.create(run, 'mf')
AttributeError: Generic instance has no attribute 'runs'
Traceback (most recent call last):
  File &quot;/home/semor/packages/relax-1.3/test_suite/system_tests/main.py&quot;,
line 265, in exec_tests
    test_array[i].passed = test_array[i].test(self.run)
  File
&quot;/home/semor/packages/relax-1.3/test_suite/system_tests/diffusion_tensor.py&quot;,

line 107, in init
    self.initialise_tensors()
  File
&quot;/home/semor/packages/relax-1.3/test_suite/system_tests/diffusion_tensor.py&quot;,

line 117, in initialise_tensors
    self.relax.generic.runs.create('sphere', 'mf')
AttributeError: Generic instance has no attribute 'runs'
Traceback (most recent call last):
  File &quot;/home/semor/packages/relax-1.3/test_suite/system_tests/main.py&quot;,
line 265, in exec_tests
    test_array[i].passed = test_array[i].test(self.run)
  File
&quot;/home/semor/packages/relax-1.3/test_suite/system_tests/diffusion_tensor.py&quot;,

line 77, in delete
    self.initialise_tensors()
  File
&quot;/home/semor/packages/relax-1.3/test_suite/system_tests/diffusion_tensor.py&quot;,

line 117, in initialise_tensors
    self.relax.generic.runs.create('sphere', 'mf')
AttributeError: Generic instance has no attribute 'runs'
Traceback (most recent call last):
  File &quot;/home/semor/packages/relax-1.3/test_suite/system_tests/main.py&quot;,
line 265, in exec_tests
    test_array[i].passed = test_array[i].test(self.run)
  File
&quot;/home/semor/packages/relax-1.3/test_suite/system_tests/diffusion_tensor.py&quot;,

line 92, in display
    self.initialise_tensors()
  File
&quot;/home/semor/packages/relax-1.3/test_suite/system_tests/diffusion_tensor.py&quot;,

line 117, in initialise_tensors
    self.relax.generic.runs.create('sphere', 'mf')
AttributeError: Generic instance has no attribute 'runs'
Traceback (most recent call last):
  File &quot;/home/semor/packages/relax-1.3/test_suite/system_tests/main.py&quot;,
line 265, in exec_tests
    test_array[i].passed = test_array[i].test(self.run)
  File
&quot;/home/semor/packages/relax-1.3/test_suite/system_tests/diffusion_tensor.py&quot;,

line 57, in copy
    self.initialise_tensors()
  File
&quot;/home/semor/packages/relax-1.3/test_suite/system_tests/diffusion_tensor.py&quot;,

line 117, in initialise_tensors
    self.relax.generic.runs.create('sphere', 'mf')
AttributeError: Generic instance has no attribute 'runs'
Traceback (most recent call last):
  File &quot;/home/semor/packages/relax-1.3/test_suite/system_tests/main.py&quot;,
line 265, in exec_tests
    test_array[i].passed = test_array[i].test(self.run)
  File
&quot;/home/semor/packages/relax-1.3/test_suite/system_tests/angles.py&quot;, line
40, in test
    self.relax.interpreter._Run.create(run, 'mf')
AttributeError: Interpreter instance has no attribute '_Run'
Traceback (most recent call last):
  File &quot;/home/semor/packages/relax-1.3/test_suite/system_tests/main.py&quot;,
line 265, in exec_tests
    test_array[i].passed = test_array[i].test(self.run)
  File
&quot;/home/semor/packages/relax-1.3/test_suite/system_tests/relax_fit.py&quot;,
line 56, in read_sparky
    self.relax.interpreter._State.load(file='rx.save', dir=sys.path[-1]
+ '/test_suite/system_tests/data/curve_fitting')
  File &quot;/home/semor/packages/relax-1.3/prompt/state.py&quot;, line 95, in
load
    self.__relax__.generic.state.load(file=file, dir=dir)
  File &quot;/home/semor/packages/relax-1.3/generic_fns/state.py&quot;, line 48,
in load
    relax_data_store = load(file)
ImportError: No module named main
Traceback (most recent call last):
  File &quot;/home/semor/packages/relax-1.3/test_suite/system_tests/main.py&quot;,
line 265, in exec_tests
    test_array[i].passed = test_array[i].test(self.run)
  File
&quot;/home/semor/packages/relax-1.3/test_suite/system_tests/model_free.py&quot;,
line 947, in read_relax_data
    self.relax.generic.runs.create(self.run, 'mf')
AttributeError: Generic instance has no attribute 'runs'
Traceback (most recent call last):
  File &quot;/home/semor/packages/relax-1.3/test_suite/system_tests/main.py&quot;,
line 265, in exec_tests
    test_array[i].passed = test_array[i].test(self.run)
  File
&quot;/home/semor/packages/relax-1.3/test_suite/system_tests/model_free.py&quot;,
line 1218, in set_csa
    self.relax.generic.runs.create(self.run, 'mf')
AttributeError: Generic instance has no attribute 'runs'
Traceback (most recent call last):
  File &quot;/home/semor/packages/relax-1.3/test_suite/system_tests/main.py&quot;,
line 265, in exec_tests
    test_array[i].passed = test_array[i].test(self.run)
  File
&quot;/home/semor/packages/relax-1.3/test_suite/system_tests/model_free.py&quot;,
line 1218, in set_csa
    self.relax.generic.runs.create(self.run, 'mf')
AttributeError: Generic instance has no attribute 'runs'
Traceback (most recent call last):
  File &quot;/home/semor/packages/relax-1.3/test_suite/system_tests/main.py&quot;,
line 265, in exec_tests
    test_array[i].passed = test_array[i].test(self.run)
  File
&quot;/home/semor/packages/relax-1.3/test_suite/system_tests/model_free.py&quot;,
line 1244, in set_csa_bond_length
    self.relax.generic.runs.create(self.run, 'mf')
AttributeError: Generic instance has no attribute 'runs'
Traceback (most recent call last):
  File &quot;/home/semor/packages/relax-1.3/test_suite/system_tests/main.py&quot;,
line 265, in exec_tests
    test_array[i].passed = test_array[i].test(self.run)
  File
&quot;/home/semor/packages/relax-1.3/test_suite/system_tests/model_free.py&quot;,
line 1161, in select_m4
    self.relax.generic.runs.create(self.run, 'mf')
AttributeError: Generic instance has no attribute 'runs'
Traceback (most recent call last):
  File &quot;/home/semor/packages/relax-1.3/test_suite/system_tests/main.py&quot;,
line 265, in exec_tests
    test_array[i].passed = test_array[i].test(self.run)
  File
&quot;/home/semor/packages/relax-1.3/test_suite/system_tests/model_free.py&quot;,
line 1161, in select_m4
    self.relax.generic.runs.create(self.run, 'mf')
AttributeError: Generic instance has no attribute 'runs'
Traceback (most recent call last):
  File &quot;/home/semor/packages/relax-1.3/test_suite/system_tests/main.py&quot;,
line 265, in exec_tests
    test_array[i].passed = test_array[i].test(self.run)
  File
&quot;/home/semor/packages/relax-1.3/test_suite/system_tests/model_free.py&quot;,
line 978, in read_results
    self.relax.interpreter._State.load(file='orig_state',
dir=sys.path[-1] + '/test_suite/system_tests/data/model_free')
  File &quot;/home/semor/packages/relax-1.3/prompt/state.py&quot;, line 95, in
load
    self.__relax__.generic.state.load(file=file, dir=dir)
  File &quot;/home/semor/packages/relax-1.3/generic_fns/state.py&quot;, line 48,
in load
    relax_data_store = load(file)
ImportError: No module named main
Traceback (most recent call last):
  File &quot;/home/semor/packages/relax-1.3/test_suite/system_tests/main.py&quot;,
line 265, in exec_tests
    test_array[i].passed = test_array[i].test(self.run)
  File
&quot;/home/semor/packages/relax-1.3/test_suite/system_tests/model_free.py&quot;,
line 242, in opendx_s2_te_rex
    self.relax.generic.runs.create(self.run, 'mf')
AttributeError: Generic instance has no attribute 'runs'
Traceback (most recent call last):
  File &quot;/home/semor/packages/relax-1.3/test_suite/system_tests/main.py&quot;,
line 265, in exec_tests
    test_array[i].passed = test_array[i].test(self.run)
  File
&quot;/home/semor/packages/relax-1.3/test_suite/system_tests/model_free.py&quot;,
line 281, in opendx_theta_phi_da
    self.relax.generic.runs.create(self.run, 'mf')
AttributeError: Generic instance has no attribute 'runs'
^[[?1034hFunction intros have been enabled.




_______________________________________________
relax (<a  rel="nofollow" href="http://nmr-relax.com">http://nmr-relax.com</a>)

This is the relax-devel mailing list
relax-devel@xxxxxxx

To unsubscribe from this list, get a password
reminder, or change your subscription options,
visit the list information page at
<a  rel="nofollow" href="http://www.nmr-relax.com/mail.gna.org/listinfo/relax-devel">https://mail.gna.org/listinfo/relax-devel</a>

</pre></blockquote><pre style="margin: 0em;">


</pre></blockquote><pre style="margin: 0em;">

-- 
         ______________________________________    
     _______________________________________________
    |                                               |
   || Sebastien Morin                               ||
  ||| Etudiant au PhD en biochimie                  |||
 |||| Laboratoire de resonance magnetique nucleaire ||||
||||| Dr Stephane Gagne                             |||||
 |||| CREFSIP (Universite Laval, Quebec, CANADA)    ||||
  ||| 1-418-656-2131 #4530                          |||
   ||                                               ||
    |_______________________________________________|
         ______________________________________    




</pre>
<!--X-Body-of-Message-End-->
<!--X-MsgBody-End-->
<!--X-Follow-Ups-->
</div><!-- end msgdata -->
<br />
<h3><a name="related" href="#related">Related Messages</a></h3>
<div class="relateddata">
<!--X-Follow-Ups-End-->
<!--X-References-->
<ul><li><strong>References</strong>:
<ul>
<li><strong><a name="00028" href="msg00028.html">repository line 1.3</a></strong>
<ul><li><em>From:</em> Sebastien Morin</li></ul></li>
<li><strong><a name="00029" href="msg00029.html">Re: repository line 1.3</a></strong>
<ul><li><em>From:</em> Edward d'Auvergne</li></ul></li>
</ul></li></ul>
<!--X-References-End-->
<!--X-BotPNI-->
</div><!-- end relateddata -->
<!-- NoBotLinksApartFromRelatedMessages -->

<!--X-BotPNI-End-->
<!--X-User-Footer-->
<!--X-User-Footer-End-->
<div class="footer"></div><br />
<div class="right">Powered by <a href="http://www.mhonarc.org">MHonArc</a>, Updated Wed Jun 27 18:21:02 2007</div>  
</body>
</html>
