<!-- MHonArc v2.6.16 -->
<!--X-Subject: repository line 1.3 -->
<!--X-From-R13: Eronfgvra [beva <fronfgvra.zbeva.1Nhyniny.pn> -->
<!--X-Date: Wed, 27 Jun 2007 16:46:40 +0200 -->
<!--X-Message-Id: 4682782D.9020409@ulaval.ca -->
<!--X-Content-Type: text/plain -->
<!--X-Head-End-->
<!DOCTYPE html PUBLIC "-//W3C//DTD HTML 4.01 Transitional//EN"
   "http://www.w3.org/TR/html4/loose.dtd">
<html>
<head>
<title>repository line 1.3 -- June 27, 2007 - 16:46</title>
<link rel="stylesheet" type="text/css" href="/archives-color-gna.css"> 
<meta http-equiv="Content-Type" content="text/html; charset=utf-8">
</head>
<body>
<!--X-Body-Begin-->
<!--X-User-Header-->
<!--X-User-Header-End-->
<!--X-TopPNI-->
<h2><img src="https://gna.org/images/gna.theme/mail.orig.png" width="48" height="48"
alt="mail" class="pageicon" />repository line 1.3</h2>
<br />
<div class="topmenu">
<a href="../" class="tabs">Others Months</a> | <a href="index.html#00028" class="tabs">Index by Date</a> | <a href="threads.html#00028" class="tabs">Thread Index</a><br />
<span class="smaller">&gt;&gt;&nbsp;&nbsp;
[<a href="msg00027.html">Date Prev</a>] [<a href="msg00029.html">Date Next</a>] [<a href="msg00023.html">Thread Prev</a>] [<a href="msg00029.html">Thread Next</a>]
</div>

<!--X-TopPNI-End-->
<!--X-MsgBody-->
<!--X-Subject-Header-Begin-->
<h3><a name="header" href="#header">Header</a></h3>
<!--X-Subject-Header-End-->
<!--X-Head-of-Message-->
<ul class="headdata">
<li class="menuitem">
<em>To</em>: relax-devel@xxxxxxx</li>
<li class="menuitem">
<em>Date</em>: Wed, 27 Jun 2007 10:46:05 -0400</li>
<li class="menuitem">
<em>Message-id</em>: &lt;<a href="msg00028.html">4682782D.9020409@ulaval.ca</a>&gt;</li>
<li class="menuitem">
<em>User-agent</em>: Thunderbird 2.0.0.4 (X11/20070615)</li>
</ul>
<!--X-Head-of-Message-End-->
<!--X-Head-Body-Sep-Begin-->
</div><!-- end headdata -->
<br />
<h3><a name="content" href="#content">Content</a></h3>
<div class="postedby">Posted by <strong>Sebastien Morin</strong> on June 27, 2007 - 16:46:</div>
<div class="msgdata">
<!--X-Head-Body-Sep-End-->
<!--X-Body-of-Message-->
<pre style="margin: 0em;">Hi,

I just checked out the repository line 1.3 and tried the test suite
without success.

Should the 1.3 line work or is it supposed to crash on almost every
single test..?

Please find below the error output (first 120 lines) from the test
suite. You'll see that the error is always something like :

         self.relax.generic.runs.create(self.run, 'mf')
     AttributeError: Generic instance has no attribute 'runs'

Thanks !


SÃ©bastien


relax --test-suite &gt;&amp; error_output.log

=========================

Traceback (most recent call last):
  File &quot;/home/semor/packages/relax-1.3/test_suite/system_tests/main.py&quot;,
line 265, in exec_tests
    test_array[i].passed = test_array[i].test(self.run)
  File
&quot;/home/semor/packages/relax-1.3/test_suite/system_tests/sequence.py&quot;,
line 66, in read
    self.relax.generic.runs.create(run, 'mf')
AttributeError: Generic instance has no attribute 'runs'
Traceback (most recent call last):
  File &quot;/home/semor/packages/relax-1.3/test_suite/system_tests/main.py&quot;,
line 265, in exec_tests
    test_array[i].passed = test_array[i].test(self.run)
  File
&quot;/home/semor/packages/relax-1.3/test_suite/system_tests/sequence.py&quot;,
line 53, in pdb
    self.relax.generic.runs.create(run, 'mf')
AttributeError: Generic instance has no attribute 'runs'
Traceback (most recent call last):
  File &quot;/home/semor/packages/relax-1.3/test_suite/system_tests/main.py&quot;,
line 265, in exec_tests
    test_array[i].passed = test_array[i].test(self.run)
  File
&quot;/home/semor/packages/relax-1.3/test_suite/system_tests/diffusion_tensor.py&quot;,
line 107, in init
    self.initialise_tensors()
  File
&quot;/home/semor/packages/relax-1.3/test_suite/system_tests/diffusion_tensor.py&quot;,
line 117, in initialise_tensors
    self.relax.generic.runs.create('sphere', 'mf')
AttributeError: Generic instance has no attribute 'runs'
Traceback (most recent call last):
  File &quot;/home/semor/packages/relax-1.3/test_suite/system_tests/main.py&quot;,
line 265, in exec_tests
    test_array[i].passed = test_array[i].test(self.run)
  File
&quot;/home/semor/packages/relax-1.3/test_suite/system_tests/diffusion_tensor.py&quot;,
line 77, in delete
    self.initialise_tensors()
  File
&quot;/home/semor/packages/relax-1.3/test_suite/system_tests/diffusion_tensor.py&quot;,
line 117, in initialise_tensors
    self.relax.generic.runs.create('sphere', 'mf')
AttributeError: Generic instance has no attribute 'runs'
Traceback (most recent call last):
  File &quot;/home/semor/packages/relax-1.3/test_suite/system_tests/main.py&quot;,
line 265, in exec_tests
    test_array[i].passed = test_array[i].test(self.run)
  File
&quot;/home/semor/packages/relax-1.3/test_suite/system_tests/diffusion_tensor.py&quot;,
line 92, in display
    self.initialise_tensors()
  File
&quot;/home/semor/packages/relax-1.3/test_suite/system_tests/diffusion_tensor.py&quot;,
line 117, in initialise_tensors
    self.relax.generic.runs.create('sphere', 'mf')
AttributeError: Generic instance has no attribute 'runs'
Traceback (most recent call last):
  File &quot;/home/semor/packages/relax-1.3/test_suite/system_tests/main.py&quot;,
line 265, in exec_tests
    test_array[i].passed = test_array[i].test(self.run)
  File
&quot;/home/semor/packages/relax-1.3/test_suite/system_tests/diffusion_tensor.py&quot;,
line 57, in copy
    self.initialise_tensors()
  File
&quot;/home/semor/packages/relax-1.3/test_suite/system_tests/diffusion_tensor.py&quot;,
line 117, in initialise_tensors
    self.relax.generic.runs.create('sphere', 'mf')
AttributeError: Generic instance has no attribute 'runs'
Traceback (most recent call last):
  File &quot;/home/semor/packages/relax-1.3/test_suite/system_tests/main.py&quot;,
line 265, in exec_tests
    test_array[i].passed = test_array[i].test(self.run)
  File
&quot;/home/semor/packages/relax-1.3/test_suite/system_tests/angles.py&quot;, line
40, in test
    self.relax.interpreter._Run.create(run, 'mf')
AttributeError: Interpreter instance has no attribute '_Run'
Traceback (most recent call last):
  File &quot;/home/semor/packages/relax-1.3/test_suite/system_tests/main.py&quot;,
line 265, in exec_tests
    test_array[i].passed = test_array[i].test(self.run)
  File
&quot;/home/semor/packages/relax-1.3/test_suite/system_tests/relax_fit.py&quot;,
line 56, in read_sparky
    self.relax.interpreter._State.load(file='rx.save', dir=sys.path[-1]
+ '/test_suite/system_tests/data/curve_fitting')
  File &quot;/home/semor/packages/relax-1.3/prompt/state.py&quot;, line 95, in load
    self.__relax__.generic.state.load(file=file, dir=dir)
  File &quot;/home/semor/packages/relax-1.3/generic_fns/state.py&quot;, line 48,
in load
    relax_data_store = load(file)
ImportError: No module named main
Traceback (most recent call last):
  File &quot;/home/semor/packages/relax-1.3/test_suite/system_tests/main.py&quot;,
line 265, in exec_tests
    test_array[i].passed = test_array[i].test(self.run)
  File
&quot;/home/semor/packages/relax-1.3/test_suite/system_tests/model_free.py&quot;,
line 947, in read_relax_data
    self.relax.generic.runs.create(self.run, 'mf')
AttributeError: Generic instance has no attribute 'runs'
Traceback (most recent call last):
  File &quot;/home/semor/packages/relax-1.3/test_suite/system_tests/main.py&quot;,
line 265, in exec_tests
    test_array[i].passed = test_array[i].test(self.run)
  File
&quot;/home/semor/packages/relax-1.3/test_suite/system_tests/model_free.py&quot;,
line 1218, in set_csa
    self.relax.generic.runs.create(self.run, 'mf')
AttributeError: Generic instance has no attribute 'runs'
Traceback (most recent call last):
  File &quot;/home/semor/packages/relax-1.3/test_suite/system_tests/main.py&quot;,
line 265, in exec_tests
    test_array[i].passed = test_array[i].test(self.run)
  File
&quot;/home/semor/packages/relax-1.3/test_suite/system_tests/model_free.py&quot;,
line 1218, in set_csa
    self.relax.generic.runs.create(self.run, 'mf')
AttributeError: Generic instance has no attribute 'runs'
Traceback (most recent call last):
  File &quot;/home/semor/packages/relax-1.3/test_suite/system_tests/main.py&quot;,
line 265, in exec_tests
    test_array[i].passed = test_array[i].test(self.run)
  File
&quot;/home/semor/packages/relax-1.3/test_suite/system_tests/model_free.py&quot;,
line 1244, in set_csa_bond_length
    self.relax.generic.runs.create(self.run, 'mf')
AttributeError: Generic instance has no attribute 'runs'
Traceback (most recent call last):
  File &quot;/home/semor/packages/relax-1.3/test_suite/system_tests/main.py&quot;,
line 265, in exec_tests
    test_array[i].passed = test_array[i].test(self.run)
  File
&quot;/home/semor/packages/relax-1.3/test_suite/system_tests/model_free.py&quot;,
line 1161, in select_m4
    self.relax.generic.runs.create(self.run, 'mf')
AttributeError: Generic instance has no attribute 'runs'
Traceback (most recent call last):
  File &quot;/home/semor/packages/relax-1.3/test_suite/system_tests/main.py&quot;,
line 265, in exec_tests
    test_array[i].passed = test_array[i].test(self.run)
  File
&quot;/home/semor/packages/relax-1.3/test_suite/system_tests/model_free.py&quot;,
line 1161, in select_m4
    self.relax.generic.runs.create(self.run, 'mf')
AttributeError: Generic instance has no attribute 'runs'
Traceback (most recent call last):
  File &quot;/home/semor/packages/relax-1.3/test_suite/system_tests/main.py&quot;,
line 265, in exec_tests
    test_array[i].passed = test_array[i].test(self.run)
  File
&quot;/home/semor/packages/relax-1.3/test_suite/system_tests/model_free.py&quot;,
line 978, in read_results
    self.relax.interpreter._State.load(file='orig_state',
dir=sys.path[-1] + '/test_suite/system_tests/data/model_free')
  File &quot;/home/semor/packages/relax-1.3/prompt/state.py&quot;, line 95, in load
    self.__relax__.generic.state.load(file=file, dir=dir)
  File &quot;/home/semor/packages/relax-1.3/generic_fns/state.py&quot;, line 48,
in load
    relax_data_store = load(file)
ImportError: No module named main
Traceback (most recent call last):
  File &quot;/home/semor/packages/relax-1.3/test_suite/system_tests/main.py&quot;,
line 265, in exec_tests
    test_array[i].passed = test_array[i].test(self.run)
  File
&quot;/home/semor/packages/relax-1.3/test_suite/system_tests/model_free.py&quot;,
line 242, in opendx_s2_te_rex
    self.relax.generic.runs.create(self.run, 'mf')
AttributeError: Generic instance has no attribute 'runs'
Traceback (most recent call last):
  File &quot;/home/semor/packages/relax-1.3/test_suite/system_tests/main.py&quot;,
line 265, in exec_tests
    test_array[i].passed = test_array[i].test(self.run)
  File
&quot;/home/semor/packages/relax-1.3/test_suite/system_tests/model_free.py&quot;,
line 281, in opendx_theta_phi_da
    self.relax.generic.runs.create(self.run, 'mf')
AttributeError: Generic instance has no attribute 'runs'
^[[?1034hFunction intros have been enabled.





</pre>
<!--X-Body-of-Message-End-->
<!--X-MsgBody-End-->
<!--X-Follow-Ups-->
</div><!-- end msgdata -->
<br />
<h3><a name="related" href="#related">Related Messages</a></h3>
<div class="relateddata">
<ul><li><strong>Follow-Ups</strong>:
<ul>
<li><strong><a name="00029" href="msg00029.html">Re: repository line 1.3</a></strong>
<ul><li><em>From:</em> Edward d'Auvergne</li></ul></li>
</ul></li></ul>
<!--X-Follow-Ups-End-->
<!--X-References-->
<!--X-References-End-->
<!--X-BotPNI-->
</div><!-- end relateddata -->
<!-- NoBotLinksApartFromRelatedMessages -->

<!--X-BotPNI-End-->
<!--X-User-Footer-->
<!--X-User-Footer-End-->
<div class="footer">You are on the <a href="http://gna.org">Gna!</a> mail server.</div><br />
<div class="right">Powered by <a href="http://www.mhonarc.org">MHonArc</a>, Updated Wed Jun 27 18:00:57 2007</div>  
</body>
</html>
