<?xml version="1.0" encoding="ascii"?>
<!DOCTYPE html PUBLIC "-//W3C//DTD XHTML 1.0 Transitional//EN"
          "DTD/xhtml1-transitional.dtd">
<html xmlns="http://www.w3.org/1999/xhtml" xml:lang="en" lang="en">
<head>
  <title>test_suite.unit_tests._prompt.test_sequence.Test_sequence</title>
  <link rel="stylesheet" href="epydoc.css" type="text/css" />
  <script type="text/javascript" src="epydoc.js"></script>
</head>

<body bgcolor="white" text="black" link="blue" vlink="#204080"
      alink="#204080">
<!-- ==================== NAVIGATION BAR ==================== -->
<table class="navbar" border="0" width="100%" cellpadding="0"
       bgcolor="#a0c0ff" cellspacing="0">
  <tr valign="middle">

  <!-- Tree link -->
      <th>&nbsp;&nbsp;&nbsp;<a
        href="module-tree.html">Trees</a>&nbsp;&nbsp;&nbsp;</th>

  <!-- Index link -->
      <th>&nbsp;&nbsp;&nbsp;<a
        href="identifier-index.html">Indices</a>&nbsp;&nbsp;&nbsp;</th>

  <!-- Help link -->
      <th>&nbsp;&nbsp;&nbsp;<a
        href="help.html">Help</a>&nbsp;&nbsp;&nbsp;</th>

  <!-- Project homepage -->
      <th class="navbar" align="right" width="100%">
        <table border="0" cellpadding="0" cellspacing="0">
          <tr><th class="navbar" align="center"
            ><a class="navbar" target="_top" href="http://nmr-relax.com">relax</a></th>
          </tr></table></th>
  </tr>
</table>
<table width="100%" cellpadding="0" cellspacing="0">
  <tr valign="top">
    <td width="100%">
      <span class="breadcrumbs">
        <a href="test_suite-module.html">Package&nbsp;test_suite</a> ::
        <a href="test_suite.unit_tests-module.html">Package&nbsp;unit_tests</a> ::
        <a href="test_suite.unit_tests._prompt-module.html">Package&nbsp;_prompt</a> ::
        <a href="test_suite.unit_tests._prompt.test_sequence-module.html">Module&nbsp;test_sequence</a> ::
        Class&nbsp;Test_sequence
      </span>
    </td>
    <td>
      <table cellpadding="0" cellspacing="0">
        <!-- hide/show private -->
        <tr><td align="right"><span class="options">[<a href="javascript:void(0);" class="privatelink"
    onclick="toggle_private();">hide&nbsp;private</a>]</span></td></tr>
        <tr><td align="right"><span class="options"
            >[<a href="frames.html" target="_top">frames</a
            >]&nbsp;|&nbsp;<a href="test_suite.unit_tests._prompt.test_sequence.Test_sequence-class.html"
            target="_top">no&nbsp;frames</a>]</span></td></tr>
      </table>
    </td>
  </tr>
</table>
<!-- ==================== CLASS DESCRIPTION ==================== -->
<h1 class="epydoc">Class Test_sequence</h1><p class="nomargin-top"><span class="codelink"><a href="test_suite.unit_tests._prompt.test_sequence-pysrc.html#Test_sequence">source&nbsp;code</a></span></p>
<center>
<center>  <map id="uml_class_diagram_for_test_sui_78" name="uml_class_diagram_for_test_sui_78">
<area shape="rect" id="node1387" href="test_suite.unit_tests._prompt.test_sequence.Test_sequence-class.html#sequence_fns" title="test_suite.unit_tests._prompt.test_sequence.Test_sequence.sequence_fns" alt="" coords="181,383,424,401"/>
<area shape="rect" id="node1387" href="test_suite.unit_tests._prompt.test_sequence.Test_sequence-class.html#test_copy_argfail_pipe_from" title="The pipe_from arg test of the sequence.copy() user function." alt="" coords="181,404,424,423"/>
<area shape="rect" id="node1387" href="test_suite.unit_tests._prompt.test_sequence.Test_sequence-class.html#test_copy_argfail_pipe_to" title="The pipe_to arg test of the sequence.copy() user function." alt="" coords="181,423,424,441"/>
<area shape="rect" id="node1387" href="test_suite.unit_tests._prompt.test_sequence.Test_sequence-class.html#test_copy_argfail_both_pipes" title="The pipe_from and pipe_to arg test of the sequence.copy() user function." alt="" coords="181,441,424,460"/>
<area shape="rect" id="node1387" href="test_suite.unit_tests._prompt.test_sequence.Test_sequence-class.html#test_display_argfail_sep" title="The proper failure of the sequence.display() user function for the sep &#160;argument." alt="" coords="181,460,424,479"/>
<area shape="rect" id="node1387" href="test_suite.unit_tests._prompt.test_sequence.Test_sequence-class.html#test_display_argfail_mol_name_flag" title="The proper failure of the sequence.display() user function for the &#160;mol_name_flag argument." alt="" coords="181,479,424,497"/>
<area shape="rect" id="node1387" href="test_suite.unit_tests._prompt.test_sequence.Test_sequence-class.html#test_display_argfail_res_num_flag" title="The proper failure of the sequence.display() user function for the &#160;res_num_flag argument." alt="" coords="181,497,424,516"/>
<area shape="rect" id="node1387" href="test_suite.unit_tests._prompt.test_sequence.Test_sequence-class.html#test_display_argfail_res_name_flag" title="The proper failure of the sequence.display() user function for the &#160;res_name_flag argument." alt="" coords="181,516,424,535"/>
<area shape="rect" id="node1387" href="test_suite.unit_tests._prompt.test_sequence.Test_sequence-class.html#test_display_argfail_spin_num_flag" title="The proper failure of the sequence.display() user function for the &#160;spin_num_flag argument." alt="" coords="181,535,424,553"/>
<area shape="rect" id="node1387" href="test_suite.unit_tests._prompt.test_sequence.Test_sequence-class.html#test_display_argfail_spin_name_flag" title="The proper failure of the sequence.display() user function for the &#160;spin_name_flag argument." alt="" coords="181,553,424,572"/>
<area shape="rect" id="node1387" href="test_suite.unit_tests._prompt.test_sequence.Test_sequence-class.html#test_read_argfail_file" title="Test the proper failure of the sequence.read() user function for the file &#160;argument." alt="" coords="181,572,424,591"/>
<area shape="rect" id="node1387" href="test_suite.unit_tests._prompt.test_sequence.Test_sequence-class.html#test_read_argfail_dir" title="Test the proper failure of the sequence.read() user function for the dir &#160;argument." alt="" coords="181,591,424,609"/>
<area shape="rect" id="node1387" href="test_suite.unit_tests._prompt.test_sequence.Test_sequence-class.html#test_read_argfail_mol_name_col" title="The proper failure of the sequence.read() user function for the &#160;mol_name_col argument." alt="" coords="181,609,424,628"/>
<area shape="rect" id="node1387" href="test_suite.unit_tests._prompt.test_sequence.Test_sequence-class.html#test_read_argfail_res_num_col" title="The proper failure of the sequence.read() user function for the res_num_col argument." alt="" coords="181,628,424,647"/>
<area shape="rect" id="node1387" href="test_suite.unit_tests._prompt.test_sequence.Test_sequence-class.html#test_write_argfail_force" title="The force arg test of the sequence.write() user function." alt="" coords="181,665,424,684"/>
<area shape="rect" id="node1" href="test_suite.unit_tests._prompt.test_sequence.Test_sequence-class.html" title="Unit tests for the functions of the &#39;prompt.sequence&#39; module." alt="" coords="169,358,436,690"/>
<area shape="rect" id="node1388" href="test_suite.unit_tests.sequence_testing_base.Sequence_base_class-class.html#setUp" title="Set up for all the molecule unit tests." alt="" coords="17,129,291,148"/>
<area shape="rect" id="node1388" href="test_suite.unit_tests.sequence_testing_base.Sequence_base_class-class.html#tearDown" title="Reset the relax data storage object." alt="" coords="17,148,291,167"/>
<area shape="rect" id="node1388" href="test_suite.unit_tests.sequence_testing_base.Sequence_base_class-class.html#test_copy_protein_sequence" title="Test the copying of an amino acid sequence." alt="" coords="17,167,291,185"/>
<area shape="rect" id="node1388" href="test_suite.unit_tests.sequence_testing_base.Sequence_base_class-class.html#test_display_protein_sequence" title="Test the display of an amino acid sequence." alt="" coords="17,185,291,204"/>
<area shape="rect" id="node1388" href="test_suite.unit_tests.sequence_testing_base.Sequence_base_class-class.html#test_read_protein_noe_data" title="Test the reading of the amino acid sequence out of a protein NOE data file." alt="" coords="17,204,291,223"/>
<area shape="rect" id="node1388" href="test_suite.unit_tests.sequence_testing_base.Sequence_base_class-class.html#test_write_protein_sequence" title="Test the writing of an amino acid sequence." alt="" coords="17,223,291,241"/>
<area shape="rect" id="node2" href="test_suite.unit_tests.sequence_testing_base.Sequence_base_class-class.html" title="Base class for the tests of both the &#39;prompt.sequence&#39; and &#39;generic_fns.sequence&#39; modules." alt="" coords="5,97,301,247"/>
<area shape="rect" id="node1389" href="exceptions.AssertionError-class.html" title="Assertion failed." alt="" coords="343,31,561,49"/>
<area shape="rect" id="node1389" href="javascript:void(0);" title="Create an instance of the class that will use the named test method when &#160;executed." alt="" coords="343,52,561,71"/>
<area shape="rect" id="node1389" href="javascript:void(0);" title="unittest.TestCase.countTestCases" alt="" coords="343,71,561,89"/>
<area shape="rect" id="node1389" href="javascript:void(0);" title="unittest.TestCase.defaultTestResult" alt="" coords="343,89,561,108"/>
<area shape="rect" id="node1389" href="javascript:void(0);" title="Returns a one&#45;line description of the test, or None if no description has &#160;been provided." alt="" coords="343,108,561,127"/>
<area shape="rect" id="node1389" href="javascript:void(0);" title="unittest.TestCase.id" alt="" coords="343,127,561,145"/>
<area shape="rect" id="node1389" href="javascript:void(0);" title="unittest.TestCase.__eq__" alt="" coords="343,145,561,164"/>
<area shape="rect" id="node1389" href="javascript:void(0);" title="unittest.TestCase.__ne__" alt="" coords="343,164,561,183"/>
<area shape="rect" id="node1389" href="javascript:void(0);" title="hash(x)" alt="" coords="343,183,561,201"/>
<area shape="rect" id="node1389" href="javascript:void(0);" title="str(x)" alt="" coords="343,201,561,220"/>
<area shape="rect" id="node1389" href="javascript:void(0);" title="repr(x)" alt="" coords="343,220,561,239"/>
<area shape="rect" id="node1389" href="javascript:void(0);" title="unittest.TestCase.run" alt="" coords="343,239,561,257"/>
<area shape="rect" id="node1389" href="javascript:void(0);" title="unittest.TestCase.__call__" alt="" coords="343,257,561,276"/>
<area shape="rect" id="node1389" href="javascript:void(0);" title="Run the test without collecting errors in a TestResult" alt="" coords="343,276,561,295"/>
<area shape="rect" id="node1389" href="javascript:void(0);" title="Fail the test if the expression is true." alt="" coords="343,313,561,332"/>
<area shape="rect" id="node3" href="javascript:void(0);" title="A class whose instances are single test cases." alt="" coords="331,6,573,338"/>
</map>
  <img src="uml_class_diagram_for_test_sui_78.gif" alt='' usemap="#uml_class_diagram_for_test_sui_78" ismap="ismap" class="graph-without-title" />
</center>
</center>
<hr />
<p>Unit tests for the functions of the 'prompt.sequence' module.</p>

<!-- ==================== NESTED CLASSES ==================== -->
<a name="section-NestedClasses"></a>
<table class="summary" border="1" cellpadding="3"
       cellspacing="0" width="100%" bgcolor="white">
<tr bgcolor="#70b0f0" class="table-header">
  <td colspan="2" class="table-header">
    <table border="0" cellpadding="0" cellspacing="0" width="100%">
      <tr valign="top">
        <td align="left"><span class="table-header">Nested Classes</span></td>
        <td align="right" valign="top"
         ><span class="options">[<a href="#section-NestedClasses"
         class="privatelink" onclick="toggle_private();"
         >hide private</a>]</span></td>
      </tr>
    </table>
  </td>
</tr>
  <tr>
    <td colspan="2" class="summary">
    <p class="indent-wrapped-lines"><b>Inherited from <code>unittest.TestCase</code></b>:
      <code><a href="exceptions.AssertionError-class.html">failureException</a></code>
      </p>
    </td>
  </tr>
</table>
<!-- ==================== INSTANCE METHODS ==================== -->
<a name="section-InstanceMethods"></a>
<table class="summary" border="1" cellpadding="3"
       cellspacing="0" width="100%" bgcolor="white">
<tr bgcolor="#70b0f0" class="table-header">
  <td colspan="2" class="table-header">
    <table border="0" cellpadding="0" cellspacing="0" width="100%">
      <tr valign="top">
        <td align="left"><span class="table-header">Instance Methods</span></td>
        <td align="right" valign="top"
         ><span class="options">[<a href="#section-InstanceMethods"
         class="privatelink" onclick="toggle_private();"
         >hide private</a>]</span></td>
      </tr>
    </table>
  </td>
</tr>
<tr>
    <td width="15%" align="right" valign="top" class="summary">
      <span class="summary-type">&nbsp;</span>
    </td><td class="summary">
      <table width="100%" cellpadding="0" cellspacing="0" border="0">
        <tr>
          <td><span class="summary-sig"><a name="test_copy_argfail_pipe_from"></a><span class="summary-sig-name">test_copy_argfail_pipe_from</span>(<span class="summary-sig-arg">self</span>)</span><br />
      The pipe_from arg test of the sequence.copy() user function.</td>
          <td align="right" valign="top">
            <span class="codelink"><a href="test_suite.unit_tests._prompt.test_sequence-pysrc.html#Test_sequence.test_copy_argfail_pipe_from">source&nbsp;code</a></span>
            
          </td>
        </tr>
      </table>
      
    </td>
  </tr>
<tr>
    <td width="15%" align="right" valign="top" class="summary">
      <span class="summary-type">&nbsp;</span>
    </td><td class="summary">
      <table width="100%" cellpadding="0" cellspacing="0" border="0">
        <tr>
          <td><span class="summary-sig"><a name="test_copy_argfail_pipe_to"></a><span class="summary-sig-name">test_copy_argfail_pipe_to</span>(<span class="summary-sig-arg">self</span>)</span><br />
      The pipe_to arg test of the sequence.copy() user function.</td>
          <td align="right" valign="top">
            <span class="codelink"><a href="test_suite.unit_tests._prompt.test_sequence-pysrc.html#Test_sequence.test_copy_argfail_pipe_to">source&nbsp;code</a></span>
            
          </td>
        </tr>
      </table>
      
    </td>
  </tr>
<tr>
    <td width="15%" align="right" valign="top" class="summary">
      <span class="summary-type">&nbsp;</span>
    </td><td class="summary">
      <table width="100%" cellpadding="0" cellspacing="0" border="0">
        <tr>
          <td><span class="summary-sig"><a name="test_copy_argfail_both_pipes"></a><span class="summary-sig-name">test_copy_argfail_both_pipes</span>(<span class="summary-sig-arg">self</span>)</span><br />
      The pipe_from and pipe_to arg test of the sequence.copy() user 
      function.</td>
          <td align="right" valign="top">
            <span class="codelink"><a href="test_suite.unit_tests._prompt.test_sequence-pysrc.html#Test_sequence.test_copy_argfail_both_pipes">source&nbsp;code</a></span>
            
          </td>
        </tr>
      </table>
      
    </td>
  </tr>
<tr>
    <td width="15%" align="right" valign="top" class="summary">
      <span class="summary-type">&nbsp;</span>
    </td><td class="summary">
      <table width="100%" cellpadding="0" cellspacing="0" border="0">
        <tr>
          <td><span class="summary-sig"><a name="test_display_argfail_sep"></a><span class="summary-sig-name">test_display_argfail_sep</span>(<span class="summary-sig-arg">self</span>)</span><br />
      The proper failure of the sequence.display() user function for the 
      sep argument.</td>
          <td align="right" valign="top">
            <span class="codelink"><a href="test_suite.unit_tests._prompt.test_sequence-pysrc.html#Test_sequence.test_display_argfail_sep">source&nbsp;code</a></span>
            
          </td>
        </tr>
      </table>
      
    </td>
  </tr>
<tr>
    <td width="15%" align="right" valign="top" class="summary">
      <span class="summary-type">&nbsp;</span>
    </td><td class="summary">
      <table width="100%" cellpadding="0" cellspacing="0" border="0">
        <tr>
          <td><span class="summary-sig"><a name="test_display_argfail_mol_name_flag"></a><span class="summary-sig-name">test_display_argfail_mol_name_flag</span>(<span class="summary-sig-arg">self</span>)</span><br />
      The proper failure of the sequence.display() user function for the 
      mol_name_flag argument.</td>
          <td align="right" valign="top">
            <span class="codelink"><a href="test_suite.unit_tests._prompt.test_sequence-pysrc.html#Test_sequence.test_display_argfail_mol_name_flag">source&nbsp;code</a></span>
            
          </td>
        </tr>
      </table>
      
    </td>
  </tr>
<tr>
    <td width="15%" align="right" valign="top" class="summary">
      <span class="summary-type">&nbsp;</span>
    </td><td class="summary">
      <table width="100%" cellpadding="0" cellspacing="0" border="0">
        <tr>
          <td><span class="summary-sig"><a name="test_display_argfail_res_num_flag"></a><span class="summary-sig-name">test_display_argfail_res_num_flag</span>(<span class="summary-sig-arg">self</span>)</span><br />
      The proper failure of the sequence.display() user function for the 
      res_num_flag argument.</td>
          <td align="right" valign="top">
            <span class="codelink"><a href="test_suite.unit_tests._prompt.test_sequence-pysrc.html#Test_sequence.test_display_argfail_res_num_flag">source&nbsp;code</a></span>
            
          </td>
        </tr>
      </table>
      
    </td>
  </tr>
<tr>
    <td width="15%" align="right" valign="top" class="summary">
      <span class="summary-type">&nbsp;</span>
    </td><td class="summary">
      <table width="100%" cellpadding="0" cellspacing="0" border="0">
        <tr>
          <td><span class="summary-sig"><a name="test_display_argfail_res_name_flag"></a><span class="summary-sig-name">test_display_argfail_res_name_flag</span>(<span class="summary-sig-arg">self</span>)</span><br />
      The proper failure of the sequence.display() user function for the 
      res_name_flag argument.</td>
          <td align="right" valign="top">
            <span class="codelink"><a href="test_suite.unit_tests._prompt.test_sequence-pysrc.html#Test_sequence.test_display_argfail_res_name_flag">source&nbsp;code</a></span>
            
          </td>
        </tr>
      </table>
      
    </td>
  </tr>
<tr>
    <td width="15%" align="right" valign="top" class="summary">
      <span class="summary-type">&nbsp;</span>
    </td><td class="summary">
      <table width="100%" cellpadding="0" cellspacing="0" border="0">
        <tr>
          <td><span class="summary-sig"><a name="test_display_argfail_spin_num_flag"></a><span class="summary-sig-name">test_display_argfail_spin_num_flag</span>(<span class="summary-sig-arg">self</span>)</span><br />
      The proper failure of the sequence.display() user function for the 
      spin_num_flag argument.</td>
          <td align="right" valign="top">
            <span class="codelink"><a href="test_suite.unit_tests._prompt.test_sequence-pysrc.html#Test_sequence.test_display_argfail_spin_num_flag">source&nbsp;code</a></span>
            
          </td>
        </tr>
      </table>
      
    </td>
  </tr>
<tr>
    <td width="15%" align="right" valign="top" class="summary">
      <span class="summary-type">&nbsp;</span>
    </td><td class="summary">
      <table width="100%" cellpadding="0" cellspacing="0" border="0">
        <tr>
          <td><span class="summary-sig"><a name="test_display_argfail_spin_name_flag"></a><span class="summary-sig-name">test_display_argfail_spin_name_flag</span>(<span class="summary-sig-arg">self</span>)</span><br />
      The proper failure of the sequence.display() user function for the 
      spin_name_flag argument.</td>
          <td align="right" valign="top">
            <span class="codelink"><a href="test_suite.unit_tests._prompt.test_sequence-pysrc.html#Test_sequence.test_display_argfail_spin_name_flag">source&nbsp;code</a></span>
            
          </td>
        </tr>
      </table>
      
    </td>
  </tr>
<tr>
    <td width="15%" align="right" valign="top" class="summary">
      <span class="summary-type">&nbsp;</span>
    </td><td class="summary">
      <table width="100%" cellpadding="0" cellspacing="0" border="0">
        <tr>
          <td><span class="summary-sig"><a name="test_read_argfail_file"></a><span class="summary-sig-name">test_read_argfail_file</span>(<span class="summary-sig-arg">self</span>)</span><br />
      Test the proper failure of the sequence.read() user function for the 
      file argument.</td>
          <td align="right" valign="top">
            <span class="codelink"><a href="test_suite.unit_tests._prompt.test_sequence-pysrc.html#Test_sequence.test_read_argfail_file">source&nbsp;code</a></span>
            
          </td>
        </tr>
      </table>
      
    </td>
  </tr>
<tr>
    <td width="15%" align="right" valign="top" class="summary">
      <span class="summary-type">&nbsp;</span>
    </td><td class="summary">
      <table width="100%" cellpadding="0" cellspacing="0" border="0">
        <tr>
          <td><span class="summary-sig"><a name="test_read_argfail_dir"></a><span class="summary-sig-name">test_read_argfail_dir</span>(<span class="summary-sig-arg">self</span>)</span><br />
      Test the proper failure of the sequence.read() user function for the 
      dir argument.</td>
          <td align="right" valign="top">
            <span class="codelink"><a href="test_suite.unit_tests._prompt.test_sequence-pysrc.html#Test_sequence.test_read_argfail_dir">source&nbsp;code</a></span>
            
          </td>
        </tr>
      </table>
      
    </td>
  </tr>
<tr>
    <td width="15%" align="right" valign="top" class="summary">
      <span class="summary-type">&nbsp;</span>
    </td><td class="summary">
      <table width="100%" cellpadding="0" cellspacing="0" border="0">
        <tr>
          <td><span class="summary-sig"><a name="test_read_argfail_mol_name_col"></a><span class="summary-sig-name">test_read_argfail_mol_name_col</span>(<span class="summary-sig-arg">self</span>)</span><br />
      The proper failure of the sequence.read() user function for the 
      mol_name_col argument.</td>
          <td align="right" valign="top">
            <span class="codelink"><a href="test_suite.unit_tests._prompt.test_sequence-pysrc.html#Test_sequence.test_read_argfail_mol_name_col">source&nbsp;code</a></span>
            
          </td>
        </tr>
      </table>
      
    </td>
  </tr>
<tr>
    <td width="15%" align="right" valign="top" class="summary">
      <span class="summary-type">&nbsp;</span>
    </td><td class="summary">
      <table width="100%" cellpadding="0" cellspacing="0" border="0">
        <tr>
          <td><span class="summary-sig"><a name="test_read_argfail_res_num_col"></a><span class="summary-sig-name">test_read_argfail_res_num_col</span>(<span class="summary-sig-arg">self</span>)</span><br />
      The proper failure of the sequence.read() user function for the 
      res_num_col argument.</td>
          <td align="right" valign="top">
            <span class="codelink"><a href="test_suite.unit_tests._prompt.test_sequence-pysrc.html#Test_sequence.test_read_argfail_res_num_col">source&nbsp;code</a></span>
            
          </td>
        </tr>
      </table>
      
    </td>
  </tr>
<tr>
    <td width="15%" align="right" valign="top" class="summary">
      <span class="summary-type">&nbsp;</span>
    </td><td class="summary">
      <table width="100%" cellpadding="0" cellspacing="0" border="0">
        <tr>
          <td><span class="summary-sig"><a name="test_read_argfail_res_name_col"></a><span class="summary-sig-name">test_read_argfail_res_name_col</span>(<span class="summary-sig-arg">self</span>)</span><br />
      The proper failure of the sequence.read() user function for the 
      res_name_col argument.</td>
          <td align="right" valign="top">
            <span class="codelink"><a href="test_suite.unit_tests._prompt.test_sequence-pysrc.html#Test_sequence.test_read_argfail_res_name_col">source&nbsp;code</a></span>
            
          </td>
        </tr>
      </table>
      
    </td>
  </tr>
<tr>
    <td width="15%" align="right" valign="top" class="summary">
      <span class="summary-type">&nbsp;</span>
    </td><td class="summary">
      <table width="100%" cellpadding="0" cellspacing="0" border="0">
        <tr>
          <td><span class="summary-sig"><a name="test_read_argfail_spin_num_col"></a><span class="summary-sig-name">test_read_argfail_spin_num_col</span>(<span class="summary-sig-arg">self</span>)</span><br />
      The proper failure of the sequence.read() user function for the 
      spin_num_col argument.</td>
          <td align="right" valign="top">
            <span class="codelink"><a href="test_suite.unit_tests._prompt.test_sequence-pysrc.html#Test_sequence.test_read_argfail_spin_num_col">source&nbsp;code</a></span>
            
          </td>
        </tr>
      </table>
      
    </td>
  </tr>
<tr>
    <td width="15%" align="right" valign="top" class="summary">
      <span class="summary-type">&nbsp;</span>
    </td><td class="summary">
      <table width="100%" cellpadding="0" cellspacing="0" border="0">
        <tr>
          <td><span class="summary-sig"><a name="test_read_argfail_spin_name_col"></a><span class="summary-sig-name">test_read_argfail_spin_name_col</span>(<span class="summary-sig-arg">self</span>)</span><br />
      The proper failure of the sequence.read() user function for the 
      spin_name_col argument.</td>
          <td align="right" valign="top">
            <span class="codelink"><a href="test_suite.unit_tests._prompt.test_sequence-pysrc.html#Test_sequence.test_read_argfail_spin_name_col">source&nbsp;code</a></span>
            
          </td>
        </tr>
      </table>
      
    </td>
  </tr>
<tr>
    <td width="15%" align="right" valign="top" class="summary">
      <span class="summary-type">&nbsp;</span>
    </td><td class="summary">
      <table width="100%" cellpadding="0" cellspacing="0" border="0">
        <tr>
          <td><span class="summary-sig"><a name="test_read_argfail_sep"></a><span class="summary-sig-name">test_read_argfail_sep</span>(<span class="summary-sig-arg">self</span>)</span><br />
      The proper failure of the sequence.read() user function for the sep 
      argument.</td>
          <td align="right" valign="top">
            <span class="codelink"><a href="test_suite.unit_tests._prompt.test_sequence-pysrc.html#Test_sequence.test_read_argfail_sep">source&nbsp;code</a></span>
            
          </td>
        </tr>
      </table>
      
    </td>
  </tr>
<tr>
    <td width="15%" align="right" valign="top" class="summary">
      <span class="summary-type">&nbsp;</span>
    </td><td class="summary">
      <table width="100%" cellpadding="0" cellspacing="0" border="0">
        <tr>
          <td><span class="summary-sig"><a name="test_write_argfail_file"></a><span class="summary-sig-name">test_write_argfail_file</span>(<span class="summary-sig-arg">self</span>)</span><br />
      Test the proper failure of the sequence.write() user function for the
      file argument.</td>
          <td align="right" valign="top">
            <span class="codelink"><a href="test_suite.unit_tests._prompt.test_sequence-pysrc.html#Test_sequence.test_write_argfail_file">source&nbsp;code</a></span>
            
          </td>
        </tr>
      </table>
      
    </td>
  </tr>
<tr>
    <td width="15%" align="right" valign="top" class="summary">
      <span class="summary-type">&nbsp;</span>
    </td><td class="summary">
      <table width="100%" cellpadding="0" cellspacing="0" border="0">
        <tr>
          <td><span class="summary-sig"><a name="test_write_argfail_dir"></a><span class="summary-sig-name">test_write_argfail_dir</span>(<span class="summary-sig-arg">self</span>)</span><br />
      Test the proper failure of the sequence.write() user function for the
      dir argument.</td>
          <td align="right" valign="top">
            <span class="codelink"><a href="test_suite.unit_tests._prompt.test_sequence-pysrc.html#Test_sequence.test_write_argfail_dir">source&nbsp;code</a></span>
            
          </td>
        </tr>
      </table>
      
    </td>
  </tr>
<tr>
    <td width="15%" align="right" valign="top" class="summary">
      <span class="summary-type">&nbsp;</span>
    </td><td class="summary">
      <table width="100%" cellpadding="0" cellspacing="0" border="0">
        <tr>
          <td><span class="summary-sig"><a name="test_write_argfail_mol_name_flag"></a><span class="summary-sig-name">test_write_argfail_mol_name_flag</span>(<span class="summary-sig-arg">self</span>)</span><br />
      The proper failure of the sequence.write() user function for the 
      mol_name_flag argument.</td>
          <td align="right" valign="top">
            <span class="codelink"><a href="test_suite.unit_tests._prompt.test_sequence-pysrc.html#Test_sequence.test_write_argfail_mol_name_flag">source&nbsp;code</a></span>
            
          </td>
        </tr>
      </table>
      
    </td>
  </tr>
<tr>
    <td width="15%" align="right" valign="top" class="summary">
      <span class="summary-type">&nbsp;</span>
    </td><td class="summary">
      <table width="100%" cellpadding="0" cellspacing="0" border="0">
        <tr>
          <td><span class="summary-sig"><a name="test_write_argfail_res_num_flag"></a><span class="summary-sig-name">test_write_argfail_res_num_flag</span>(<span class="summary-sig-arg">self</span>)</span><br />
      The proper failure of the sequence.write() user function for the 
      res_num_flag argument.</td>
          <td align="right" valign="top">
            <span class="codelink"><a href="test_suite.unit_tests._prompt.test_sequence-pysrc.html#Test_sequence.test_write_argfail_res_num_flag">source&nbsp;code</a></span>
            
          </td>
        </tr>
      </table>
      
    </td>
  </tr>
<tr>
    <td width="15%" align="right" valign="top" class="summary">
      <span class="summary-type">&nbsp;</span>
    </td><td class="summary">
      <table width="100%" cellpadding="0" cellspacing="0" border="0">
        <tr>
          <td><span class="summary-sig"><a name="test_write_argfail_res_name_flag"></a><span class="summary-sig-name">test_write_argfail_res_name_flag</span>(<span class="summary-sig-arg">self</span>)</span><br />
      The proper failure of the sequence.write() user function for the 
      res_name_flag argument.</td>
          <td align="right" valign="top">
            <span class="codelink"><a href="test_suite.unit_tests._prompt.test_sequence-pysrc.html#Test_sequence.test_write_argfail_res_name_flag">source&nbsp;code</a></span>
            
          </td>
        </tr>
      </table>
      
    </td>
  </tr>
<tr>
    <td width="15%" align="right" valign="top" class="summary">
      <span class="summary-type">&nbsp;</span>
    </td><td class="summary">
      <table width="100%" cellpadding="0" cellspacing="0" border="0">
        <tr>
          <td><span class="summary-sig"><a name="test_write_argfail_spin_num_flag"></a><span class="summary-sig-name">test_write_argfail_spin_num_flag</span>(<span class="summary-sig-arg">self</span>)</span><br />
      The proper failure of the sequence.write() user function for the 
      spin_num_flag argument.</td>
          <td align="right" valign="top">
            <span class="codelink"><a href="test_suite.unit_tests._prompt.test_sequence-pysrc.html#Test_sequence.test_write_argfail_spin_num_flag">source&nbsp;code</a></span>
            
          </td>
        </tr>
      </table>
      
    </td>
  </tr>
<tr>
    <td width="15%" align="right" valign="top" class="summary">
      <span class="summary-type">&nbsp;</span>
    </td><td class="summary">
      <table width="100%" cellpadding="0" cellspacing="0" border="0">
        <tr>
          <td><span class="summary-sig"><a name="test_write_argfail_spin_name_flag"></a><span class="summary-sig-name">test_write_argfail_spin_name_flag</span>(<span class="summary-sig-arg">self</span>)</span><br />
      The proper failure of the sequence.write() user function for the 
      spin_name_flag argument.</td>
          <td align="right" valign="top">
            <span class="codelink"><a href="test_suite.unit_tests._prompt.test_sequence-pysrc.html#Test_sequence.test_write_argfail_spin_name_flag">source&nbsp;code</a></span>
            
          </td>
        </tr>
      </table>
      
    </td>
  </tr>
<tr>
    <td width="15%" align="right" valign="top" class="summary">
      <span class="summary-type">&nbsp;</span>
    </td><td class="summary">
      <table width="100%" cellpadding="0" cellspacing="0" border="0">
        <tr>
          <td><span class="summary-sig"><a name="test_write_argfail_sep"></a><span class="summary-sig-name">test_write_argfail_sep</span>(<span class="summary-sig-arg">self</span>)</span><br />
      The proper failure of the sequence.write() user function for the sep 
      argument.</td>
          <td align="right" valign="top">
            <span class="codelink"><a href="test_suite.unit_tests._prompt.test_sequence-pysrc.html#Test_sequence.test_write_argfail_sep">source&nbsp;code</a></span>
            
          </td>
        </tr>
      </table>
      
    </td>
  </tr>
<tr>
    <td width="15%" align="right" valign="top" class="summary">
      <span class="summary-type">&nbsp;</span>
    </td><td class="summary">
      <table width="100%" cellpadding="0" cellspacing="0" border="0">
        <tr>
          <td><span class="summary-sig"><a name="test_write_argfail_force"></a><span class="summary-sig-name">test_write_argfail_force</span>(<span class="summary-sig-arg">self</span>)</span><br />
      The force arg test of the sequence.write() user function.</td>
          <td align="right" valign="top">
            <span class="codelink"><a href="test_suite.unit_tests._prompt.test_sequence-pysrc.html#Test_sequence.test_write_argfail_force">source&nbsp;code</a></span>
            
          </td>
        </tr>
      </table>
      
    </td>
  </tr>
  <tr>
    <td colspan="2" class="summary">
    <p class="indent-wrapped-lines"><b>Inherited from <code><a href="test_suite.unit_tests.sequence_testing_base.Sequence_base_class-class.html">sequence_testing_base.Sequence_base_class</a></code></b>:
      <code><a href="test_suite.unit_tests.sequence_testing_base.Sequence_base_class-class.html#setUp">setUp</a></code>,
      <code><a href="test_suite.unit_tests.sequence_testing_base.Sequence_base_class-class.html#tearDown">tearDown</a></code>,
      <code><a href="test_suite.unit_tests.sequence_testing_base.Sequence_base_class-class.html#test_copy_protein_sequence">test_copy_protein_sequence</a></code>,
      <code><a href="test_suite.unit_tests.sequence_testing_base.Sequence_base_class-class.html#test_display_protein_sequence">test_display_protein_sequence</a></code>,
      <code><a href="test_suite.unit_tests.sequence_testing_base.Sequence_base_class-class.html#test_read_protein_noe_data">test_read_protein_noe_data</a></code>,
      <code><a href="test_suite.unit_tests.sequence_testing_base.Sequence_base_class-class.html#test_write_protein_sequence">test_write_protein_sequence</a></code>
      </p>
    <p class="indent-wrapped-lines"><b>Inherited from <code>unittest.TestCase</code></b>:
      <code>__call__</code>,
      <code>__eq__</code>,
      <code>__hash__</code>,
      <code>__init__</code>,
      <code>__ne__</code>,
      <code>__repr__</code>,
      <code>__str__</code>,
      <code>assertAlmostEqual</code>,
      <code>assertAlmostEquals</code>,
      <code>assertEqual</code>,
      <code>assertEquals</code>,
      <code>assertFalse</code>,
      <code>assertNotAlmostEqual</code>,
      <code>assertNotAlmostEquals</code>,
      <code>assertNotEqual</code>,
      <code>assertNotEquals</code>,
      <code>assertRaises</code>,
      <code>assertTrue</code>,
      <code>assert_</code>,
      <code>countTestCases</code>,
      <code>debug</code>,
      <code>defaultTestResult</code>,
      <code>fail</code>,
      <code>failIf</code>,
      <code>failIfAlmostEqual</code>,
      <code>failIfEqual</code>,
      <code>failUnless</code>,
      <code>failUnlessAlmostEqual</code>,
      <code>failUnlessEqual</code>,
      <code>failUnlessRaises</code>,
      <code>id</code>,
      <code>run</code>,
      <code>shortDescription</code>
      </p>
    <div class="private">    <p class="indent-wrapped-lines"><b>Inherited from <code>unittest.TestCase</code></b> (private):
      <code>_exc_info</code>
      </p></div>
    <p class="indent-wrapped-lines"><b>Inherited from <code>object</code></b>:
      <code>__delattr__</code>,
      <code>__format__</code>,
      <code>__getattribute__</code>,
      <code>__new__</code>,
      <code>__reduce__</code>,
      <code>__reduce_ex__</code>,
      <code>__setattr__</code>,
      <code>__sizeof__</code>,
      <code>__subclasshook__</code>
      </p>
    </td>
  </tr>
</table>
<!-- ==================== CLASS VARIABLES ==================== -->
<a name="section-ClassVariables"></a>
<table class="summary" border="1" cellpadding="3"
       cellspacing="0" width="100%" bgcolor="white">
<tr bgcolor="#70b0f0" class="table-header">
  <td colspan="2" class="table-header">
    <table border="0" cellpadding="0" cellspacing="0" width="100%">
      <tr valign="top">
        <td align="left"><span class="table-header">Class Variables</span></td>
        <td align="right" valign="top"
         ><span class="options">[<a href="#section-ClassVariables"
         class="privatelink" onclick="toggle_private();"
         >hide private</a>]</span></td>
      </tr>
    </table>
  </td>
</tr>
<tr>
    <td width="15%" align="right" valign="top" class="summary">
      <span class="summary-type">&nbsp;</span>
    </td><td class="summary">
        <a name="sequence_fns"></a><span class="summary-name">sequence_fns</span> = <code title="Sequence()">Sequence()</code>
    </td>
  </tr>
</table>
<!-- ==================== PROPERTIES ==================== -->
<a name="section-Properties"></a>
<table class="summary" border="1" cellpadding="3"
       cellspacing="0" width="100%" bgcolor="white">
<tr bgcolor="#70b0f0" class="table-header">
  <td colspan="2" class="table-header">
    <table border="0" cellpadding="0" cellspacing="0" width="100%">
      <tr valign="top">
        <td align="left"><span class="table-header">Properties</span></td>
        <td align="right" valign="top"
         ><span class="options">[<a href="#section-Properties"
         class="privatelink" onclick="toggle_private();"
         >hide private</a>]</span></td>
      </tr>
    </table>
  </td>
</tr>
  <tr>
    <td colspan="2" class="summary">
    <p class="indent-wrapped-lines"><b>Inherited from <code>object</code></b>:
      <code>__class__</code>
      </p>
    </td>
  </tr>
</table>
<!-- ==================== NAVIGATION BAR ==================== -->
<table class="navbar" border="0" width="100%" cellpadding="0"
       bgcolor="#a0c0ff" cellspacing="0">
  <tr valign="middle">

  <!-- Tree link -->
      <th>&nbsp;&nbsp;&nbsp;<a
        href="module-tree.html">Trees</a>&nbsp;&nbsp;&nbsp;</th>

  <!-- Index link -->
      <th>&nbsp;&nbsp;&nbsp;<a
        href="identifier-index.html">Indices</a>&nbsp;&nbsp;&nbsp;</th>

  <!-- Help link -->
      <th>&nbsp;&nbsp;&nbsp;<a
        href="help.html">Help</a>&nbsp;&nbsp;&nbsp;</th>

  <!-- Project homepage -->
      <th class="navbar" align="right" width="100%">
        <table border="0" cellpadding="0" cellspacing="0">
          <tr><th class="navbar" align="center"
            ><a class="navbar" target="_top" href="http://nmr-relax.com">relax</a></th>
          </tr></table></th>
  </tr>
</table>
<table border="0" cellpadding="0" cellspacing="0" width="100%%">
  <tr>
    <td align="left" class="footer">
    Generated by Epydoc 3.0.1 on Thu Jan 20 18:04:50 2011
    </td>
    <td align="right" class="footer">
      <a target="mainFrame" href="http://epydoc.sourceforge.net"
        >http://epydoc.sourceforge.net</a>
    </td>
  </tr>
</table>

<script type="text/javascript">
  <!--
  // Private objects are initially displayed (because if
  // javascript is turned off then we want them to be
  // visible); but by default, we want to hide them.  So hide
  // them unless we have a cookie that says to show them.
  checkCookie();
  // -->
</script>
</body>
</html>
