<?xml version="1.0" encoding="ascii"?>
<!DOCTYPE html PUBLIC "-//W3C//DTD XHTML 1.0 Transitional//EN"
          "DTD/xhtml1-transitional.dtd">
<html xmlns="http://www.w3.org/1999/xhtml" xml:lang="en" lang="en">
<head>
  <title>test_suite.unit_tests._prompt.test_structure.Test_structure</title>
  <link rel="stylesheet" href="epydoc.css" type="text/css" />
  <script type="text/javascript" src="epydoc.js"></script>
  <!--Google analytics JS-->
  <script type="text/javascript">

    var _gaq = _gaq || [];
    _gaq.push(['_setAccount', 'UA-30096326-1']);
    _gaq.push(['_setDomainName', 'nmr-relax.com']);
    _gaq.push(['_trackPageview']);

    (function() {
      var ga = document.createElement('script'); ga.type = 'text/javascript'; ga.async = true;
      ga.src = ('https:' == document.location.protocol ? 'https://ssl' : 'http://www') + '.google-analytics.com/ga.js';
      var s = document.getElementsByTagName('script')[0]; s.parentNode.insertBefore(ga, s);
    })();

  </script>
</head>

<body bgcolor="white" text="black" link="blue" vlink="#204080"
      alink="#204080">
<!-- ==================== NAVIGATION BAR ==================== -->
<table class="navbar" border="0" width="100%" cellpadding="0"
       bgcolor="#a0c0ff" cellspacing="0">
  <tr valign="middle">

  <!-- Tree link -->
      <th>&nbsp;&nbsp;&nbsp;<a
        href="module-tree.html">Trees</a>&nbsp;&nbsp;&nbsp;</th>

  <!-- Index link -->
      <th>&nbsp;&nbsp;&nbsp;<a
        href="identifier-index.html">Indices</a>&nbsp;&nbsp;&nbsp;</th>

  <!-- Help link -->
      <th>&nbsp;&nbsp;&nbsp;<a
        href="help.html">Help</a>&nbsp;&nbsp;&nbsp;</th>

  <!-- Project homepage -->
      <th class="navbar" align="right" width="100%">
        <table border="0" cellpadding="0" cellspacing="0">
          <tr><th class="navbar" align="center"
            ><a class="navbar" target="_top" href="http://www.nmr-relax.com">relax</a></th>
          </tr></table></th>
  </tr>
</table>
<table width="100%" cellpadding="0" cellspacing="0">
  <tr valign="top">
    <td width="100%">
      <span class="breadcrumbs">
        <a href="test_suite-module.html">Package&nbsp;test_suite</a> ::
        <a href="test_suite.unit_tests-module.html">Package&nbsp;unit_tests</a> ::
        <a href="test_suite.unit_tests._prompt-module.html">Package&nbsp;_prompt</a> ::
        <a href="test_suite.unit_tests._prompt.test_structure-module.html">Module&nbsp;test_structure</a> ::
        Class&nbsp;Test_structure
      </span>
    </td>
    <td>
      <table cellpadding="0" cellspacing="0">
        <!-- hide/show private -->
        <tr><td align="right"><span class="options">[<a href="javascript:void(0);" class="privatelink"
    onclick="toggle_private();">hide&nbsp;private</a>]</span></td></tr>
        <tr><td align="right"><span class="options"
            >[<a href="frames.html" target="_top">frames</a
            >]&nbsp;|&nbsp;<a href="test_suite.unit_tests._prompt.test_structure.Test_structure-class.html"
            target="_top">no&nbsp;frames</a>]</span></td></tr>
      </table>
    </td>
  </tr>
</table>
<!-- ==================== CLASS DESCRIPTION ==================== -->
<h1 class="epydoc">Class Test_structure</h1><p class="nomargin-top"><span class="codelink"><a href="test_suite.unit_tests._prompt.test_structure-pysrc.html#Test_structure">source&nbsp;code</a></span></p>
<center>
<center>  <map id="uml_class_diagram_for_test_sui_107" name="uml_class_diagram_for_test_sui_107">
<area shape="rect" id="node2981" href="test_suite.unit_tests._prompt.test_structure.Test_structure-class.html#__init__" title="Set up the test case class for the system tests." alt="" coords="17,545,308,564"/>
<area shape="rect" id="node2981" href="test_suite.unit_tests._prompt.test_structure.Test_structure-class.html#test_create_diff_tensor_pdb_argfail_scale" title="The scale arg test of the structure.create_diff_tensor_pdb() user function." alt="" coords="17,564,308,583"/>
<area shape="rect" id="node2981" href="test_suite.unit_tests._prompt.test_structure.Test_structure-class.html#test_create_diff_tensor_pdb_argfail_file" title="The file arg test of the structure.create_diff_tensor_pdb() user function." alt="" coords="17,583,308,601"/>
<area shape="rect" id="node2981" href="test_suite.unit_tests._prompt.test_structure.Test_structure-class.html#test_create_diff_tensor_pdb_argfail_dir" title="The dir arg test of the structure.create_diff_tensor_pdb() user function." alt="" coords="17,601,308,620"/>
<area shape="rect" id="node2981" href="test_suite.unit_tests._prompt.test_structure.Test_structure-class.html#test_create_diff_tensor_pdb_argfail_force" title="The force arg test of the structure.create_diff_tensor_pdb() user function." alt="" coords="17,620,308,639"/>
<area shape="rect" id="node2981" href="test_suite.unit_tests._prompt.test_structure.Test_structure-class.html#test_create_vector_dist_argfail_length" title="The length arg test of the structure.create_vector_dist() user function." alt="" coords="17,639,308,657"/>
<area shape="rect" id="node2981" href="test_suite.unit_tests._prompt.test_structure.Test_structure-class.html#test_create_vector_dist_argfail_file" title="The file arg test of the structure.create_vector_dist() user function." alt="" coords="17,657,308,676"/>
<area shape="rect" id="node2981" href="test_suite.unit_tests._prompt.test_structure.Test_structure-class.html#test_create_vector_dist_argfail_dir" title="The dir arg test of the structure.create_vector_dist() user function." alt="" coords="17,676,308,695"/>
<area shape="rect" id="node2981" href="test_suite.unit_tests._prompt.test_structure.Test_structure-class.html#test_create_vector_dist_argfail_symmetry" title="The symmetry arg test of the structure.create_vector_dist() user function." alt="" coords="17,695,308,713"/>
<area shape="rect" id="node2981" href="test_suite.unit_tests._prompt.test_structure.Test_structure-class.html#test_create_vector_dist_argfail_force" title="The force arg test of the structure.create_vector_dist() user function." alt="" coords="17,713,308,732"/>
<area shape="rect" id="node2981" href="test_suite.unit_tests._prompt.test_structure.Test_structure-class.html#test_load_spins_argfail_spin_id" title="The spin_id arg test of the structure.load_spins() user function." alt="" coords="17,732,308,751"/>
<area shape="rect" id="node2981" href="test_suite.unit_tests._prompt.test_structure.Test_structure-class.html#test_read_pdb_argfail_file" title="The file arg test of the structure.read_pdb() user function." alt="" coords="17,751,308,769"/>
<area shape="rect" id="node2981" href="test_suite.unit_tests._prompt.test_structure.Test_structure-class.html#test_read_pdb_argfail_dir" title="The dir arg test of the structure.read_pdb() user function." alt="" coords="17,769,308,788"/>
<area shape="rect" id="node2981" href="test_suite.unit_tests._prompt.test_structure.Test_structure-class.html#test_read_pdb_argfail_parser" title="The parser arg test of the structure.read_pdb() user function." alt="" coords="17,807,308,825"/>
<area shape="rect" id="node1" href="test_suite.unit_tests._prompt.test_structure.Test_structure-class.html" title="Unit tests for the functions of the &#39;prompt.structure&#39; module." alt="" coords="5,513,320,831"/>
<area shape="rect" id="node2982" href="test_suite.unit_tests.structure_testing_base.Structure_base_class-class.html#setUp" title="Set up for all the molecule unit tests." alt="" coords="123,468,397,487"/>
<area shape="rect" id="node2" href="test_suite.unit_tests.structure_testing_base.Structure_base_class-class.html" title="Base class for the tests of both the &#39;prompt.structure&#39; and &#39;generic_fns.structure&#39; modules." alt="" coords="111,435,409,493"/>
<area shape="rect" id="node2983" href="test_suite.unit_tests.base_classes.UnitTestCase-class.html#tearDown" title="Default tearDown operation &#45; delete temp directories and files and reset &#160;relax." alt="" coords="148,391,320,409"/>
<area shape="rect" id="node3" href="test_suite.unit_tests.base_classes.UnitTestCase-class.html" title="relax test case class specific for the unit tests." alt="" coords="136,358,331,415"/>
<area shape="rect" id="node2984" href="exceptions.AssertionError-class.html" title="Assertion failed." alt="" coords="41,31,257,49"/>
<area shape="rect" id="node2984" href="javascript:void(0);" title="unittest.TestCase.countTestCases" alt="" coords="41,52,257,71"/>
<area shape="rect" id="node2984" href="javascript:void(0);" title="unittest.TestCase.defaultTestResult" alt="" coords="41,71,257,89"/>
<area shape="rect" id="node2984" href="javascript:void(0);" title="Returns a one&#45;line description of the test, or None if no description has &#160;been provided." alt="" coords="41,89,257,108"/>
<area shape="rect" id="node2984" href="javascript:void(0);" title="unittest.TestCase.id" alt="" coords="41,108,257,127"/>
<area shape="rect" id="node2984" href="javascript:void(0);" title="unittest.TestCase.__eq__" alt="" coords="41,127,257,145"/>
<area shape="rect" id="node2984" href="javascript:void(0);" title="unittest.TestCase.__ne__" alt="" coords="41,145,257,164"/>
<area shape="rect" id="node2984" href="javascript:void(0);" title="hash(x)" alt="" coords="41,164,257,183"/>
<area shape="rect" id="node2984" href="javascript:void(0);" title="str(x)" alt="" coords="41,183,257,201"/>
<area shape="rect" id="node2984" href="javascript:void(0);" title="repr(x)" alt="" coords="41,201,257,220"/>
<area shape="rect" id="node2984" href="javascript:void(0);" title="unittest.TestCase.run" alt="" coords="41,220,257,239"/>
<area shape="rect" id="node2984" href="javascript:void(0);" title="unittest.TestCase.__call__" alt="" coords="41,239,257,257"/>
<area shape="rect" id="node2984" href="javascript:void(0);" title="Run the test without collecting errors in a TestResult" alt="" coords="41,257,257,276"/>
<area shape="rect" id="node2984" href="javascript:void(0);" title="Fail immediately, with the given message." alt="" coords="41,276,257,295"/>
<area shape="rect" id="node2984" href="javascript:void(0);" title="Fail the test if the expression is true." alt="" coords="41,313,257,332"/>
<area shape="rect" id="node4" href="javascript:void(0);" title="A class whose instances are single test cases." alt="" coords="29,6,269,338"/>
</map>
  <img src="uml_class_diagram_for_test_sui_107.gif" alt='' usemap="#uml_class_diagram_for_test_sui_107" ismap="ismap" class="graph-without-title" />
</center>
</center>
<hr />
<p>Unit tests for the functions of the 'prompt.structure' module.</p>

<!-- ==================== NESTED CLASSES ==================== -->
<a name="section-NestedClasses"></a>
<table class="summary" border="1" cellpadding="3"
       cellspacing="0" width="100%" bgcolor="white">
<tr bgcolor="#70b0f0" class="table-header">
  <td colspan="2" class="table-header">
    <table border="0" cellpadding="0" cellspacing="0" width="100%">
      <tr valign="top">
        <td align="left"><span class="table-header">Nested Classes</span></td>
        <td align="right" valign="top"
         ><span class="options">[<a href="#section-NestedClasses"
         class="privatelink" onclick="toggle_private();"
         >hide private</a>]</span></td>
      </tr>
    </table>
  </td>
</tr>
  <tr>
    <td colspan="2" class="summary">
    <p class="indent-wrapped-lines"><b>Inherited from <code>unittest.TestCase</code></b>:
      <code><a href="exceptions.AssertionError-class.html">failureException</a></code>
      </p>
    </td>
  </tr>
</table>
<!-- ==================== INSTANCE METHODS ==================== -->
<a name="section-InstanceMethods"></a>
<table class="summary" border="1" cellpadding="3"
       cellspacing="0" width="100%" bgcolor="white">
<tr bgcolor="#70b0f0" class="table-header">
  <td colspan="2" class="table-header">
    <table border="0" cellpadding="0" cellspacing="0" width="100%">
      <tr valign="top">
        <td align="left"><span class="table-header">Instance Methods</span></td>
        <td align="right" valign="top"
         ><span class="options">[<a href="#section-InstanceMethods"
         class="privatelink" onclick="toggle_private();"
         >hide private</a>]</span></td>
      </tr>
    </table>
  </td>
</tr>
<tr>
    <td width="15%" align="right" valign="top" class="summary">
      <span class="summary-type">&nbsp;</span>
    </td><td class="summary">
      <table width="100%" cellpadding="0" cellspacing="0" border="0">
        <tr>
          <td><span class="summary-sig"><a href="test_suite.unit_tests._prompt.test_structure.Test_structure-class.html#__init__" class="summary-sig-name">__init__</a>(<span class="summary-sig-arg">self</span>,
        <span class="summary-sig-arg">methodName</span>=<span class="summary-sig-default">None</span>)</span><br />
      Set up the test case class for the system tests.</td>
          <td align="right" valign="top">
            <span class="codelink"><a href="test_suite.unit_tests._prompt.test_structure-pysrc.html#Test_structure.__init__">source&nbsp;code</a></span>
            
          </td>
        </tr>
      </table>
      
    </td>
  </tr>
<tr>
    <td width="15%" align="right" valign="top" class="summary">
      <span class="summary-type">&nbsp;</span>
    </td><td class="summary">
      <table width="100%" cellpadding="0" cellspacing="0" border="0">
        <tr>
          <td><span class="summary-sig"><a name="test_create_diff_tensor_pdb_argfail_scale"></a><span class="summary-sig-name">test_create_diff_tensor_pdb_argfail_scale</span>(<span class="summary-sig-arg">self</span>)</span><br />
      The scale arg test of the structure.create_diff_tensor_pdb() user 
      function.</td>
          <td align="right" valign="top">
            <span class="codelink"><a href="test_suite.unit_tests._prompt.test_structure-pysrc.html#Test_structure.test_create_diff_tensor_pdb_argfail_scale">source&nbsp;code</a></span>
            
          </td>
        </tr>
      </table>
      
    </td>
  </tr>
<tr>
    <td width="15%" align="right" valign="top" class="summary">
      <span class="summary-type">&nbsp;</span>
    </td><td class="summary">
      <table width="100%" cellpadding="0" cellspacing="0" border="0">
        <tr>
          <td><span class="summary-sig"><a name="test_create_diff_tensor_pdb_argfail_file"></a><span class="summary-sig-name">test_create_diff_tensor_pdb_argfail_file</span>(<span class="summary-sig-arg">self</span>)</span><br />
      The file arg test of the structure.create_diff_tensor_pdb() user 
      function.</td>
          <td align="right" valign="top">
            <span class="codelink"><a href="test_suite.unit_tests._prompt.test_structure-pysrc.html#Test_structure.test_create_diff_tensor_pdb_argfail_file">source&nbsp;code</a></span>
            
          </td>
        </tr>
      </table>
      
    </td>
  </tr>
<tr>
    <td width="15%" align="right" valign="top" class="summary">
      <span class="summary-type">&nbsp;</span>
    </td><td class="summary">
      <table width="100%" cellpadding="0" cellspacing="0" border="0">
        <tr>
          <td><span class="summary-sig"><a name="test_create_diff_tensor_pdb_argfail_dir"></a><span class="summary-sig-name">test_create_diff_tensor_pdb_argfail_dir</span>(<span class="summary-sig-arg">self</span>)</span><br />
      The dir arg test of the structure.create_diff_tensor_pdb() user 
      function.</td>
          <td align="right" valign="top">
            <span class="codelink"><a href="test_suite.unit_tests._prompt.test_structure-pysrc.html#Test_structure.test_create_diff_tensor_pdb_argfail_dir">source&nbsp;code</a></span>
            
          </td>
        </tr>
      </table>
      
    </td>
  </tr>
<tr>
    <td width="15%" align="right" valign="top" class="summary">
      <span class="summary-type">&nbsp;</span>
    </td><td class="summary">
      <table width="100%" cellpadding="0" cellspacing="0" border="0">
        <tr>
          <td><span class="summary-sig"><a name="test_create_diff_tensor_pdb_argfail_force"></a><span class="summary-sig-name">test_create_diff_tensor_pdb_argfail_force</span>(<span class="summary-sig-arg">self</span>)</span><br />
      The force arg test of the structure.create_diff_tensor_pdb() user 
      function.</td>
          <td align="right" valign="top">
            <span class="codelink"><a href="test_suite.unit_tests._prompt.test_structure-pysrc.html#Test_structure.test_create_diff_tensor_pdb_argfail_force">source&nbsp;code</a></span>
            
          </td>
        </tr>
      </table>
      
    </td>
  </tr>
<tr>
    <td width="15%" align="right" valign="top" class="summary">
      <span class="summary-type">&nbsp;</span>
    </td><td class="summary">
      <table width="100%" cellpadding="0" cellspacing="0" border="0">
        <tr>
          <td><span class="summary-sig"><a name="test_create_vector_dist_argfail_length"></a><span class="summary-sig-name">test_create_vector_dist_argfail_length</span>(<span class="summary-sig-arg">self</span>)</span><br />
      The length arg test of the structure.create_vector_dist() user 
      function.</td>
          <td align="right" valign="top">
            <span class="codelink"><a href="test_suite.unit_tests._prompt.test_structure-pysrc.html#Test_structure.test_create_vector_dist_argfail_length">source&nbsp;code</a></span>
            
          </td>
        </tr>
      </table>
      
    </td>
  </tr>
<tr>
    <td width="15%" align="right" valign="top" class="summary">
      <span class="summary-type">&nbsp;</span>
    </td><td class="summary">
      <table width="100%" cellpadding="0" cellspacing="0" border="0">
        <tr>
          <td><span class="summary-sig"><a name="test_create_vector_dist_argfail_file"></a><span class="summary-sig-name">test_create_vector_dist_argfail_file</span>(<span class="summary-sig-arg">self</span>)</span><br />
      The file arg test of the structure.create_vector_dist() user 
      function.</td>
          <td align="right" valign="top">
            <span class="codelink"><a href="test_suite.unit_tests._prompt.test_structure-pysrc.html#Test_structure.test_create_vector_dist_argfail_file">source&nbsp;code</a></span>
            
          </td>
        </tr>
      </table>
      
    </td>
  </tr>
<tr>
    <td width="15%" align="right" valign="top" class="summary">
      <span class="summary-type">&nbsp;</span>
    </td><td class="summary">
      <table width="100%" cellpadding="0" cellspacing="0" border="0">
        <tr>
          <td><span class="summary-sig"><a name="test_create_vector_dist_argfail_dir"></a><span class="summary-sig-name">test_create_vector_dist_argfail_dir</span>(<span class="summary-sig-arg">self</span>)</span><br />
      The dir arg test of the structure.create_vector_dist() user function.</td>
          <td align="right" valign="top">
            <span class="codelink"><a href="test_suite.unit_tests._prompt.test_structure-pysrc.html#Test_structure.test_create_vector_dist_argfail_dir">source&nbsp;code</a></span>
            
          </td>
        </tr>
      </table>
      
    </td>
  </tr>
<tr>
    <td width="15%" align="right" valign="top" class="summary">
      <span class="summary-type">&nbsp;</span>
    </td><td class="summary">
      <table width="100%" cellpadding="0" cellspacing="0" border="0">
        <tr>
          <td><span class="summary-sig"><a name="test_create_vector_dist_argfail_symmetry"></a><span class="summary-sig-name">test_create_vector_dist_argfail_symmetry</span>(<span class="summary-sig-arg">self</span>)</span><br />
      The symmetry arg test of the structure.create_vector_dist() user 
      function.</td>
          <td align="right" valign="top">
            <span class="codelink"><a href="test_suite.unit_tests._prompt.test_structure-pysrc.html#Test_structure.test_create_vector_dist_argfail_symmetry">source&nbsp;code</a></span>
            
          </td>
        </tr>
      </table>
      
    </td>
  </tr>
<tr>
    <td width="15%" align="right" valign="top" class="summary">
      <span class="summary-type">&nbsp;</span>
    </td><td class="summary">
      <table width="100%" cellpadding="0" cellspacing="0" border="0">
        <tr>
          <td><span class="summary-sig"><a name="test_create_vector_dist_argfail_force"></a><span class="summary-sig-name">test_create_vector_dist_argfail_force</span>(<span class="summary-sig-arg">self</span>)</span><br />
      The force arg test of the structure.create_vector_dist() user 
      function.</td>
          <td align="right" valign="top">
            <span class="codelink"><a href="test_suite.unit_tests._prompt.test_structure-pysrc.html#Test_structure.test_create_vector_dist_argfail_force">source&nbsp;code</a></span>
            
          </td>
        </tr>
      </table>
      
    </td>
  </tr>
<tr>
    <td width="15%" align="right" valign="top" class="summary">
      <span class="summary-type">&nbsp;</span>
    </td><td class="summary">
      <table width="100%" cellpadding="0" cellspacing="0" border="0">
        <tr>
          <td><span class="summary-sig"><a name="test_load_spins_argfail_spin_id"></a><span class="summary-sig-name">test_load_spins_argfail_spin_id</span>(<span class="summary-sig-arg">self</span>)</span><br />
      The spin_id arg test of the structure.load_spins() user function.</td>
          <td align="right" valign="top">
            <span class="codelink"><a href="test_suite.unit_tests._prompt.test_structure-pysrc.html#Test_structure.test_load_spins_argfail_spin_id">source&nbsp;code</a></span>
            
          </td>
        </tr>
      </table>
      
    </td>
  </tr>
<tr>
    <td width="15%" align="right" valign="top" class="summary">
      <span class="summary-type">&nbsp;</span>
    </td><td class="summary">
      <table width="100%" cellpadding="0" cellspacing="0" border="0">
        <tr>
          <td><span class="summary-sig"><a name="test_read_pdb_argfail_file"></a><span class="summary-sig-name">test_read_pdb_argfail_file</span>(<span class="summary-sig-arg">self</span>)</span><br />
      The file arg test of the structure.read_pdb() user function.</td>
          <td align="right" valign="top">
            <span class="codelink"><a href="test_suite.unit_tests._prompt.test_structure-pysrc.html#Test_structure.test_read_pdb_argfail_file">source&nbsp;code</a></span>
            
          </td>
        </tr>
      </table>
      
    </td>
  </tr>
<tr>
    <td width="15%" align="right" valign="top" class="summary">
      <span class="summary-type">&nbsp;</span>
    </td><td class="summary">
      <table width="100%" cellpadding="0" cellspacing="0" border="0">
        <tr>
          <td><span class="summary-sig"><a name="test_read_pdb_argfail_dir"></a><span class="summary-sig-name">test_read_pdb_argfail_dir</span>(<span class="summary-sig-arg">self</span>)</span><br />
      The dir arg test of the structure.read_pdb() user function.</td>
          <td align="right" valign="top">
            <span class="codelink"><a href="test_suite.unit_tests._prompt.test_structure-pysrc.html#Test_structure.test_read_pdb_argfail_dir">source&nbsp;code</a></span>
            
          </td>
        </tr>
      </table>
      
    </td>
  </tr>
<tr>
    <td width="15%" align="right" valign="top" class="summary">
      <span class="summary-type">&nbsp;</span>
    </td><td class="summary">
      <table width="100%" cellpadding="0" cellspacing="0" border="0">
        <tr>
          <td><span class="summary-sig"><a name="test_read_pdb_argfail_read_mol"></a><span class="summary-sig-name">test_read_pdb_argfail_read_mol</span>(<span class="summary-sig-arg">self</span>)</span><br />
      The read_mol arg test of the structure.read_pdb() user function.</td>
          <td align="right" valign="top">
            <span class="codelink"><a href="test_suite.unit_tests._prompt.test_structure-pysrc.html#Test_structure.test_read_pdb_argfail_read_mol">source&nbsp;code</a></span>
            
          </td>
        </tr>
      </table>
      
    </td>
  </tr>
<tr>
    <td width="15%" align="right" valign="top" class="summary">
      <span class="summary-type">&nbsp;</span>
    </td><td class="summary">
      <table width="100%" cellpadding="0" cellspacing="0" border="0">
        <tr>
          <td><span class="summary-sig"><a name="test_read_pdb_argfail_set_mol_name"></a><span class="summary-sig-name">test_read_pdb_argfail_set_mol_name</span>(<span class="summary-sig-arg">self</span>)</span><br />
      The set_mol_name arg test of the structure.read_pdb() user function.</td>
          <td align="right" valign="top">
            <span class="codelink"><a href="test_suite.unit_tests._prompt.test_structure-pysrc.html#Test_structure.test_read_pdb_argfail_set_mol_name">source&nbsp;code</a></span>
            
          </td>
        </tr>
      </table>
      
    </td>
  </tr>
<tr>
    <td width="15%" align="right" valign="top" class="summary">
      <span class="summary-type">&nbsp;</span>
    </td><td class="summary">
      <table width="100%" cellpadding="0" cellspacing="0" border="0">
        <tr>
          <td><span class="summary-sig"><a name="test_read_pdb_argfail_read_model"></a><span class="summary-sig-name">test_read_pdb_argfail_read_model</span>(<span class="summary-sig-arg">self</span>)</span><br />
      The read_model arg test of the structure.read_pdb() user function.</td>
          <td align="right" valign="top">
            <span class="codelink"><a href="test_suite.unit_tests._prompt.test_structure-pysrc.html#Test_structure.test_read_pdb_argfail_read_model">source&nbsp;code</a></span>
            
          </td>
        </tr>
      </table>
      
    </td>
  </tr>
<tr>
    <td width="15%" align="right" valign="top" class="summary">
      <span class="summary-type">&nbsp;</span>
    </td><td class="summary">
      <table width="100%" cellpadding="0" cellspacing="0" border="0">
        <tr>
          <td><span class="summary-sig"><a name="test_read_pdb_argfail_set_model_num"></a><span class="summary-sig-name">test_read_pdb_argfail_set_model_num</span>(<span class="summary-sig-arg">self</span>)</span><br />
      The set_model_num arg test of the structure.read_pdb() user function.</td>
          <td align="right" valign="top">
            <span class="codelink"><a href="test_suite.unit_tests._prompt.test_structure-pysrc.html#Test_structure.test_read_pdb_argfail_set_model_num">source&nbsp;code</a></span>
            
          </td>
        </tr>
      </table>
      
    </td>
  </tr>
<tr>
    <td width="15%" align="right" valign="top" class="summary">
      <span class="summary-type">&nbsp;</span>
    </td><td class="summary">
      <table width="100%" cellpadding="0" cellspacing="0" border="0">
        <tr>
          <td><span class="summary-sig"><a name="test_read_pdb_argfail_parser"></a><span class="summary-sig-name">test_read_pdb_argfail_parser</span>(<span class="summary-sig-arg">self</span>)</span><br />
      The parser arg test of the structure.read_pdb() user function.</td>
          <td align="right" valign="top">
            <span class="codelink"><a href="test_suite.unit_tests._prompt.test_structure-pysrc.html#Test_structure.test_read_pdb_argfail_parser">source&nbsp;code</a></span>
            
          </td>
        </tr>
      </table>
      
    </td>
  </tr>
  <tr>
    <td colspan="2" class="summary">
    <p class="indent-wrapped-lines"><b>Inherited from <code><a href="test_suite.unit_tests.structure_testing_base.Structure_base_class-class.html">structure_testing_base.Structure_base_class</a></code></b>:
      <code><a href="test_suite.unit_tests.structure_testing_base.Structure_base_class-class.html#setUp">setUp</a></code>
      </p>
    <p class="indent-wrapped-lines"><b>Inherited from <code><a href="test_suite.unit_tests.base_classes.UnitTestCase-class.html">base_classes.UnitTestCase</a></code></b>:
      <code><a href="test_suite.unit_tests.base_classes.UnitTestCase-class.html#tearDown">tearDown</a></code>
      </p>
    <p class="indent-wrapped-lines"><b>Inherited from <code>unittest.TestCase</code></b>:
      <code>__call__</code>,
      <code>__eq__</code>,
      <code>__hash__</code>,
      <code>__ne__</code>,
      <code>__repr__</code>,
      <code>__str__</code>,
      <code>assertAlmostEqual</code>,
      <code>assertAlmostEquals</code>,
      <code>assertEqual</code>,
      <code>assertEquals</code>,
      <code>assertFalse</code>,
      <code>assertNotAlmostEqual</code>,
      <code>assertNotAlmostEquals</code>,
      <code>assertNotEqual</code>,
      <code>assertNotEquals</code>,
      <code>assertRaises</code>,
      <code>assertTrue</code>,
      <code>assert_</code>,
      <code>countTestCases</code>,
      <code>debug</code>,
      <code>defaultTestResult</code>,
      <code>fail</code>,
      <code>failIf</code>,
      <code>failIfAlmostEqual</code>,
      <code>failIfEqual</code>,
      <code>failUnless</code>,
      <code>failUnlessAlmostEqual</code>,
      <code>failUnlessEqual</code>,
      <code>failUnlessRaises</code>,
      <code>id</code>,
      <code>run</code>,
      <code>shortDescription</code>
      </p>
    <div class="private">    <p class="indent-wrapped-lines"><b>Inherited from <code>unittest.TestCase</code></b> (private):
      <code>_exc_info</code>
      </p></div>
    <p class="indent-wrapped-lines"><b>Inherited from <code>object</code></b>:
      <code>__delattr__</code>,
      <code>__format__</code>,
      <code>__getattribute__</code>,
      <code>__new__</code>,
      <code>__reduce__</code>,
      <code>__reduce_ex__</code>,
      <code>__setattr__</code>,
      <code>__sizeof__</code>,
      <code>__subclasshook__</code>
      </p>
    </td>
  </tr>
</table>
<!-- ==================== PROPERTIES ==================== -->
<a name="section-Properties"></a>
<table class="summary" border="1" cellpadding="3"
       cellspacing="0" width="100%" bgcolor="white">
<tr bgcolor="#70b0f0" class="table-header">
  <td colspan="2" class="table-header">
    <table border="0" cellpadding="0" cellspacing="0" width="100%">
      <tr valign="top">
        <td align="left"><span class="table-header">Properties</span></td>
        <td align="right" valign="top"
         ><span class="options">[<a href="#section-Properties"
         class="privatelink" onclick="toggle_private();"
         >hide private</a>]</span></td>
      </tr>
    </table>
  </td>
</tr>
  <tr>
    <td colspan="2" class="summary">
    <p class="indent-wrapped-lines"><b>Inherited from <code>object</code></b>:
      <code>__class__</code>
      </p>
    </td>
  </tr>
</table>
<!-- ==================== METHOD DETAILS ==================== -->
<a name="section-MethodDetails"></a>
<table class="details" border="1" cellpadding="3"
       cellspacing="0" width="100%" bgcolor="white">
<tr bgcolor="#70b0f0" class="table-header">
  <td colspan="2" class="table-header">
    <table border="0" cellpadding="0" cellspacing="0" width="100%">
      <tr valign="top">
        <td align="left"><span class="table-header">Method Details</span></td>
        <td align="right" valign="top"
         ><span class="options">[<a href="#section-MethodDetails"
         class="privatelink" onclick="toggle_private();"
         >hide private</a>]</span></td>
      </tr>
    </table>
  </td>
</tr>
</table>
<a name="__init__"></a>
<div>
<table class="details" border="1" cellpadding="3"
       cellspacing="0" width="100%" bgcolor="white">
<tr><td>
  <table width="100%" cellpadding="0" cellspacing="0" border="0">
  <tr valign="top"><td>
  <h3 class="epydoc"><span class="sig"><span class="sig-name">__init__</span>(<span class="sig-arg">self</span>,
        <span class="sig-arg">methodName</span>=<span class="sig-default">None</span>)</span>
    <br /><em class="fname">(Constructor)</em>
  </h3>
  </td><td align="right" valign="top"
    ><span class="codelink"><a href="test_suite.unit_tests._prompt.test_structure-pysrc.html#Test_structure.__init__">source&nbsp;code</a></span>&nbsp;
    </td>
  </tr></table>
  
  <p>Set up the test case class for the system tests.</p>
  <dl class="fields">
    <dt>Overrides:
        object.__init__
    </dt>
  </dl>
</td></tr></table>
</div>
<br />
<!-- ==================== NAVIGATION BAR ==================== -->
<table class="navbar" border="0" width="100%" cellpadding="0"
       bgcolor="#a0c0ff" cellspacing="0">
  <tr valign="middle">

  <!-- Tree link -->
      <th>&nbsp;&nbsp;&nbsp;<a
        href="module-tree.html">Trees</a>&nbsp;&nbsp;&nbsp;</th>

  <!-- Index link -->
      <th>&nbsp;&nbsp;&nbsp;<a
        href="identifier-index.html">Indices</a>&nbsp;&nbsp;&nbsp;</th>

  <!-- Help link -->
      <th>&nbsp;&nbsp;&nbsp;<a
        href="help.html">Help</a>&nbsp;&nbsp;&nbsp;</th>

  <!-- Project homepage -->
      <th class="navbar" align="right" width="100%">
        <table border="0" cellpadding="0" cellspacing="0">
          <tr><th class="navbar" align="center"
            ><a class="navbar" target="_top" href="http://www.nmr-relax.com">relax</a></th>
          </tr></table></th>
  </tr>
</table>
<table border="0" cellpadding="0" cellspacing="0" width="100%%">
  <tr>
    <td align="left" class="footer">
    Generated by Epydoc 3.0.1 on Wed Oct 17 18:32:22 2012
    </td>
    <td align="right" class="footer">
      <a target="mainFrame" href="http://epydoc.sourceforge.net"
        >http://epydoc.sourceforge.net</a>
    </td>
  </tr>
</table>

<script type="text/javascript">
  <!--
  // Private objects are initially displayed (because if
  // javascript is turned off then we want them to be
  // visible); but by default, we want to hide them.  So hide
  // them unless we have a cookie that says to show them.
  checkCookie();
  // -->
</script>
</body>
</html>
