<?xml version="1.0" encoding="ascii"?>
<!DOCTYPE html PUBLIC "-//W3C//DTD XHTML 1.0 Transitional//EN"
          "DTD/xhtml1-transitional.dtd">
<html xmlns="http://www.w3.org/1999/xhtml" xml:lang="en" lang="en">
<head>
  <title>test_suite.unit_tests._prompt.test_sequence.Test_sequence</title>
  <link rel="stylesheet" href="epydoc.css" type="text/css" />
  <script type="text/javascript" src="epydoc.js"></script>
  <!--Google analytics JS-->
  <script type="text/javascript">

    var _gaq = _gaq || [];
    _gaq.push(['_setAccount', 'UA-30096326-1']);
    _gaq.push(['_setDomainName', 'nmr-relax.com']);
    _gaq.push(['_trackPageview']);

    (function() {
      var ga = document.createElement('script'); ga.type = 'text/javascript'; ga.async = true;
      ga.src = ('https:' == document.location.protocol ? 'https://ssl' : 'http://www') + '.google-analytics.com/ga.js';
      var s = document.getElementsByTagName('script')[0]; s.parentNode.insertBefore(ga, s);
    })();

  </script>
</head>

<body bgcolor="white" text="black" link="blue" vlink="#204080"
      alink="#204080">
<!-- ==================== NAVIGATION BAR ==================== -->
<table class="navbar" border="0" width="100%" cellpadding="0"
       bgcolor="#a0c0ff" cellspacing="0">
  <tr valign="middle">

  <!-- Tree link -->
      <th>&nbsp;&nbsp;&nbsp;<a
        href="module-tree.html">Trees</a>&nbsp;&nbsp;&nbsp;</th>

  <!-- Index link -->
      <th>&nbsp;&nbsp;&nbsp;<a
        href="identifier-index.html">Indices</a>&nbsp;&nbsp;&nbsp;</th>

  <!-- Help link -->
      <th>&nbsp;&nbsp;&nbsp;<a
        href="help.html">Help</a>&nbsp;&nbsp;&nbsp;</th>

  <!-- Project homepage -->
      <th class="navbar" align="right" width="100%">
        <table border="0" cellpadding="0" cellspacing="0">
          <tr><th class="navbar" align="center"
            ><a class="navbar" target="_top" href="http://www.nmr-relax.com">relax</a></th>
          </tr></table></th>
  </tr>
</table>
<table width="100%" cellpadding="0" cellspacing="0">
  <tr valign="top">
    <td width="100%">
      <span class="breadcrumbs">
        <a href="test_suite-module.html">Package&nbsp;test_suite</a> ::
        <a href="test_suite.unit_tests-module.html">Package&nbsp;unit_tests</a> ::
        <a href="test_suite.unit_tests._prompt-module.html">Package&nbsp;_prompt</a> ::
        <a href="test_suite.unit_tests._prompt.test_sequence-module.html">Module&nbsp;test_sequence</a> ::
        Class&nbsp;Test_sequence
      </span>
    </td>
    <td>
      <table cellpadding="0" cellspacing="0">
        <!-- hide/show private -->
        <tr><td align="right"><span class="options">[<a href="javascript:void(0);" class="privatelink"
    onclick="toggle_private();">hide&nbsp;private</a>]</span></td></tr>
        <tr><td align="right"><span class="options"
            >[<a href="frames.html" target="_top">frames</a
            >]&nbsp;|&nbsp;<a href="test_suite.unit_tests._prompt.test_sequence.Test_sequence-class.html"
            target="_top">no&nbsp;frames</a>]</span></td></tr>
      </table>
    </td>
  </tr>
</table>
<!-- ==================== CLASS DESCRIPTION ==================== -->
<h1 class="epydoc">Class Test_sequence</h1><p class="nomargin-top"><span class="codelink"><a href="test_suite.unit_tests._prompt.test_sequence-pysrc.html#Test_sequence">source&nbsp;code</a></span></p>
<center>
<center>  <map id="uml_class_diagram_for_test_suite_unit_tests__prompt_test_sequence_test_sequence" name="uml_class_diagram_for_test_suite_unit_tests__prompt_test_sequence_test_sequence">
<area shape="rect" id="node1_37" href="test_suite.unit_tests._prompt.test_sequence.Test_sequence-class.html#__init__" title="Set up the test case class for the system tests." alt="" coords="140,693,384,713"/>
<area shape="rect" id="node1_38" href="test_suite.unit_tests._prompt.test_sequence.Test_sequence-class.html#test_copy_argfail_pipe_from" title="The pipe_from arg test of the sequence.copy() user function." alt="" coords="140,713,384,733"/>
<area shape="rect" id="node1_39" href="test_suite.unit_tests._prompt.test_sequence.Test_sequence-class.html#test_copy_argfail_pipe_to" title="The pipe_to arg test of the sequence.copy() user function." alt="" coords="140,733,384,753"/>
<area shape="rect" id="node1_40" href="test_suite.unit_tests._prompt.test_sequence.Test_sequence-class.html#test_copy_argfail_both_pipes" title="The pipe_from and pipe_to arg test of the sequence.copy() user function." alt="" coords="140,753,384,773"/>
<area shape="rect" id="node1_41" href="test_suite.unit_tests._prompt.test_sequence.Test_sequence-class.html#test_display_argfail_sep" title="The proper failure of the sequence.display() user function for the sep &#160;argument." alt="" coords="140,773,384,793"/>
<area shape="rect" id="node1_42" href="test_suite.unit_tests._prompt.test_sequence.Test_sequence-class.html#test_display_argfail_mol_name_flag" title="The proper failure of the sequence.display() user function for the &#160;mol_name_flag argument." alt="" coords="140,793,384,813"/>
<area shape="rect" id="node1_43" href="test_suite.unit_tests._prompt.test_sequence.Test_sequence-class.html#test_display_argfail_res_num_flag" title="The proper failure of the sequence.display() user function for the &#160;res_num_flag argument." alt="" coords="140,813,384,833"/>
<area shape="rect" id="node1_44" href="test_suite.unit_tests._prompt.test_sequence.Test_sequence-class.html#test_display_argfail_res_name_flag" title="The proper failure of the sequence.display() user function for the &#160;res_name_flag argument." alt="" coords="140,833,384,853"/>
<area shape="rect" id="node1_45" href="test_suite.unit_tests._prompt.test_sequence.Test_sequence-class.html#test_display_argfail_spin_num_flag" title="The proper failure of the sequence.display() user function for the &#160;spin_num_flag argument." alt="" coords="140,853,384,873"/>
<area shape="rect" id="node1_46" href="test_suite.unit_tests._prompt.test_sequence.Test_sequence-class.html#test_display_argfail_spin_name_flag" title="The proper failure of the sequence.display() user function for the &#160;spin_name_flag argument." alt="" coords="140,873,384,893"/>
<area shape="rect" id="node1_47" href="test_suite.unit_tests._prompt.test_sequence.Test_sequence-class.html#test_read_argfail_file" title="Test the proper failure of the sequence.read() user function for the file &#160;argument." alt="" coords="140,893,384,913"/>
<area shape="rect" id="node1_48" href="test_suite.unit_tests._prompt.test_sequence.Test_sequence-class.html#test_read_argfail_dir" title="Test the proper failure of the sequence.read() user function for the dir &#160;argument." alt="" coords="140,913,384,933"/>
<area shape="rect" id="node1_49" href="test_suite.unit_tests._prompt.test_sequence.Test_sequence-class.html#test_read_argfail_mol_name_col" title="The proper failure of the sequence.read() user function for the &#160;mol_name_col argument." alt="" coords="140,933,384,953"/>
<area shape="rect" id="node1_50" href="test_suite.unit_tests._prompt.test_sequence.Test_sequence-class.html#test_write_argfail_force" title="The force arg test of the sequence.write() user function." alt="" coords="140,973,384,993"/>
<area shape="rect" id="node1" href="test_suite.unit_tests._prompt.test_sequence.Test_sequence-class.html" title="Unit tests for the functions of the &#39;prompt.sequence&#39; module." alt="" coords="127,659,395,999"/>
<area shape="rect" id="node2_51" href="test_suite.unit_tests.sequence_testing_base.Sequence_base_class-class.html#setUp" title="Set up for all the molecule unit tests." alt="" coords="223,533,497,553"/>
<area shape="rect" id="node2_52" href="test_suite.unit_tests.sequence_testing_base.Sequence_base_class-class.html#test_copy_protein_sequence" title="Test the copying of an amino acid sequence." alt="" coords="223,553,497,573"/>
<area shape="rect" id="node2_53" href="test_suite.unit_tests.sequence_testing_base.Sequence_base_class-class.html#test_display_protein_sequence" title="Test the display of an amino acid sequence." alt="" coords="223,573,497,593"/>
<area shape="rect" id="node2_54" href="test_suite.unit_tests.sequence_testing_base.Sequence_base_class-class.html#test_read_protein_noe_data" title="Test the reading of the amino acid sequence out of a protein NOE data file." alt="" coords="223,593,497,613"/>
<area shape="rect" id="node2_55" href="test_suite.unit_tests.sequence_testing_base.Sequence_base_class-class.html#test_write_protein_sequence" title="Test the writing of an amino acid sequence." alt="" coords="223,613,497,633"/>
<area shape="rect" id="node2" href="test_suite.unit_tests.sequence_testing_base.Sequence_base_class-class.html" title="Base class for the tests of both the &#39;prompt.sequence&#39; and &#39;pipe_control.sequence&#39; modules." alt="" coords="211,499,509,639"/>
<area shape="rect" id="node3_56" href="exceptions.AssertionError-class.html" title="Assertion failed." alt="" coords="17,31,477,51"/>
<area shape="rect" id="node3_57" href="javascript:void(0);" title="unittest.case.TestCase.longMessage" alt="" coords="17,51,477,71"/>
<area shape="rect" id="node3_58" href="javascript:void(0);" title="unittest.case.TestCase.maxDiff" alt="" coords="17,71,477,91"/>
<area shape="rect" id="node3_59" href="javascript:void(0);" title="unittest.case.TestCase.__call__" alt="" coords="17,93,477,113"/>
<area shape="rect" id="node3_60" href="javascript:void(0);" title="unittest.case.TestCase.__eq__" alt="" coords="17,113,477,133"/>
<area shape="rect" id="node3_61" href="javascript:void(0);" title="hash(x)" alt="" coords="17,133,477,153"/>
<area shape="rect" id="node3_62" href="javascript:void(0);" title="unittest.case.TestCase.__ne__" alt="" coords="17,153,477,173"/>
<area shape="rect" id="node3_63" href="javascript:void(0);" title="repr(x)" alt="" coords="17,173,477,193"/>
<area shape="rect" id="node3_64" href="javascript:void(0);" title="str(x)" alt="" coords="17,193,477,213"/>
<area shape="rect" id="node3_65" href="javascript:void(0);" title="Add a function, with arguments, to be called when the test is completed." alt="" coords="17,213,477,233"/>
<area shape="rect" id="node3_66" href="javascript:void(0);" title="Add a type specific assertEqual style function to compare a type." alt="" coords="17,233,477,253"/>
<area shape="rect" id="node3_67" href="javascript:void(0);" title="Fail if the two objects are unequal as determined by their difference &#160;rounded to the given number of decimal places (default 7) and comparing to &#160;zero, or by comparing that the between the two objects is more than the &#160;given delta." alt="" coords="17,253,477,273"/>
<area shape="rect" id="node3_68" href="javascript:void(0);" title="Fail if the two objects are unequal as determined by their difference &#160;rounded to the given number of decimal places (default 7) and comparing to &#160;zero, or by comparing that the between the two objects is more than the &#160;given delta." alt="" coords="17,273,477,293"/>
<area shape="rect" id="node3_69" href="javascript:void(0);" title="Checks whether actual is a superset of expected." alt="" coords="17,293,477,313"/>
<area shape="rect" id="node3_70" href="javascript:void(0);" title="unittest.case.TestCase.assertDictEqual" alt="" coords="17,313,477,333"/>
<area shape="rect" id="node3_71" href="javascript:void(0);" title="Fail if the two objects are unequal as determined by the &#39;==&#39; operator." alt="" coords="17,333,477,353"/>
<area shape="rect" id="node3_72" href="javascript:void(0);" title="Hook method for deconstructing the class fixture after running all tests in the class." alt="" coords="17,373,477,393"/>
<area shape="rect" id="node3" href="javascript:void(0);" title="A class whose instances are single test cases." alt="" coords="5,5,489,400"/>
<area shape="rect" id="node4_73" href="test_suite.unit_tests.base_classes.UnitTestCase-class.html#tearDown" title="Default tearDown operation &#45; delete temp directories and files and reset &#160;relax." alt="" coords="251,453,413,473"/>
<area shape="rect" id="node4" href="test_suite.unit_tests.base_classes.UnitTestCase-class.html" title="relax test case class specific for the unit tests." alt="" coords="239,419,425,479"/>
</map>
  <img src="uml_class_diagram_for_test_suite_unit_tests__prompt_test_sequence_test_sequence.gif" alt='' usemap="#uml_class_diagram_for_test_suite_unit_tests__prompt_test_sequence_test_sequence" ismap="ismap" class="graph-without-title" />
</center>
</center>
<hr />
<p>Unit tests for the functions of the 'prompt.sequence' module.</p>

<!-- ==================== NESTED CLASSES ==================== -->
<a name="section-NestedClasses"></a>
<table class="summary" border="1" cellpadding="3"
       cellspacing="0" width="100%" bgcolor="white">
<tr bgcolor="#70b0f0" class="table-header">
  <td colspan="2" class="table-header">
    <table border="0" cellpadding="0" cellspacing="0" width="100%">
      <tr valign="top">
        <td align="left"><span class="table-header">Nested Classes</span></td>
        <td align="right" valign="top"
         ><span class="options">[<a href="#section-NestedClasses"
         class="privatelink" onclick="toggle_private();"
         >hide private</a>]</span></td>
      </tr>
    </table>
  </td>
</tr>
  <tr>
    <td colspan="2" class="summary">
    <p class="indent-wrapped-lines"><b>Inherited from <code>unittest.case.TestCase</code></b>:
      <code><a href="exceptions.AssertionError-class.html">failureException</a></code>
      </p>
    </td>
  </tr>
</table>
<!-- ==================== INSTANCE METHODS ==================== -->
<a name="section-InstanceMethods"></a>
<table class="summary" border="1" cellpadding="3"
       cellspacing="0" width="100%" bgcolor="white">
<tr bgcolor="#70b0f0" class="table-header">
  <td colspan="2" class="table-header">
    <table border="0" cellpadding="0" cellspacing="0" width="100%">
      <tr valign="top">
        <td align="left"><span class="table-header">Instance Methods</span></td>
        <td align="right" valign="top"
         ><span class="options">[<a href="#section-InstanceMethods"
         class="privatelink" onclick="toggle_private();"
         >hide private</a>]</span></td>
      </tr>
    </table>
  </td>
</tr>
<tr>
    <td width="15%" align="right" valign="top" class="summary">
      <span class="summary-type">&nbsp;</span>
    </td><td class="summary">
      <table width="100%" cellpadding="0" cellspacing="0" border="0">
        <tr>
          <td><span class="summary-sig"><a href="test_suite.unit_tests._prompt.test_sequence.Test_sequence-class.html#__init__" class="summary-sig-name">__init__</a>(<span class="summary-sig-arg">self</span>,
        <span class="summary-sig-arg">methodName</span>=<span class="summary-sig-default">None</span>)</span><br />
      Set up the test case class for the system tests.</td>
          <td align="right" valign="top">
            <span class="codelink"><a href="test_suite.unit_tests._prompt.test_sequence-pysrc.html#Test_sequence.__init__">source&nbsp;code</a></span>
            
          </td>
        </tr>
      </table>
      
    </td>
  </tr>
<tr>
    <td width="15%" align="right" valign="top" class="summary">
      <span class="summary-type">&nbsp;</span>
    </td><td class="summary">
      <table width="100%" cellpadding="0" cellspacing="0" border="0">
        <tr>
          <td><span class="summary-sig"><a name="test_copy_argfail_pipe_from"></a><span class="summary-sig-name">test_copy_argfail_pipe_from</span>(<span class="summary-sig-arg">self</span>)</span><br />
      The pipe_from arg test of the sequence.copy() user function.</td>
          <td align="right" valign="top">
            <span class="codelink"><a href="test_suite.unit_tests._prompt.test_sequence-pysrc.html#Test_sequence.test_copy_argfail_pipe_from">source&nbsp;code</a></span>
            
          </td>
        </tr>
      </table>
      
    </td>
  </tr>
<tr>
    <td width="15%" align="right" valign="top" class="summary">
      <span class="summary-type">&nbsp;</span>
    </td><td class="summary">
      <table width="100%" cellpadding="0" cellspacing="0" border="0">
        <tr>
          <td><span class="summary-sig"><a name="test_copy_argfail_pipe_to"></a><span class="summary-sig-name">test_copy_argfail_pipe_to</span>(<span class="summary-sig-arg">self</span>)</span><br />
      The pipe_to arg test of the sequence.copy() user function.</td>
          <td align="right" valign="top">
            <span class="codelink"><a href="test_suite.unit_tests._prompt.test_sequence-pysrc.html#Test_sequence.test_copy_argfail_pipe_to">source&nbsp;code</a></span>
            
          </td>
        </tr>
      </table>
      
    </td>
  </tr>
<tr>
    <td width="15%" align="right" valign="top" class="summary">
      <span class="summary-type">&nbsp;</span>
    </td><td class="summary">
      <table width="100%" cellpadding="0" cellspacing="0" border="0">
        <tr>
          <td><span class="summary-sig"><a name="test_copy_argfail_both_pipes"></a><span class="summary-sig-name">test_copy_argfail_both_pipes</span>(<span class="summary-sig-arg">self</span>)</span><br />
      The pipe_from and pipe_to arg test of the sequence.copy() user 
      function.</td>
          <td align="right" valign="top">
            <span class="codelink"><a href="test_suite.unit_tests._prompt.test_sequence-pysrc.html#Test_sequence.test_copy_argfail_both_pipes">source&nbsp;code</a></span>
            
          </td>
        </tr>
      </table>
      
    </td>
  </tr>
<tr>
    <td width="15%" align="right" valign="top" class="summary">
      <span class="summary-type">&nbsp;</span>
    </td><td class="summary">
      <table width="100%" cellpadding="0" cellspacing="0" border="0">
        <tr>
          <td><span class="summary-sig"><a name="test_display_argfail_sep"></a><span class="summary-sig-name">test_display_argfail_sep</span>(<span class="summary-sig-arg">self</span>)</span><br />
      The proper failure of the sequence.display() user function for the 
      sep argument.</td>
          <td align="right" valign="top">
            <span class="codelink"><a href="test_suite.unit_tests._prompt.test_sequence-pysrc.html#Test_sequence.test_display_argfail_sep">source&nbsp;code</a></span>
            
          </td>
        </tr>
      </table>
      
    </td>
  </tr>
<tr>
    <td width="15%" align="right" valign="top" class="summary">
      <span class="summary-type">&nbsp;</span>
    </td><td class="summary">
      <table width="100%" cellpadding="0" cellspacing="0" border="0">
        <tr>
          <td><span class="summary-sig"><a name="test_display_argfail_mol_name_flag"></a><span class="summary-sig-name">test_display_argfail_mol_name_flag</span>(<span class="summary-sig-arg">self</span>)</span><br />
      The proper failure of the sequence.display() user function for the 
      mol_name_flag argument.</td>
          <td align="right" valign="top">
            <span class="codelink"><a href="test_suite.unit_tests._prompt.test_sequence-pysrc.html#Test_sequence.test_display_argfail_mol_name_flag">source&nbsp;code</a></span>
            
          </td>
        </tr>
      </table>
      
    </td>
  </tr>
<tr>
    <td width="15%" align="right" valign="top" class="summary">
      <span class="summary-type">&nbsp;</span>
    </td><td class="summary">
      <table width="100%" cellpadding="0" cellspacing="0" border="0">
        <tr>
          <td><span class="summary-sig"><a name="test_display_argfail_res_num_flag"></a><span class="summary-sig-name">test_display_argfail_res_num_flag</span>(<span class="summary-sig-arg">self</span>)</span><br />
      The proper failure of the sequence.display() user function for the 
      res_num_flag argument.</td>
          <td align="right" valign="top">
            <span class="codelink"><a href="test_suite.unit_tests._prompt.test_sequence-pysrc.html#Test_sequence.test_display_argfail_res_num_flag">source&nbsp;code</a></span>
            
          </td>
        </tr>
      </table>
      
    </td>
  </tr>
<tr>
    <td width="15%" align="right" valign="top" class="summary">
      <span class="summary-type">&nbsp;</span>
    </td><td class="summary">
      <table width="100%" cellpadding="0" cellspacing="0" border="0">
        <tr>
          <td><span class="summary-sig"><a name="test_display_argfail_res_name_flag"></a><span class="summary-sig-name">test_display_argfail_res_name_flag</span>(<span class="summary-sig-arg">self</span>)</span><br />
      The proper failure of the sequence.display() user function for the 
      res_name_flag argument.</td>
          <td align="right" valign="top">
            <span class="codelink"><a href="test_suite.unit_tests._prompt.test_sequence-pysrc.html#Test_sequence.test_display_argfail_res_name_flag">source&nbsp;code</a></span>
            
          </td>
        </tr>
      </table>
      
    </td>
  </tr>
<tr>
    <td width="15%" align="right" valign="top" class="summary">
      <span class="summary-type">&nbsp;</span>
    </td><td class="summary">
      <table width="100%" cellpadding="0" cellspacing="0" border="0">
        <tr>
          <td><span class="summary-sig"><a name="test_display_argfail_spin_num_flag"></a><span class="summary-sig-name">test_display_argfail_spin_num_flag</span>(<span class="summary-sig-arg">self</span>)</span><br />
      The proper failure of the sequence.display() user function for the 
      spin_num_flag argument.</td>
          <td align="right" valign="top">
            <span class="codelink"><a href="test_suite.unit_tests._prompt.test_sequence-pysrc.html#Test_sequence.test_display_argfail_spin_num_flag">source&nbsp;code</a></span>
            
          </td>
        </tr>
      </table>
      
    </td>
  </tr>
<tr>
    <td width="15%" align="right" valign="top" class="summary">
      <span class="summary-type">&nbsp;</span>
    </td><td class="summary">
      <table width="100%" cellpadding="0" cellspacing="0" border="0">
        <tr>
          <td><span class="summary-sig"><a name="test_display_argfail_spin_name_flag"></a><span class="summary-sig-name">test_display_argfail_spin_name_flag</span>(<span class="summary-sig-arg">self</span>)</span><br />
      The proper failure of the sequence.display() user function for the 
      spin_name_flag argument.</td>
          <td align="right" valign="top">
            <span class="codelink"><a href="test_suite.unit_tests._prompt.test_sequence-pysrc.html#Test_sequence.test_display_argfail_spin_name_flag">source&nbsp;code</a></span>
            
          </td>
        </tr>
      </table>
      
    </td>
  </tr>
<tr>
    <td width="15%" align="right" valign="top" class="summary">
      <span class="summary-type">&nbsp;</span>
    </td><td class="summary">
      <table width="100%" cellpadding="0" cellspacing="0" border="0">
        <tr>
          <td><span class="summary-sig"><a name="test_read_argfail_file"></a><span class="summary-sig-name">test_read_argfail_file</span>(<span class="summary-sig-arg">self</span>)</span><br />
      Test the proper failure of the sequence.read() user function for the 
      file argument.</td>
          <td align="right" valign="top">
            <span class="codelink"><a href="test_suite.unit_tests._prompt.test_sequence-pysrc.html#Test_sequence.test_read_argfail_file">source&nbsp;code</a></span>
            
          </td>
        </tr>
      </table>
      
    </td>
  </tr>
<tr>
    <td width="15%" align="right" valign="top" class="summary">
      <span class="summary-type">&nbsp;</span>
    </td><td class="summary">
      <table width="100%" cellpadding="0" cellspacing="0" border="0">
        <tr>
          <td><span class="summary-sig"><a name="test_read_argfail_dir"></a><span class="summary-sig-name">test_read_argfail_dir</span>(<span class="summary-sig-arg">self</span>)</span><br />
      Test the proper failure of the sequence.read() user function for the 
      dir argument.</td>
          <td align="right" valign="top">
            <span class="codelink"><a href="test_suite.unit_tests._prompt.test_sequence-pysrc.html#Test_sequence.test_read_argfail_dir">source&nbsp;code</a></span>
            
          </td>
        </tr>
      </table>
      
    </td>
  </tr>
<tr>
    <td width="15%" align="right" valign="top" class="summary">
      <span class="summary-type">&nbsp;</span>
    </td><td class="summary">
      <table width="100%" cellpadding="0" cellspacing="0" border="0">
        <tr>
          <td><span class="summary-sig"><a name="test_read_argfail_mol_name_col"></a><span class="summary-sig-name">test_read_argfail_mol_name_col</span>(<span class="summary-sig-arg">self</span>)</span><br />
      The proper failure of the sequence.read() user function for the 
      mol_name_col argument.</td>
          <td align="right" valign="top">
            <span class="codelink"><a href="test_suite.unit_tests._prompt.test_sequence-pysrc.html#Test_sequence.test_read_argfail_mol_name_col">source&nbsp;code</a></span>
            
          </td>
        </tr>
      </table>
      
    </td>
  </tr>
<tr>
    <td width="15%" align="right" valign="top" class="summary">
      <span class="summary-type">&nbsp;</span>
    </td><td class="summary">
      <table width="100%" cellpadding="0" cellspacing="0" border="0">
        <tr>
          <td><span class="summary-sig"><a name="test_read_argfail_res_num_col"></a><span class="summary-sig-name">test_read_argfail_res_num_col</span>(<span class="summary-sig-arg">self</span>)</span><br />
      The proper failure of the sequence.read() user function for the 
      res_num_col argument.</td>
          <td align="right" valign="top">
            <span class="codelink"><a href="test_suite.unit_tests._prompt.test_sequence-pysrc.html#Test_sequence.test_read_argfail_res_num_col">source&nbsp;code</a></span>
            
          </td>
        </tr>
      </table>
      
    </td>
  </tr>
<tr>
    <td width="15%" align="right" valign="top" class="summary">
      <span class="summary-type">&nbsp;</span>
    </td><td class="summary">
      <table width="100%" cellpadding="0" cellspacing="0" border="0">
        <tr>
          <td><span class="summary-sig"><a name="test_read_argfail_res_name_col"></a><span class="summary-sig-name">test_read_argfail_res_name_col</span>(<span class="summary-sig-arg">self</span>)</span><br />
      The proper failure of the sequence.read() user function for the 
      res_name_col argument.</td>
          <td align="right" valign="top">
            <span class="codelink"><a href="test_suite.unit_tests._prompt.test_sequence-pysrc.html#Test_sequence.test_read_argfail_res_name_col">source&nbsp;code</a></span>
            
          </td>
        </tr>
      </table>
      
    </td>
  </tr>
<tr>
    <td width="15%" align="right" valign="top" class="summary">
      <span class="summary-type">&nbsp;</span>
    </td><td class="summary">
      <table width="100%" cellpadding="0" cellspacing="0" border="0">
        <tr>
          <td><span class="summary-sig"><a name="test_read_argfail_spin_num_col"></a><span class="summary-sig-name">test_read_argfail_spin_num_col</span>(<span class="summary-sig-arg">self</span>)</span><br />
      The proper failure of the sequence.read() user function for the 
      spin_num_col argument.</td>
          <td align="right" valign="top">
            <span class="codelink"><a href="test_suite.unit_tests._prompt.test_sequence-pysrc.html#Test_sequence.test_read_argfail_spin_num_col">source&nbsp;code</a></span>
            
          </td>
        </tr>
      </table>
      
    </td>
  </tr>
<tr>
    <td width="15%" align="right" valign="top" class="summary">
      <span class="summary-type">&nbsp;</span>
    </td><td class="summary">
      <table width="100%" cellpadding="0" cellspacing="0" border="0">
        <tr>
          <td><span class="summary-sig"><a name="test_read_argfail_spin_name_col"></a><span class="summary-sig-name">test_read_argfail_spin_name_col</span>(<span class="summary-sig-arg">self</span>)</span><br />
      The proper failure of the sequence.read() user function for the 
      spin_name_col argument.</td>
          <td align="right" valign="top">
            <span class="codelink"><a href="test_suite.unit_tests._prompt.test_sequence-pysrc.html#Test_sequence.test_read_argfail_spin_name_col">source&nbsp;code</a></span>
            
          </td>
        </tr>
      </table>
      
    </td>
  </tr>
<tr>
    <td width="15%" align="right" valign="top" class="summary">
      <span class="summary-type">&nbsp;</span>
    </td><td class="summary">
      <table width="100%" cellpadding="0" cellspacing="0" border="0">
        <tr>
          <td><span class="summary-sig"><a name="test_read_argfail_sep"></a><span class="summary-sig-name">test_read_argfail_sep</span>(<span class="summary-sig-arg">self</span>)</span><br />
      The proper failure of the sequence.read() user function for the sep 
      argument.</td>
          <td align="right" valign="top">
            <span class="codelink"><a href="test_suite.unit_tests._prompt.test_sequence-pysrc.html#Test_sequence.test_read_argfail_sep">source&nbsp;code</a></span>
            
          </td>
        </tr>
      </table>
      
    </td>
  </tr>
<tr>
    <td width="15%" align="right" valign="top" class="summary">
      <span class="summary-type">&nbsp;</span>
    </td><td class="summary">
      <table width="100%" cellpadding="0" cellspacing="0" border="0">
        <tr>
          <td><span class="summary-sig"><a name="test_write_argfail_file"></a><span class="summary-sig-name">test_write_argfail_file</span>(<span class="summary-sig-arg">self</span>)</span><br />
      Test the proper failure of the sequence.write() user function for the
      file argument.</td>
          <td align="right" valign="top">
            <span class="codelink"><a href="test_suite.unit_tests._prompt.test_sequence-pysrc.html#Test_sequence.test_write_argfail_file">source&nbsp;code</a></span>
            
          </td>
        </tr>
      </table>
      
    </td>
  </tr>
<tr>
    <td width="15%" align="right" valign="top" class="summary">
      <span class="summary-type">&nbsp;</span>
    </td><td class="summary">
      <table width="100%" cellpadding="0" cellspacing="0" border="0">
        <tr>
          <td><span class="summary-sig"><a name="test_write_argfail_dir"></a><span class="summary-sig-name">test_write_argfail_dir</span>(<span class="summary-sig-arg">self</span>)</span><br />
      Test the proper failure of the sequence.write() user function for the
      dir argument.</td>
          <td align="right" valign="top">
            <span class="codelink"><a href="test_suite.unit_tests._prompt.test_sequence-pysrc.html#Test_sequence.test_write_argfail_dir">source&nbsp;code</a></span>
            
          </td>
        </tr>
      </table>
      
    </td>
  </tr>
<tr>
    <td width="15%" align="right" valign="top" class="summary">
      <span class="summary-type">&nbsp;</span>
    </td><td class="summary">
      <table width="100%" cellpadding="0" cellspacing="0" border="0">
        <tr>
          <td><span class="summary-sig"><a name="test_write_argfail_mol_name_flag"></a><span class="summary-sig-name">test_write_argfail_mol_name_flag</span>(<span class="summary-sig-arg">self</span>)</span><br />
      The proper failure of the sequence.write() user function for the 
      mol_name_flag argument.</td>
          <td align="right" valign="top">
            <span class="codelink"><a href="test_suite.unit_tests._prompt.test_sequence-pysrc.html#Test_sequence.test_write_argfail_mol_name_flag">source&nbsp;code</a></span>
            
          </td>
        </tr>
      </table>
      
    </td>
  </tr>
<tr>
    <td width="15%" align="right" valign="top" class="summary">
      <span class="summary-type">&nbsp;</span>
    </td><td class="summary">
      <table width="100%" cellpadding="0" cellspacing="0" border="0">
        <tr>
          <td><span class="summary-sig"><a name="test_write_argfail_res_num_flag"></a><span class="summary-sig-name">test_write_argfail_res_num_flag</span>(<span class="summary-sig-arg">self</span>)</span><br />
      The proper failure of the sequence.write() user function for the 
      res_num_flag argument.</td>
          <td align="right" valign="top">
            <span class="codelink"><a href="test_suite.unit_tests._prompt.test_sequence-pysrc.html#Test_sequence.test_write_argfail_res_num_flag">source&nbsp;code</a></span>
            
          </td>
        </tr>
      </table>
      
    </td>
  </tr>
<tr>
    <td width="15%" align="right" valign="top" class="summary">
      <span class="summary-type">&nbsp;</span>
    </td><td class="summary">
      <table width="100%" cellpadding="0" cellspacing="0" border="0">
        <tr>
          <td><span class="summary-sig"><a name="test_write_argfail_res_name_flag"></a><span class="summary-sig-name">test_write_argfail_res_name_flag</span>(<span class="summary-sig-arg">self</span>)</span><br />
      The proper failure of the sequence.write() user function for the 
      res_name_flag argument.</td>
          <td align="right" valign="top">
            <span class="codelink"><a href="test_suite.unit_tests._prompt.test_sequence-pysrc.html#Test_sequence.test_write_argfail_res_name_flag">source&nbsp;code</a></span>
            
          </td>
        </tr>
      </table>
      
    </td>
  </tr>
<tr>
    <td width="15%" align="right" valign="top" class="summary">
      <span class="summary-type">&nbsp;</span>
    </td><td class="summary">
      <table width="100%" cellpadding="0" cellspacing="0" border="0">
        <tr>
          <td><span class="summary-sig"><a name="test_write_argfail_spin_num_flag"></a><span class="summary-sig-name">test_write_argfail_spin_num_flag</span>(<span class="summary-sig-arg">self</span>)</span><br />
      The proper failure of the sequence.write() user function for the 
      spin_num_flag argument.</td>
          <td align="right" valign="top">
            <span class="codelink"><a href="test_suite.unit_tests._prompt.test_sequence-pysrc.html#Test_sequence.test_write_argfail_spin_num_flag">source&nbsp;code</a></span>
            
          </td>
        </tr>
      </table>
      
    </td>
  </tr>
<tr>
    <td width="15%" align="right" valign="top" class="summary">
      <span class="summary-type">&nbsp;</span>
    </td><td class="summary">
      <table width="100%" cellpadding="0" cellspacing="0" border="0">
        <tr>
          <td><span class="summary-sig"><a name="test_write_argfail_spin_name_flag"></a><span class="summary-sig-name">test_write_argfail_spin_name_flag</span>(<span class="summary-sig-arg">self</span>)</span><br />
      The proper failure of the sequence.write() user function for the 
      spin_name_flag argument.</td>
          <td align="right" valign="top">
            <span class="codelink"><a href="test_suite.unit_tests._prompt.test_sequence-pysrc.html#Test_sequence.test_write_argfail_spin_name_flag">source&nbsp;code</a></span>
            
          </td>
        </tr>
      </table>
      
    </td>
  </tr>
<tr>
    <td width="15%" align="right" valign="top" class="summary">
      <span class="summary-type">&nbsp;</span>
    </td><td class="summary">
      <table width="100%" cellpadding="0" cellspacing="0" border="0">
        <tr>
          <td><span class="summary-sig"><a name="test_write_argfail_sep"></a><span class="summary-sig-name">test_write_argfail_sep</span>(<span class="summary-sig-arg">self</span>)</span><br />
      The proper failure of the sequence.write() user function for the sep 
      argument.</td>
          <td align="right" valign="top">
            <span class="codelink"><a href="test_suite.unit_tests._prompt.test_sequence-pysrc.html#Test_sequence.test_write_argfail_sep">source&nbsp;code</a></span>
            
          </td>
        </tr>
      </table>
      
    </td>
  </tr>
<tr>
    <td width="15%" align="right" valign="top" class="summary">
      <span class="summary-type">&nbsp;</span>
    </td><td class="summary">
      <table width="100%" cellpadding="0" cellspacing="0" border="0">
        <tr>
          <td><span class="summary-sig"><a name="test_write_argfail_force"></a><span class="summary-sig-name">test_write_argfail_force</span>(<span class="summary-sig-arg">self</span>)</span><br />
      The force arg test of the sequence.write() user function.</td>
          <td align="right" valign="top">
            <span class="codelink"><a href="test_suite.unit_tests._prompt.test_sequence-pysrc.html#Test_sequence.test_write_argfail_force">source&nbsp;code</a></span>
            
          </td>
        </tr>
      </table>
      
    </td>
  </tr>
  <tr>
    <td colspan="2" class="summary">
    <p class="indent-wrapped-lines"><b>Inherited from <code><a href="test_suite.unit_tests.sequence_testing_base.Sequence_base_class-class.html">sequence_testing_base.Sequence_base_class</a></code></b>:
      <code><a href="test_suite.unit_tests.sequence_testing_base.Sequence_base_class-class.html#setUp">setUp</a></code>,
      <code><a href="test_suite.unit_tests.sequence_testing_base.Sequence_base_class-class.html#test_copy_protein_sequence">test_copy_protein_sequence</a></code>,
      <code><a href="test_suite.unit_tests.sequence_testing_base.Sequence_base_class-class.html#test_display_protein_sequence">test_display_protein_sequence</a></code>,
      <code><a href="test_suite.unit_tests.sequence_testing_base.Sequence_base_class-class.html#test_read_protein_noe_data">test_read_protein_noe_data</a></code>,
      <code><a href="test_suite.unit_tests.sequence_testing_base.Sequence_base_class-class.html#test_write_protein_sequence">test_write_protein_sequence</a></code>
      </p>
    <p class="indent-wrapped-lines"><b>Inherited from <code><a href="test_suite.unit_tests.base_classes.UnitTestCase-class.html">base_classes.UnitTestCase</a></code></b>:
      <code><a href="test_suite.unit_tests.base_classes.UnitTestCase-class.html#tearDown">tearDown</a></code>
      </p>
    <p class="indent-wrapped-lines"><b>Inherited from <code>unittest.case.TestCase</code></b>:
      <code>__call__</code>,
      <code>__eq__</code>,
      <code>__hash__</code>,
      <code>__ne__</code>,
      <code>__repr__</code>,
      <code>__str__</code>,
      <code>addCleanup</code>,
      <code>addTypeEqualityFunc</code>,
      <code>assertAlmostEqual</code>,
      <code>assertAlmostEquals</code>,
      <code>assertDictContainsSubset</code>,
      <code>assertDictEqual</code>,
      <code>assertEqual</code>,
      <code>assertEquals</code>,
      <code>assertFalse</code>,
      <code>assertGreater</code>,
      <code>assertGreaterEqual</code>,
      <code>assertIn</code>,
      <code>assertIs</code>,
      <code>assertIsInstance</code>,
      <code>assertIsNone</code>,
      <code>assertIsNot</code>,
      <code>assertIsNotNone</code>,
      <code>assertItemsEqual</code>,
      <code>assertLess</code>,
      <code>assertLessEqual</code>,
      <code>assertListEqual</code>,
      <code>assertMultiLineEqual</code>,
      <code>assertNotAlmostEqual</code>,
      <code>assertNotAlmostEquals</code>,
      <code>assertNotEqual</code>,
      <code>assertNotEquals</code>,
      <code>assertNotIn</code>,
      <code>assertNotIsInstance</code>,
      <code>assertNotRegexpMatches</code>,
      <code>assertRaises</code>,
      <code>assertRaisesRegexp</code>,
      <code>assertRegexpMatches</code>,
      <code>assertSequenceEqual</code>,
      <code>assertSetEqual</code>,
      <code>assertTrue</code>,
      <code>assertTupleEqual</code>,
      <code>assert_</code>,
      <code>countTestCases</code>,
      <code>debug</code>,
      <code>defaultTestResult</code>,
      <code>doCleanups</code>,
      <code>fail</code>,
      <code>failIf</code>,
      <code>failIfAlmostEqual</code>,
      <code>failIfEqual</code>,
      <code>failUnless</code>,
      <code>failUnlessAlmostEqual</code>,
      <code>failUnlessEqual</code>,
      <code>failUnlessRaises</code>,
      <code>id</code>,
      <code>run</code>,
      <code>shortDescription</code>,
      <code>skipTest</code>
      </p>
    <div class="private">    <p class="indent-wrapped-lines"><b>Inherited from <code>unittest.case.TestCase</code></b> (private):
      <code>_addSkip</code>,
      <code>_baseAssertEqual</code>,
      <code>_deprecate</code>,
      <code>_formatMessage</code>,
      <code>_getAssertEqualityFunc</code>,
      <code>_truncateMessage</code>
      </p></div>
    <p class="indent-wrapped-lines"><b>Inherited from <code>object</code></b>:
      <code>__delattr__</code>,
      <code>__format__</code>,
      <code>__getattribute__</code>,
      <code>__new__</code>,
      <code>__reduce__</code>,
      <code>__reduce_ex__</code>,
      <code>__setattr__</code>,
      <code>__sizeof__</code>,
      <code>__subclasshook__</code>
      </p>
    </td>
  </tr>
</table>
<!-- ==================== CLASS METHODS ==================== -->
<a name="section-ClassMethods"></a>
<table class="summary" border="1" cellpadding="3"
       cellspacing="0" width="100%" bgcolor="white">
<tr bgcolor="#70b0f0" class="table-header">
  <td colspan="2" class="table-header">
    <table border="0" cellpadding="0" cellspacing="0" width="100%">
      <tr valign="top">
        <td align="left"><span class="table-header">Class Methods</span></td>
        <td align="right" valign="top"
         ><span class="options">[<a href="#section-ClassMethods"
         class="privatelink" onclick="toggle_private();"
         >hide private</a>]</span></td>
      </tr>
    </table>
  </td>
</tr>
  <tr>
    <td colspan="2" class="summary">
    <p class="indent-wrapped-lines"><b>Inherited from <code>unittest.case.TestCase</code></b>:
      <code>setUpClass</code>,
      <code>tearDownClass</code>
      </p>
    </td>
  </tr>
</table>
<!-- ==================== CLASS VARIABLES ==================== -->
<a name="section-ClassVariables"></a>
<table class="summary" border="1" cellpadding="3"
       cellspacing="0" width="100%" bgcolor="white">
<tr bgcolor="#70b0f0" class="table-header">
  <td colspan="2" class="table-header">
    <table border="0" cellpadding="0" cellspacing="0" width="100%">
      <tr valign="top">
        <td align="left"><span class="table-header">Class Variables</span></td>
        <td align="right" valign="top"
         ><span class="options">[<a href="#section-ClassVariables"
         class="privatelink" onclick="toggle_private();"
         >hide private</a>]</span></td>
      </tr>
    </table>
  </td>
</tr>
  <tr>
    <td colspan="2" class="summary">
    <p class="indent-wrapped-lines"><b>Inherited from <code>unittest.case.TestCase</code></b>:
      <code>longMessage</code>,
      <code>maxDiff</code>
      </p>
    <div class="private">    <p class="indent-wrapped-lines"><b>Inherited from <code>unittest.case.TestCase</code></b> (private):
      <code>_classSetupFailed</code>,
      <code>_diffThreshold</code>
      </p></div>
    </td>
  </tr>
</table>
<!-- ==================== PROPERTIES ==================== -->
<a name="section-Properties"></a>
<table class="summary" border="1" cellpadding="3"
       cellspacing="0" width="100%" bgcolor="white">
<tr bgcolor="#70b0f0" class="table-header">
  <td colspan="2" class="table-header">
    <table border="0" cellpadding="0" cellspacing="0" width="100%">
      <tr valign="top">
        <td align="left"><span class="table-header">Properties</span></td>
        <td align="right" valign="top"
         ><span class="options">[<a href="#section-Properties"
         class="privatelink" onclick="toggle_private();"
         >hide private</a>]</span></td>
      </tr>
    </table>
  </td>
</tr>
  <tr>
    <td colspan="2" class="summary">
    <p class="indent-wrapped-lines"><b>Inherited from <code>object</code></b>:
      <code>__class__</code>
      </p>
    </td>
  </tr>
</table>
<!-- ==================== METHOD DETAILS ==================== -->
<a name="section-MethodDetails"></a>
<table class="details" border="1" cellpadding="3"
       cellspacing="0" width="100%" bgcolor="white">
<tr bgcolor="#70b0f0" class="table-header">
  <td colspan="2" class="table-header">
    <table border="0" cellpadding="0" cellspacing="0" width="100%">
      <tr valign="top">
        <td align="left"><span class="table-header">Method Details</span></td>
        <td align="right" valign="top"
         ><span class="options">[<a href="#section-MethodDetails"
         class="privatelink" onclick="toggle_private();"
         >hide private</a>]</span></td>
      </tr>
    </table>
  </td>
</tr>
</table>
<a name="__init__"></a>
<div>
<table class="details" border="1" cellpadding="3"
       cellspacing="0" width="100%" bgcolor="white">
<tr><td>
  <table width="100%" cellpadding="0" cellspacing="0" border="0">
  <tr valign="top"><td>
  <h3 class="epydoc"><span class="sig"><span class="sig-name">__init__</span>(<span class="sig-arg">self</span>,
        <span class="sig-arg">methodName</span>=<span class="sig-default">None</span>)</span>
    <br /><em class="fname">(Constructor)</em>
  </h3>
  </td><td align="right" valign="top"
    ><span class="codelink"><a href="test_suite.unit_tests._prompt.test_sequence-pysrc.html#Test_sequence.__init__">source&nbsp;code</a></span>&nbsp;
    </td>
  </tr></table>
  
  <p>Set up the test case class for the system tests.</p>
  <dl class="fields">
    <dt>Overrides:
        object.__init__
    </dt>
  </dl>
</td></tr></table>
</div>
<br />
<!-- ==================== NAVIGATION BAR ==================== -->
<table class="navbar" border="0" width="100%" cellpadding="0"
       bgcolor="#a0c0ff" cellspacing="0">
  <tr valign="middle">

  <!-- Tree link -->
      <th>&nbsp;&nbsp;&nbsp;<a
        href="module-tree.html">Trees</a>&nbsp;&nbsp;&nbsp;</th>

  <!-- Index link -->
      <th>&nbsp;&nbsp;&nbsp;<a
        href="identifier-index.html">Indices</a>&nbsp;&nbsp;&nbsp;</th>

  <!-- Help link -->
      <th>&nbsp;&nbsp;&nbsp;<a
        href="help.html">Help</a>&nbsp;&nbsp;&nbsp;</th>

  <!-- Project homepage -->
      <th class="navbar" align="right" width="100%">
        <table border="0" cellpadding="0" cellspacing="0">
          <tr><th class="navbar" align="center"
            ><a class="navbar" target="_top" href="http://www.nmr-relax.com">relax</a></th>
          </tr></table></th>
  </tr>
</table>
<table border="0" cellpadding="0" cellspacing="0" width="100%%">
  <tr>
    <td align="left" class="footer">
    Generated by Epydoc 3.0.1 on Thu Oct  9 11:53:32 2014
    </td>
    <td align="right" class="footer">
      <a target="mainFrame" href="http://epydoc.sourceforge.net"
        >http://epydoc.sourceforge.net</a>
    </td>
  </tr>
</table>

<script type="text/javascript">
  <!--
  // Private objects are initially displayed (because if
  // javascript is turned off then we want them to be
  // visible); but by default, we want to hide them.  So hide
  // them unless we have a cookie that says to show them.
  checkCookie();
  // -->
</script>
</body>
</html>
